Start testing: Jul 01 13:43 中国标准时间
----------------------------------------------------------
1/93 Testing: ValueIdentityTest.SameDisplayNameDifferentIdentity
1/93 Test: ValueIdentityTest.SameDisplayNameDifferentIdentity
Command: "E:/TOYC/artifacts/independent_audit/build_r1/ir_model_test.exe" "--gtest_filter=ValueIdentityTest.SameDisplayNameDifferentIdentity" "--gtest_also_run_disabled_tests"
Directory: E:/TOYC/artifacts/independent_audit/build_r1
"ValueIdentityTest.SameDisplayNameDifferentIdentity" start time: Jul 01 13:43 中国标准时间
Output:
----------------------------------------------------------
Running main() from E:/TOYC/artifacts/independent_audit/build_r1/_deps/googletest-src/googletest/src/gtest_main.cc
Note: Google Test filter = ValueIdentityTest.SameDisplayNameDifferentIdentity
[==========] Running 1 test from 1 test suite.
[----------] Global test environment set-up.
[----------] 1 test from ValueIdentityTest
[ RUN      ] ValueIdentityTest.SameDisplayNameDifferentIdentity
[       OK ] ValueIdentityTest.SameDisplayNameDifferentIdentity (0 ms)
[----------] 1 test from ValueIdentityTest (0 ms total)

[----------] Global test environment tear-down
[==========] 1 test from 1 test suite ran. (0 ms total)
[  PASSED  ] 1 test.
<end of output>
Test time =   0.03 sec
----------------------------------------------------------
Test Passed.
"ValueIdentityTest.SameDisplayNameDifferentIdentity" end time: Jul 01 13:43 中国标准时间
"ValueIdentityTest.SameDisplayNameDifferentIdentity" time elapsed: 00:00:00
----------------------------------------------------------

2/93 Testing: ValueIdentityTest.LocalVarIdentity
2/93 Test: ValueIdentityTest.LocalVarIdentity
Command: "E:/TOYC/artifacts/independent_audit/build_r1/ir_model_test.exe" "--gtest_filter=ValueIdentityTest.LocalVarIdentity" "--gtest_also_run_disabled_tests"
Directory: E:/TOYC/artifacts/independent_audit/build_r1
"ValueIdentityTest.LocalVarIdentity" start time: Jul 01 13:43 中国标准时间
Output:
----------------------------------------------------------
Running main() from E:/TOYC/artifacts/independent_audit/build_r1/_deps/googletest-src/googletest/src/gtest_main.cc
Note: Google Test filter = ValueIdentityTest.LocalVarIdentity
[==========] Running 1 test from 1 test suite.
[----------] Global test environment set-up.
[----------] 1 test from ValueIdentityTest
[ RUN      ] ValueIdentityTest.LocalVarIdentity
[       OK ] ValueIdentityTest.LocalVarIdentity (0 ms)
[----------] 1 test from ValueIdentityTest (0 ms total)

[----------] Global test environment tear-down
[==========] 1 test from 1 test suite ran. (0 ms total)
[  PASSED  ] 1 test.
<end of output>
Test time =   0.02 sec
----------------------------------------------------------
Test Passed.
"ValueIdentityTest.LocalVarIdentity" end time: Jul 01 13:43 中国标准时间
"ValueIdentityTest.LocalVarIdentity" time elapsed: 00:00:00
----------------------------------------------------------

3/93 Testing: UseDefTest.AllocaProducesNoOperands
3/93 Test: UseDefTest.AllocaProducesNoOperands
Command: "E:/TOYC/artifacts/independent_audit/build_r1/ir_model_test.exe" "--gtest_filter=UseDefTest.AllocaProducesNoOperands" "--gtest_also_run_disabled_tests"
Directory: E:/TOYC/artifacts/independent_audit/build_r1
"UseDefTest.AllocaProducesNoOperands" start time: Jul 01 13:43 中国标准时间
Output:
----------------------------------------------------------
Running main() from E:/TOYC/artifacts/independent_audit/build_r1/_deps/googletest-src/googletest/src/gtest_main.cc
Note: Google Test filter = UseDefTest.AllocaProducesNoOperands
[==========] Running 1 test from 1 test suite.
[----------] Global test environment set-up.
[----------] 1 test from UseDefTest
[ RUN      ] UseDefTest.AllocaProducesNoOperands
[       OK ] UseDefTest.AllocaProducesNoOperands (0 ms)
[----------] 1 test from UseDefTest (0 ms total)

[----------] Global test environment tear-down
[==========] 1 test from 1 test suite ran. (0 ms total)
[  PASSED  ] 1 test.
<end of output>
Test time =   0.02 sec
----------------------------------------------------------
Test Passed.
"UseDefTest.AllocaProducesNoOperands" end time: Jul 01 13:43 中国标准时间
"UseDefTest.AllocaProducesNoOperands" time elapsed: 00:00:00
----------------------------------------------------------

4/93 Testing: UseDefTest.LoadOperands
4/93 Test: UseDefTest.LoadOperands
Command: "E:/TOYC/artifacts/independent_audit/build_r1/ir_model_test.exe" "--gtest_filter=UseDefTest.LoadOperands" "--gtest_also_run_disabled_tests"
Directory: E:/TOYC/artifacts/independent_audit/build_r1
"UseDefTest.LoadOperands" start time: Jul 01 13:43 中国标准时间
Output:
----------------------------------------------------------
Running main() from E:/TOYC/artifacts/independent_audit/build_r1/_deps/googletest-src/googletest/src/gtest_main.cc
Note: Google Test filter = UseDefTest.LoadOperands
[==========] Running 1 test from 1 test suite.
[----------] Global test environment set-up.
[----------] 1 test from UseDefTest
[ RUN      ] UseDefTest.LoadOperands
[       OK ] UseDefTest.LoadOperands (0 ms)
[----------] 1 test from UseDefTest (0 ms total)

[----------] Global test environment tear-down
[==========] 1 test from 1 test suite ran. (0 ms total)
[  PASSED  ] 1 test.
<end of output>
Test time =   0.02 sec
----------------------------------------------------------
Test Passed.
"UseDefTest.LoadOperands" end time: Jul 01 13:43 中国标准时间
"UseDefTest.LoadOperands" time elapsed: 00:00:00
----------------------------------------------------------

5/93 Testing: UseDefTest.StoreOperands
5/93 Test: UseDefTest.StoreOperands
Command: "E:/TOYC/artifacts/independent_audit/build_r1/ir_model_test.exe" "--gtest_filter=UseDefTest.StoreOperands" "--gtest_also_run_disabled_tests"
Directory: E:/TOYC/artifacts/independent_audit/build_r1
"UseDefTest.StoreOperands" start time: Jul 01 13:43 中国标准时间
Output:
----------------------------------------------------------
Running main() from E:/TOYC/artifacts/independent_audit/build_r1/_deps/googletest-src/googletest/src/gtest_main.cc
Note: Google Test filter = UseDefTest.StoreOperands
[==========] Running 1 test from 1 test suite.
[----------] Global test environment set-up.
[----------] 1 test from UseDefTest
[ RUN      ] UseDefTest.StoreOperands
[       OK ] UseDefTest.StoreOperands (0 ms)
[----------] 1 test from UseDefTest (0 ms total)

[----------] Global test environment tear-down
[==========] 1 test from 1 test suite ran. (0 ms total)
[  PASSED  ] 1 test.
<end of output>
Test time =   0.02 sec
----------------------------------------------------------
Test Passed.
"UseDefTest.StoreOperands" end time: Jul 01 13:43 中国标准时间
"UseDefTest.StoreOperands" time elapsed: 00:00:00
----------------------------------------------------------

6/93 Testing: UseDefTest.BinaryOpOperands
6/93 Test: UseDefTest.BinaryOpOperands
Command: "E:/TOYC/artifacts/independent_audit/build_r1/ir_model_test.exe" "--gtest_filter=UseDefTest.BinaryOpOperands" "--gtest_also_run_disabled_tests"
Directory: E:/TOYC/artifacts/independent_audit/build_r1
"UseDefTest.BinaryOpOperands" start time: Jul 01 13:43 中国标准时间
Output:
----------------------------------------------------------
Running main() from E:/TOYC/artifacts/independent_audit/build_r1/_deps/googletest-src/googletest/src/gtest_main.cc
Note: Google Test filter = UseDefTest.BinaryOpOperands
[==========] Running 1 test from 1 test suite.
[----------] Global test environment set-up.
[----------] 1 test from UseDefTest
[ RUN      ] UseDefTest.BinaryOpOperands
[       OK ] UseDefTest.BinaryOpOperands (0 ms)
[----------] 1 test from UseDefTest (0 ms total)

[----------] Global test environment tear-down
[==========] 1 test from 1 test suite ran. (0 ms total)
[  PASSED  ] 1 test.
<end of output>
Test time =   0.02 sec
----------------------------------------------------------
Test Passed.
"UseDefTest.BinaryOpOperands" end time: Jul 01 13:43 中国标准时间
"UseDefTest.BinaryOpOperands" time elapsed: 00:00:00
----------------------------------------------------------

7/93 Testing: UseDefTest.CallOperands
7/93 Test: UseDefTest.CallOperands
Command: "E:/TOYC/artifacts/independent_audit/build_r1/ir_model_test.exe" "--gtest_filter=UseDefTest.CallOperands" "--gtest_also_run_disabled_tests"
Directory: E:/TOYC/artifacts/independent_audit/build_r1
"UseDefTest.CallOperands" start time: Jul 01 13:43 中国标准时间
Output:
----------------------------------------------------------
Running main() from E:/TOYC/artifacts/independent_audit/build_r1/_deps/googletest-src/googletest/src/gtest_main.cc
Note: Google Test filter = UseDefTest.CallOperands
[==========] Running 1 test from 1 test suite.
[----------] Global test environment set-up.
[----------] 1 test from UseDefTest
[ RUN      ] UseDefTest.CallOperands
[       OK ] UseDefTest.CallOperands (0 ms)
[----------] 1 test from UseDefTest (0 ms total)

[----------] Global test environment tear-down
[==========] 1 test from 1 test suite ran. (0 ms total)
[  PASSED  ] 1 test.
<end of output>
Test time =   0.02 sec
----------------------------------------------------------
Test Passed.
"UseDefTest.CallOperands" end time: Jul 01 13:43 中国标准时间
"UseDefTest.CallOperands" time elapsed: 00:00:00
----------------------------------------------------------

8/93 Testing: UseDefTest.PhiOperands
8/93 Test: UseDefTest.PhiOperands
Command: "E:/TOYC/artifacts/independent_audit/build_r1/ir_model_test.exe" "--gtest_filter=UseDefTest.PhiOperands" "--gtest_also_run_disabled_tests"
Directory: E:/TOYC/artifacts/independent_audit/build_r1
"UseDefTest.PhiOperands" start time: Jul 01 13:43 中国标准时间
Output:
----------------------------------------------------------
Running main() from E:/TOYC/artifacts/independent_audit/build_r1/_deps/googletest-src/googletest/src/gtest_main.cc
Note: Google Test filter = UseDefTest.PhiOperands
[==========] Running 1 test from 1 test suite.
[----------] Global test environment set-up.
[----------] 1 test from UseDefTest
[ RUN      ] UseDefTest.PhiOperands
[       OK ] UseDefTest.PhiOperands (0 ms)
[----------] 1 test from UseDefTest (0 ms total)

[----------] Global test environment tear-down
[==========] 1 test from 1 test suite ran. (0 ms total)
[  PASSED  ] 1 test.
<end of output>
Test time =   0.02 sec
----------------------------------------------------------
Test Passed.
"UseDefTest.PhiOperands" end time: Jul 01 13:43 中国标准时间
"UseDefTest.PhiOperands" time elapsed: 00:00:00
----------------------------------------------------------

9/93 Testing: UseDefTest.BranchHasNoOperands
9/93 Test: UseDefTest.BranchHasNoOperands
Command: "E:/TOYC/artifacts/independent_audit/build_r1/ir_model_test.exe" "--gtest_filter=UseDefTest.BranchHasNoOperands" "--gtest_also_run_disabled_tests"
Directory: E:/TOYC/artifacts/independent_audit/build_r1
"UseDefTest.BranchHasNoOperands" start time: Jul 01 13:43 中国标准时间
Output:
----------------------------------------------------------
Running main() from E:/TOYC/artifacts/independent_audit/build_r1/_deps/googletest-src/googletest/src/gtest_main.cc
Note: Google Test filter = UseDefTest.BranchHasNoOperands
[==========] Running 1 test from 1 test suite.
[----------] Global test environment set-up.
[----------] 1 test from UseDefTest
[ RUN      ] UseDefTest.BranchHasNoOperands
[       OK ] UseDefTest.BranchHasNoOperands (0 ms)
[----------] 1 test from UseDefTest (0 ms total)

[----------] Global test environment tear-down
[==========] 1 test from 1 test suite ran. (0 ms total)
[  PASSED  ] 1 test.
<end of output>
Test time =   0.02 sec
----------------------------------------------------------
Test Passed.
"UseDefTest.BranchHasNoOperands" end time: Jul 01 13:43 中国标准时间
"UseDefTest.BranchHasNoOperands" time elapsed: 00:00:00
----------------------------------------------------------

10/93 Testing: UseDefTest.CondBranchOperands
10/93 Test: UseDefTest.CondBranchOperands
Command: "E:/TOYC/artifacts/independent_audit/build_r1/ir_model_test.exe" "--gtest_filter=UseDefTest.CondBranchOperands" "--gtest_also_run_disabled_tests"
Directory: E:/TOYC/artifacts/independent_audit/build_r1
"UseDefTest.CondBranchOperands" start time: Jul 01 13:43 中国标准时间
Output:
----------------------------------------------------------
Running main() from E:/TOYC/artifacts/independent_audit/build_r1/_deps/googletest-src/googletest/src/gtest_main.cc
Note: Google Test filter = UseDefTest.CondBranchOperands
[==========] Running 1 test from 1 test suite.
[----------] Global test environment set-up.
[----------] 1 test from UseDefTest
[ RUN      ] UseDefTest.CondBranchOperands
[       OK ] UseDefTest.CondBranchOperands (0 ms)
[----------] 1 test from UseDefTest (0 ms total)

[----------] Global test environment tear-down
[==========] 1 test from 1 test suite ran. (0 ms total)
[  PASSED  ] 1 test.
<end of output>
Test time =   0.02 sec
----------------------------------------------------------
Test Passed.
"UseDefTest.CondBranchOperands" end time: Jul 01 13:43 中国标准时间
"UseDefTest.CondBranchOperands" time elapsed: 00:00:00
----------------------------------------------------------

11/93 Testing: UseDefTest.ReturnOperands
11/93 Test: UseDefTest.ReturnOperands
Command: "E:/TOYC/artifacts/independent_audit/build_r1/ir_model_test.exe" "--gtest_filter=UseDefTest.ReturnOperands" "--gtest_also_run_disabled_tests"
Directory: E:/TOYC/artifacts/independent_audit/build_r1
"UseDefTest.ReturnOperands" start time: Jul 01 13:43 中国标准时间
Output:
----------------------------------------------------------
Running main() from E:/TOYC/artifacts/independent_audit/build_r1/_deps/googletest-src/googletest/src/gtest_main.cc
Note: Google Test filter = UseDefTest.ReturnOperands
[==========] Running 1 test from 1 test suite.
[----------] Global test environment set-up.
[----------] 1 test from UseDefTest
[ RUN      ] UseDefTest.ReturnOperands
[       OK ] UseDefTest.ReturnOperands (0 ms)
[----------] 1 test from UseDefTest (0 ms total)

[----------] Global test environment tear-down
[==========] 1 test from 1 test suite ran. (0 ms total)
[  PASSED  ] 1 test.
<end of output>
Test time =   0.02 sec
----------------------------------------------------------
Test Passed.
"UseDefTest.ReturnOperands" end time: Jul 01 13:43 中国标准时间
"UseDefTest.ReturnOperands" time elapsed: 00:00:00
----------------------------------------------------------

12/93 Testing: UseDefTest.VoidReturnHasNoOperands
12/93 Test: UseDefTest.VoidReturnHasNoOperands
Command: "E:/TOYC/artifacts/independent_audit/build_r1/ir_model_test.exe" "--gtest_filter=UseDefTest.VoidReturnHasNoOperands" "--gtest_also_run_disabled_tests"
Directory: E:/TOYC/artifacts/independent_audit/build_r1
"UseDefTest.VoidReturnHasNoOperands" start time: Jul 01 13:43 中国标准时间
Output:
----------------------------------------------------------
Running main() from E:/TOYC/artifacts/independent_audit/build_r1/_deps/googletest-src/googletest/src/gtest_main.cc
Note: Google Test filter = UseDefTest.VoidReturnHasNoOperands
[==========] Running 1 test from 1 test suite.
[----------] Global test environment set-up.
[----------] 1 test from UseDefTest
[ RUN      ] UseDefTest.VoidReturnHasNoOperands
[       OK ] UseDefTest.VoidReturnHasNoOperands (0 ms)
[----------] 1 test from UseDefTest (0 ms total)

[----------] Global test environment tear-down
[==========] 1 test from 1 test suite ran. (0 ms total)
[  PASSED  ] 1 test.
<end of output>
Test time =   0.02 sec
----------------------------------------------------------
Test Passed.
"UseDefTest.VoidReturnHasNoOperands" end time: Jul 01 13:43 中国标准时间
"UseDefTest.VoidReturnHasNoOperands" time elapsed: 00:00:00
----------------------------------------------------------

13/93 Testing: UseDefTest.LoadImmOperands
13/93 Test: UseDefTest.LoadImmOperands
Command: "E:/TOYC/artifacts/independent_audit/build_r1/ir_model_test.exe" "--gtest_filter=UseDefTest.LoadImmOperands" "--gtest_also_run_disabled_tests"
Directory: E:/TOYC/artifacts/independent_audit/build_r1
"UseDefTest.LoadImmOperands" start time: Jul 01 13:43 中国标准时间
Output:
----------------------------------------------------------
Running main() from E:/TOYC/artifacts/independent_audit/build_r1/_deps/googletest-src/googletest/src/gtest_main.cc
Note: Google Test filter = UseDefTest.LoadImmOperands
[==========] Running 1 test from 1 test suite.
[----------] Global test environment set-up.
[----------] 1 test from UseDefTest
[ RUN      ] UseDefTest.LoadImmOperands
[       OK ] UseDefTest.LoadImmOperands (0 ms)
[----------] 1 test from UseDefTest (0 ms total)

[----------] Global test environment tear-down
[==========] 1 test from 1 test suite ran. (0 ms total)
[  PASSED  ] 1 test.
<end of output>
Test time =   0.02 sec
----------------------------------------------------------
Test Passed.
"UseDefTest.LoadImmOperands" end time: Jul 01 13:43 中国标准时间
"UseDefTest.LoadImmOperands" time elapsed: 00:00:00
----------------------------------------------------------

14/93 Testing: PrinterStabilityTest.SameFixturePrintsIdentically
14/93 Test: PrinterStabilityTest.SameFixturePrintsIdentically
Command: "E:/TOYC/artifacts/independent_audit/build_r1/ir_model_test.exe" "--gtest_filter=PrinterStabilityTest.SameFixturePrintsIdentically" "--gtest_also_run_disabled_tests"
Directory: E:/TOYC/artifacts/independent_audit/build_r1
"PrinterStabilityTest.SameFixturePrintsIdentically" start time: Jul 01 13:43 中国标准时间
Output:
----------------------------------------------------------
Running main() from E:/TOYC/artifacts/independent_audit/build_r1/_deps/googletest-src/googletest/src/gtest_main.cc
Note: Google Test filter = PrinterStabilityTest.SameFixturePrintsIdentically
[==========] Running 1 test from 1 test suite.
[----------] Global test environment set-up.
[----------] 1 test from PrinterStabilityTest
[ RUN      ] PrinterStabilityTest.SameFixturePrintsIdentically
[       OK ] PrinterStabilityTest.SameFixturePrintsIdentically (0 ms)
[----------] 1 test from PrinterStabilityTest (0 ms total)

[----------] Global test environment tear-down
[==========] 1 test from 1 test suite ran. (0 ms total)
[  PASSED  ] 1 test.
<end of output>
Test time =   0.02 sec
----------------------------------------------------------
Test Passed.
"PrinterStabilityTest.SameFixturePrintsIdentically" end time: Jul 01 13:43 中国标准时间
"PrinterStabilityTest.SameFixturePrintsIdentically" time elapsed: 00:00:00
----------------------------------------------------------

15/93 Testing: OwnershipLifetimeTest.ModuleDestructionNoErrors
15/93 Test: OwnershipLifetimeTest.ModuleDestructionNoErrors
Command: "E:/TOYC/artifacts/independent_audit/build_r1/ir_model_test.exe" "--gtest_filter=OwnershipLifetimeTest.ModuleDestructionNoErrors" "--gtest_also_run_disabled_tests"
Directory: E:/TOYC/artifacts/independent_audit/build_r1
"OwnershipLifetimeTest.ModuleDestructionNoErrors" start time: Jul 01 13:43 中国标准时间
Output:
----------------------------------------------------------
Running main() from E:/TOYC/artifacts/independent_audit/build_r1/_deps/googletest-src/googletest/src/gtest_main.cc
Note: Google Test filter = OwnershipLifetimeTest.ModuleDestructionNoErrors
[==========] Running 1 test from 1 test suite.
[----------] Global test environment set-up.
[----------] 1 test from OwnershipLifetimeTest
[ RUN      ] OwnershipLifetimeTest.ModuleDestructionNoErrors
[       OK ] OwnershipLifetimeTest.ModuleDestructionNoErrors (0 ms)
[----------] 1 test from OwnershipLifetimeTest (0 ms total)

[----------] Global test environment tear-down
[==========] 1 test from 1 test suite ran. (0 ms total)
[  PASSED  ] 1 test.
<end of output>
Test time =   0.02 sec
----------------------------------------------------------
Test Passed.
"OwnershipLifetimeTest.ModuleDestructionNoErrors" end time: Jul 01 13:43 中国标准时间
"OwnershipLifetimeTest.ModuleDestructionNoErrors" time elapsed: 00:00:00
----------------------------------------------------------

16/93 Testing: CFGBranchTest.CondBranchHasTwoSuccessors
16/93 Test: CFGBranchTest.CondBranchHasTwoSuccessors
Command: "E:/TOYC/artifacts/independent_audit/build_r1/cfg_test.exe" "--gtest_filter=CFGBranchTest.CondBranchHasTwoSuccessors" "--gtest_also_run_disabled_tests"
Directory: E:/TOYC/artifacts/independent_audit/build_r1
"CFGBranchTest.CondBranchHasTwoSuccessors" start time: Jul 01 13:43 中国标准时间
Output:
----------------------------------------------------------
Running main() from E:/TOYC/artifacts/independent_audit/build_r1/_deps/googletest-src/googletest/src/gtest_main.cc
Note: Google Test filter = CFGBranchTest.CondBranchHasTwoSuccessors
[==========] Running 1 test from 1 test suite.
[----------] Global test environment set-up.
[----------] 1 test from CFGBranchTest
[ RUN      ] CFGBranchTest.CondBranchHasTwoSuccessors
[       OK ] CFGBranchTest.CondBranchHasTwoSuccessors (0 ms)
[----------] 1 test from CFGBranchTest (0 ms total)

[----------] Global test environment tear-down
[==========] 1 test from 1 test suite ran. (0 ms total)
[  PASSED  ] 1 test.
<end of output>
Test time =   0.03 sec
----------------------------------------------------------
Test Passed.
"CFGBranchTest.CondBranchHasTwoSuccessors" end time: Jul 01 13:43 中国标准时间
"CFGBranchTest.CondBranchHasTwoSuccessors" time elapsed: 00:00:00
----------------------------------------------------------

17/93 Testing: CFGBranchTest.BranchHasOneSuccessor
17/93 Test: CFGBranchTest.BranchHasOneSuccessor
Command: "E:/TOYC/artifacts/independent_audit/build_r1/cfg_test.exe" "--gtest_filter=CFGBranchTest.BranchHasOneSuccessor" "--gtest_also_run_disabled_tests"
Directory: E:/TOYC/artifacts/independent_audit/build_r1
"CFGBranchTest.BranchHasOneSuccessor" start time: Jul 01 13:43 中国标准时间
Output:
----------------------------------------------------------
Running main() from E:/TOYC/artifacts/independent_audit/build_r1/_deps/googletest-src/googletest/src/gtest_main.cc
Note: Google Test filter = CFGBranchTest.BranchHasOneSuccessor
[==========] Running 1 test from 1 test suite.
[----------] Global test environment set-up.
[----------] 1 test from CFGBranchTest
[ RUN      ] CFGBranchTest.BranchHasOneSuccessor
[       OK ] CFGBranchTest.BranchHasOneSuccessor (0 ms)
[----------] 1 test from CFGBranchTest (0 ms total)

[----------] Global test environment tear-down
[==========] 1 test from 1 test suite ran. (0 ms total)
[  PASSED  ] 1 test.
<end of output>
Test time =   0.02 sec
----------------------------------------------------------
Test Passed.
"CFGBranchTest.BranchHasOneSuccessor" end time: Jul 01 13:43 中国标准时间
"CFGBranchTest.BranchHasOneSuccessor" time elapsed: 00:00:00
----------------------------------------------------------

18/93 Testing: CFGBranchTest.ReturnBlockHasNoSuccessors
18/93 Test: CFGBranchTest.ReturnBlockHasNoSuccessors
Command: "E:/TOYC/artifacts/independent_audit/build_r1/cfg_test.exe" "--gtest_filter=CFGBranchTest.ReturnBlockHasNoSuccessors" "--gtest_also_run_disabled_tests"
Directory: E:/TOYC/artifacts/independent_audit/build_r1
"CFGBranchTest.ReturnBlockHasNoSuccessors" start time: Jul 01 13:43 中国标准时间
Output:
----------------------------------------------------------
Running main() from E:/TOYC/artifacts/independent_audit/build_r1/_deps/googletest-src/googletest/src/gtest_main.cc
Note: Google Test filter = CFGBranchTest.ReturnBlockHasNoSuccessors
[==========] Running 1 test from 1 test suite.
[----------] Global test environment set-up.
[----------] 1 test from CFGBranchTest
[ RUN      ] CFGBranchTest.ReturnBlockHasNoSuccessors
[       OK ] CFGBranchTest.ReturnBlockHasNoSuccessors (0 ms)
[----------] 1 test from CFGBranchTest (0 ms total)

[----------] Global test environment tear-down
[==========] 1 test from 1 test suite ran. (0 ms total)
[  PASSED  ] 1 test.
<end of output>
Test time =   0.02 sec
----------------------------------------------------------
Test Passed.
"CFGBranchTest.ReturnBlockHasNoSuccessors" end time: Jul 01 13:43 中国标准时间
"CFGBranchTest.ReturnBlockHasNoSuccessors" time elapsed: 00:00:00
----------------------------------------------------------

19/93 Testing: CFGLoopTest.WhileLoopBackedge
19/93 Test: CFGLoopTest.WhileLoopBackedge
Command: "E:/TOYC/artifacts/independent_audit/build_r1/cfg_test.exe" "--gtest_filter=CFGLoopTest.WhileLoopBackedge" "--gtest_also_run_disabled_tests"
Directory: E:/TOYC/artifacts/independent_audit/build_r1
"CFGLoopTest.WhileLoopBackedge" start time: Jul 01 13:43 中国标准时间
Output:
----------------------------------------------------------
Running main() from E:/TOYC/artifacts/independent_audit/build_r1/_deps/googletest-src/googletest/src/gtest_main.cc
Note: Google Test filter = CFGLoopTest.WhileLoopBackedge
[==========] Running 1 test from 1 test suite.
[----------] Global test environment set-up.
[----------] 1 test from CFGLoopTest
[ RUN      ] CFGLoopTest.WhileLoopBackedge
[       OK ] CFGLoopTest.WhileLoopBackedge (0 ms)
[----------] 1 test from CFGLoopTest (0 ms total)

[----------] Global test environment tear-down
[==========] 1 test from 1 test suite ran. (0 ms total)
[  PASSED  ] 1 test.
<end of output>
Test time =   0.02 sec
----------------------------------------------------------
Test Passed.
"CFGLoopTest.WhileLoopBackedge" end time: Jul 01 13:43 中国标准时间
"CFGLoopTest.WhileLoopBackedge" time elapsed: 00:00:00
----------------------------------------------------------

20/93 Testing: UnreachableBlockTest.NoPredecessors
20/93 Test: UnreachableBlockTest.NoPredecessors
Command: "E:/TOYC/artifacts/independent_audit/build_r1/cfg_test.exe" "--gtest_filter=UnreachableBlockTest.NoPredecessors" "--gtest_also_run_disabled_tests"
Directory: E:/TOYC/artifacts/independent_audit/build_r1
"UnreachableBlockTest.NoPredecessors" start time: Jul 01 13:43 中国标准时间
Output:
----------------------------------------------------------
Running main() from E:/TOYC/artifacts/independent_audit/build_r1/_deps/googletest-src/googletest/src/gtest_main.cc
Note: Google Test filter = UnreachableBlockTest.NoPredecessors
[==========] Running 1 test from 1 test suite.
[----------] Global test environment set-up.
[----------] 1 test from UnreachableBlockTest
[ RUN      ] UnreachableBlockTest.NoPredecessors
[       OK ] UnreachableBlockTest.NoPredecessors (0 ms)
[----------] 1 test from UnreachableBlockTest (0 ms total)

[----------] Global test environment tear-down
[==========] 1 test from 1 test suite ran. (0 ms total)
[  PASSED  ] 1 test.
<end of output>
Test time =   0.06 sec
----------------------------------------------------------
Test Passed.
"UnreachableBlockTest.NoPredecessors" end time: Jul 01 13:43 中国标准时间
"UnreachableBlockTest.NoPredecessors" time elapsed: 00:00:00
----------------------------------------------------------

21/93 Testing: UnreachableBlockTest.ReachableBlocksCount
21/93 Test: UnreachableBlockTest.ReachableBlocksCount
Command: "E:/TOYC/artifacts/independent_audit/build_r1/cfg_test.exe" "--gtest_filter=UnreachableBlockTest.ReachableBlocksCount" "--gtest_also_run_disabled_tests"
Directory: E:/TOYC/artifacts/independent_audit/build_r1
"UnreachableBlockTest.ReachableBlocksCount" start time: Jul 01 13:43 中国标准时间
Output:
----------------------------------------------------------
Running main() from E:/TOYC/artifacts/independent_audit/build_r1/_deps/googletest-src/googletest/src/gtest_main.cc
Note: Google Test filter = UnreachableBlockTest.ReachableBlocksCount
[==========] Running 1 test from 1 test suite.
[----------] Global test environment set-up.
[----------] 1 test from UnreachableBlockTest
[ RUN      ] UnreachableBlockTest.ReachableBlocksCount
[       OK ] UnreachableBlockTest.ReachableBlocksCount (0 ms)
[----------] 1 test from UnreachableBlockTest (0 ms total)

[----------] Global test environment tear-down
[==========] 1 test from 1 test suite ran. (0 ms total)
[  PASSED  ] 1 test.
<end of output>
Test time =   0.04 sec
----------------------------------------------------------
Test Passed.
"UnreachableBlockTest.ReachableBlocksCount" end time: Jul 01 13:43 中国标准时间
"UnreachableBlockTest.ReachableBlocksCount" time elapsed: 00:00:00
----------------------------------------------------------

22/93 Testing: CFGSmokeTest.SmokeFixtureHasCorrectEdges
22/93 Test: CFGSmokeTest.SmokeFixtureHasCorrectEdges
Command: "E:/TOYC/artifacts/independent_audit/build_r1/cfg_test.exe" "--gtest_filter=CFGSmokeTest.SmokeFixtureHasCorrectEdges" "--gtest_also_run_disabled_tests"
Directory: E:/TOYC/artifacts/independent_audit/build_r1
"CFGSmokeTest.SmokeFixtureHasCorrectEdges" start time: Jul 01 13:43 中国标准时间
Output:
----------------------------------------------------------
Running main() from E:/TOYC/artifacts/independent_audit/build_r1/_deps/googletest-src/googletest/src/gtest_main.cc
Note: Google Test filter = CFGSmokeTest.SmokeFixtureHasCorrectEdges
[==========] Running 1 test from 1 test suite.
[----------] Global test environment set-up.
[----------] 1 test from CFGSmokeTest
[ RUN      ] CFGSmokeTest.SmokeFixtureHasCorrectEdges
[       OK ] CFGSmokeTest.SmokeFixtureHasCorrectEdges (0 ms)
[----------] 1 test from CFGSmokeTest (0 ms total)

[----------] Global test environment tear-down
[==========] 1 test from 1 test suite ran. (0 ms total)
[  PASSED  ] 1 test.
<end of output>
Test time =   0.02 sec
----------------------------------------------------------
Test Passed.
"CFGSmokeTest.SmokeFixtureHasCorrectEdges" end time: Jul 01 13:43 中国标准时间
"CFGSmokeTest.SmokeFixtureHasCorrectEdges" time elapsed: 00:00:00
----------------------------------------------------------

23/93 Testing: LexerTest.SimpleInteger
23/93 Test: LexerTest.SimpleInteger
Command: "E:/TOYC/artifacts/independent_audit/build_r1/lexer_test.exe" "--gtest_filter=LexerTest.SimpleInteger" "--gtest_also_run_disabled_tests"
Directory: E:/TOYC/artifacts/independent_audit/build_r1
"LexerTest.SimpleInteger" start time: Jul 01 13:43 中国标准时间
Output:
----------------------------------------------------------
Running main() from E:/TOYC/artifacts/independent_audit/build_r1/_deps/googletest-src/googletest/src/gtest_main.cc
Note: Google Test filter = LexerTest.SimpleInteger
[==========] Running 1 test from 1 test suite.
[----------] Global test environment set-up.
[----------] 1 test from LexerTest
[ RUN      ] LexerTest.SimpleInteger
[       OK ] LexerTest.SimpleInteger (0 ms)
[----------] 1 test from LexerTest (0 ms total)

[----------] Global test environment tear-down
[==========] 1 test from 1 test suite ran. (0 ms total)
[  PASSED  ] 1 test.
<end of output>
Test time =   0.03 sec
----------------------------------------------------------
Test Passed.
"LexerTest.SimpleInteger" end time: Jul 01 13:43 中国标准时间
"LexerTest.SimpleInteger" time elapsed: 00:00:00
----------------------------------------------------------

24/93 Testing: LexerTest.KeywordInt
24/93 Test: LexerTest.KeywordInt
Command: "E:/TOYC/artifacts/independent_audit/build_r1/lexer_test.exe" "--gtest_filter=LexerTest.KeywordInt" "--gtest_also_run_disabled_tests"
Directory: E:/TOYC/artifacts/independent_audit/build_r1
"LexerTest.KeywordInt" start time: Jul 01 13:43 中国标准时间
Output:
----------------------------------------------------------
Running main() from E:/TOYC/artifacts/independent_audit/build_r1/_deps/googletest-src/googletest/src/gtest_main.cc
Note: Google Test filter = LexerTest.KeywordInt
[==========] Running 1 test from 1 test suite.
[----------] Global test environment set-up.
[----------] 1 test from LexerTest
[ RUN      ] LexerTest.KeywordInt
[       OK ] LexerTest.KeywordInt (0 ms)
[----------] 1 test from LexerTest (0 ms total)

[----------] Global test environment tear-down
[==========] 1 test from 1 test suite ran. (0 ms total)
[  PASSED  ] 1 test.
<end of output>
Test time =   0.02 sec
----------------------------------------------------------
Test Passed.
"LexerTest.KeywordInt" end time: Jul 01 13:43 中国标准时间
"LexerTest.KeywordInt" time elapsed: 00:00:00
----------------------------------------------------------

25/93 Testing: LexerTest.KeywordReturn
25/93 Test: LexerTest.KeywordReturn
Command: "E:/TOYC/artifacts/independent_audit/build_r1/lexer_test.exe" "--gtest_filter=LexerTest.KeywordReturn" "--gtest_also_run_disabled_tests"
Directory: E:/TOYC/artifacts/independent_audit/build_r1
"LexerTest.KeywordReturn" start time: Jul 01 13:43 中国标准时间
Output:
----------------------------------------------------------
Running main() from E:/TOYC/artifacts/independent_audit/build_r1/_deps/googletest-src/googletest/src/gtest_main.cc
Note: Google Test filter = LexerTest.KeywordReturn
[==========] Running 1 test from 1 test suite.
[----------] Global test environment set-up.
[----------] 1 test from LexerTest
[ RUN      ] LexerTest.KeywordReturn
[       OK ] LexerTest.KeywordReturn (0 ms)
[----------] 1 test from LexerTest (0 ms total)

[----------] Global test environment tear-down
[==========] 1 test from 1 test suite ran. (0 ms total)
[  PASSED  ] 1 test.
<end of output>
Test time =   0.02 sec
----------------------------------------------------------
Test Passed.
"LexerTest.KeywordReturn" end time: Jul 01 13:43 中国标准时间
"LexerTest.KeywordReturn" time elapsed: 00:00:00
----------------------------------------------------------

26/93 Testing: LexerTest.FullProgram
26/93 Test: LexerTest.FullProgram
Command: "E:/TOYC/artifacts/independent_audit/build_r1/lexer_test.exe" "--gtest_filter=LexerTest.FullProgram" "--gtest_also_run_disabled_tests"
Directory: E:/TOYC/artifacts/independent_audit/build_r1
"LexerTest.FullProgram" start time: Jul 01 13:43 中国标准时间
Output:
----------------------------------------------------------
Running main() from E:/TOYC/artifacts/independent_audit/build_r1/_deps/googletest-src/googletest/src/gtest_main.cc
Note: Google Test filter = LexerTest.FullProgram
[==========] Running 1 test from 1 test suite.
[----------] Global test environment set-up.
[----------] 1 test from LexerTest
[ RUN      ] LexerTest.FullProgram
[       OK ] LexerTest.FullProgram (0 ms)
[----------] 1 test from LexerTest (0 ms total)

[----------] Global test environment tear-down
[==========] 1 test from 1 test suite ran. (0 ms total)
[  PASSED  ] 1 test.
<end of output>
Test time =   0.03 sec
----------------------------------------------------------
Test Passed.
"LexerTest.FullProgram" end time: Jul 01 13:43 中国标准时间
"LexerTest.FullProgram" time elapsed: 00:00:00
----------------------------------------------------------

27/93 Testing: LexerTest.Operators
27/93 Test: LexerTest.Operators
Command: "E:/TOYC/artifacts/independent_audit/build_r1/lexer_test.exe" "--gtest_filter=LexerTest.Operators" "--gtest_also_run_disabled_tests"
Directory: E:/TOYC/artifacts/independent_audit/build_r1
"LexerTest.Operators" start time: Jul 01 13:43 中国标准时间
Output:
----------------------------------------------------------
Running main() from E:/TOYC/artifacts/independent_audit/build_r1/_deps/googletest-src/googletest/src/gtest_main.cc
Note: Google Test filter = LexerTest.Operators
[==========] Running 1 test from 1 test suite.
[----------] Global test environment set-up.
[----------] 1 test from LexerTest
[ RUN      ] LexerTest.Operators
[       OK ] LexerTest.Operators (0 ms)
[----------] 1 test from LexerTest (0 ms total)

[----------] Global test environment tear-down
[==========] 1 test from 1 test suite ran. (0 ms total)
[  PASSED  ] 1 test.
<end of output>
Test time =   0.02 sec
----------------------------------------------------------
Test Passed.
"LexerTest.Operators" end time: Jul 01 13:43 中国标准时间
"LexerTest.Operators" time elapsed: 00:00:00
----------------------------------------------------------

28/93 Testing: LexerTest.LineComment
28/93 Test: LexerTest.LineComment
Command: "E:/TOYC/artifacts/independent_audit/build_r1/lexer_test.exe" "--gtest_filter=LexerTest.LineComment" "--gtest_also_run_disabled_tests"
Directory: E:/TOYC/artifacts/independent_audit/build_r1
"LexerTest.LineComment" start time: Jul 01 13:43 中国标准时间
Output:
----------------------------------------------------------
Running main() from E:/TOYC/artifacts/independent_audit/build_r1/_deps/googletest-src/googletest/src/gtest_main.cc
Note: Google Test filter = LexerTest.LineComment
[==========] Running 1 test from 1 test suite.
[----------] Global test environment set-up.
[----------] 1 test from LexerTest
[ RUN      ] LexerTest.LineComment
[       OK ] LexerTest.LineComment (0 ms)
[----------] 1 test from LexerTest (0 ms total)

[----------] Global test environment tear-down
[==========] 1 test from 1 test suite ran. (0 ms total)
[  PASSED  ] 1 test.
<end of output>
Test time =   0.02 sec
----------------------------------------------------------
Test Passed.
"LexerTest.LineComment" end time: Jul 01 13:43 中国标准时间
"LexerTest.LineComment" time elapsed: 00:00:00
----------------------------------------------------------

29/93 Testing: LexerTest.BlockComment
29/93 Test: LexerTest.BlockComment
Command: "E:/TOYC/artifacts/independent_audit/build_r1/lexer_test.exe" "--gtest_filter=LexerTest.BlockComment" "--gtest_also_run_disabled_tests"
Directory: E:/TOYC/artifacts/independent_audit/build_r1
"LexerTest.BlockComment" start time: Jul 01 13:43 中国标准时间
Output:
----------------------------------------------------------
Running main() from E:/TOYC/artifacts/independent_audit/build_r1/_deps/googletest-src/googletest/src/gtest_main.cc
Note: Google Test filter = LexerTest.BlockComment
[==========] Running 1 test from 1 test suite.
[----------] Global test environment set-up.
[----------] 1 test from LexerTest
[ RUN      ] LexerTest.BlockComment
[       OK ] LexerTest.BlockComment (0 ms)
[----------] 1 test from LexerTest (0 ms total)

[----------] Global test environment tear-down
[==========] 1 test from 1 test suite ran. (0 ms total)
[  PASSED  ] 1 test.
<end of output>
Test time =   0.02 sec
----------------------------------------------------------
Test Passed.
"LexerTest.BlockComment" end time: Jul 01 13:43 中国标准时间
"LexerTest.BlockComment" time elapsed: 00:00:00
----------------------------------------------------------

30/93 Testing: LexerTest.MultiLineBlockComment
30/93 Test: LexerTest.MultiLineBlockComment
Command: "E:/TOYC/artifacts/independent_audit/build_r1/lexer_test.exe" "--gtest_filter=LexerTest.MultiLineBlockComment" "--gtest_also_run_disabled_tests"
Directory: E:/TOYC/artifacts/independent_audit/build_r1
"LexerTest.MultiLineBlockComment" start time: Jul 01 13:43 中国标准时间
Output:
----------------------------------------------------------
Running main() from E:/TOYC/artifacts/independent_audit/build_r1/_deps/googletest-src/googletest/src/gtest_main.cc
Note: Google Test filter = LexerTest.MultiLineBlockComment
[==========] Running 1 test from 1 test suite.
[----------] Global test environment set-up.
[----------] 1 test from LexerTest
[ RUN      ] LexerTest.MultiLineBlockComment
[       OK ] LexerTest.MultiLineBlockComment (0 ms)
[----------] 1 test from LexerTest (0 ms total)

[----------] Global test environment tear-down
[==========] 1 test from 1 test suite ran. (0 ms total)
[  PASSED  ] 1 test.
<end of output>
Test time =   0.02 sec
----------------------------------------------------------
Test Passed.
"LexerTest.MultiLineBlockComment" end time: Jul 01 13:43 中国标准时间
"LexerTest.MultiLineBlockComment" time elapsed: 00:00:00
----------------------------------------------------------

31/93 Testing: LexerTest.ParenthesesAndBraces
31/93 Test: LexerTest.ParenthesesAndBraces
Command: "E:/TOYC/artifacts/independent_audit/build_r1/lexer_test.exe" "--gtest_filter=LexerTest.ParenthesesAndBraces" "--gtest_also_run_disabled_tests"
Directory: E:/TOYC/artifacts/independent_audit/build_r1
"LexerTest.ParenthesesAndBraces" start time: Jul 01 13:43 中国标准时间
Output:
----------------------------------------------------------
Running main() from E:/TOYC/artifacts/independent_audit/build_r1/_deps/googletest-src/googletest/src/gtest_main.cc
Note: Google Test filter = LexerTest.ParenthesesAndBraces
[==========] Running 1 test from 1 test suite.
[----------] Global test environment set-up.
[----------] 1 test from LexerTest
[ RUN      ] LexerTest.ParenthesesAndBraces
[       OK ] LexerTest.ParenthesesAndBraces (0 ms)
[----------] 1 test from LexerTest (0 ms total)

[----------] Global test environment tear-down
[==========] 1 test from 1 test suite ran. (0 ms total)
[  PASSED  ] 1 test.
<end of output>
Test time =   0.03 sec
----------------------------------------------------------
Test Passed.
"LexerTest.ParenthesesAndBraces" end time: Jul 01 13:43 中国标准时间
"LexerTest.ParenthesesAndBraces" time elapsed: 00:00:00
----------------------------------------------------------

32/93 Testing: LexerTest.ErrorUnexpectedChar
32/93 Test: LexerTest.ErrorUnexpectedChar
Command: "E:/TOYC/artifacts/independent_audit/build_r1/lexer_test.exe" "--gtest_filter=LexerTest.ErrorUnexpectedChar" "--gtest_also_run_disabled_tests"
Directory: E:/TOYC/artifacts/independent_audit/build_r1
"LexerTest.ErrorUnexpectedChar" start time: Jul 01 13:43 中国标准时间
Output:
----------------------------------------------------------
Running main() from E:/TOYC/artifacts/independent_audit/build_r1/_deps/googletest-src/googletest/src/gtest_main.cc
Note: Google Test filter = LexerTest.ErrorUnexpectedChar
[==========] Running 1 test from 1 test suite.
[----------] Global test environment set-up.
[----------] 1 test from LexerTest
[ RUN      ] LexerTest.ErrorUnexpectedChar
[       OK ] LexerTest.ErrorUnexpectedChar (0 ms)
[----------] 1 test from LexerTest (1 ms total)

[----------] Global test environment tear-down
[==========] 1 test from 1 test suite ran. (1 ms total)
[  PASSED  ] 1 test.
<end of output>
Test time =   0.02 sec
----------------------------------------------------------
Test Passed.
"LexerTest.ErrorUnexpectedChar" end time: Jul 01 13:43 中国标准时间
"LexerTest.ErrorUnexpectedChar" time elapsed: 00:00:00
----------------------------------------------------------

33/93 Testing: LexerTest.SingleEqNowValid
33/93 Test: LexerTest.SingleEqNowValid
Command: "E:/TOYC/artifacts/independent_audit/build_r1/lexer_test.exe" "--gtest_filter=LexerTest.SingleEqNowValid" "--gtest_also_run_disabled_tests"
Directory: E:/TOYC/artifacts/independent_audit/build_r1
"LexerTest.SingleEqNowValid" start time: Jul 01 13:43 中国标准时间
Output:
----------------------------------------------------------
Running main() from E:/TOYC/artifacts/independent_audit/build_r1/_deps/googletest-src/googletest/src/gtest_main.cc
Note: Google Test filter = LexerTest.SingleEqNowValid
[==========] Running 1 test from 1 test suite.
[----------] Global test environment set-up.
[----------] 1 test from LexerTest
[ RUN      ] LexerTest.SingleEqNowValid
[       OK ] LexerTest.SingleEqNowValid (0 ms)
[----------] 1 test from LexerTest (0 ms total)

[----------] Global test environment tear-down
[==========] 1 test from 1 test suite ran. (0 ms total)
[  PASSED  ] 1 test.
<end of output>
Test time =   0.02 sec
----------------------------------------------------------
Test Passed.
"LexerTest.SingleEqNowValid" end time: Jul 01 13:43 中国标准时间
"LexerTest.SingleEqNowValid" time elapsed: 00:00:00
----------------------------------------------------------

34/93 Testing: ParserTest.SimpleReturn42
34/93 Test: ParserTest.SimpleReturn42
Command: "E:/TOYC/artifacts/independent_audit/build_r1/parser_test.exe" "--gtest_filter=ParserTest.SimpleReturn42" "--gtest_also_run_disabled_tests"
Directory: E:/TOYC/artifacts/independent_audit/build_r1
"ParserTest.SimpleReturn42" start time: Jul 01 13:43 中国标准时间
Output:
----------------------------------------------------------
Running main() from E:/TOYC/artifacts/independent_audit/build_r1/_deps/googletest-src/googletest/src/gtest_main.cc
Note: Google Test filter = ParserTest.SimpleReturn42
[==========] Running 1 test from 1 test suite.
[----------] Global test environment set-up.
[----------] 1 test from ParserTest
[ RUN      ] ParserTest.SimpleReturn42
[       OK ] ParserTest.SimpleReturn42 (0 ms)
[----------] 1 test from ParserTest (0 ms total)

[----------] Global test environment tear-down
[==========] 1 test from 1 test suite ran. (0 ms total)
[  PASSED  ] 1 test.
<end of output>
Test time =   0.08 sec
----------------------------------------------------------
Test Passed.
"ParserTest.SimpleReturn42" end time: Jul 01 13:43 中国标准时间
"ParserTest.SimpleReturn42" time elapsed: 00:00:00
----------------------------------------------------------

35/93 Testing: ParserTest.ReturnZero
35/93 Test: ParserTest.ReturnZero
Command: "E:/TOYC/artifacts/independent_audit/build_r1/parser_test.exe" "--gtest_filter=ParserTest.ReturnZero" "--gtest_also_run_disabled_tests"
Directory: E:/TOYC/artifacts/independent_audit/build_r1
"ParserTest.ReturnZero" start time: Jul 01 13:43 中国标准时间
Output:
----------------------------------------------------------
Running main() from E:/TOYC/artifacts/independent_audit/build_r1/_deps/googletest-src/googletest/src/gtest_main.cc
Note: Google Test filter = ParserTest.ReturnZero
[==========] Running 1 test from 1 test suite.
[----------] Global test environment set-up.
[----------] 1 test from ParserTest
[ RUN      ] ParserTest.ReturnZero
[       OK ] ParserTest.ReturnZero (0 ms)
[----------] 1 test from ParserTest (0 ms total)

[----------] Global test environment tear-down
[==========] 1 test from 1 test suite ran. (0 ms total)
[  PASSED  ] 1 test.
<end of output>
Test time =   0.02 sec
----------------------------------------------------------
Test Passed.
"ParserTest.ReturnZero" end time: Jul 01 13:43 中国标准时间
"ParserTest.ReturnZero" time elapsed: 00:00:00
----------------------------------------------------------

36/93 Testing: ParserTest.UnaryMinus
36/93 Test: ParserTest.UnaryMinus
Command: "E:/TOYC/artifacts/independent_audit/build_r1/parser_test.exe" "--gtest_filter=ParserTest.UnaryMinus" "--gtest_also_run_disabled_tests"
Directory: E:/TOYC/artifacts/independent_audit/build_r1
"ParserTest.UnaryMinus" start time: Jul 01 13:43 中国标准时间
Output:
----------------------------------------------------------
Running main() from E:/TOYC/artifacts/independent_audit/build_r1/_deps/googletest-src/googletest/src/gtest_main.cc
Note: Google Test filter = ParserTest.UnaryMinus
[==========] Running 1 test from 1 test suite.
[----------] Global test environment set-up.
[----------] 1 test from ParserTest
[ RUN      ] ParserTest.UnaryMinus
[       OK ] ParserTest.UnaryMinus (0 ms)
[----------] 1 test from ParserTest (0 ms total)

[----------] Global test environment tear-down
[==========] 1 test from 1 test suite ran. (0 ms total)
[  PASSED  ] 1 test.
<end of output>
Test time =   0.02 sec
----------------------------------------------------------
Test Passed.
"ParserTest.UnaryMinus" end time: Jul 01 13:43 中国标准时间
"ParserTest.UnaryMinus" time elapsed: 00:00:00
----------------------------------------------------------

37/93 Testing: ParserTest.UnaryNot
37/93 Test: ParserTest.UnaryNot
Command: "E:/TOYC/artifacts/independent_audit/build_r1/parser_test.exe" "--gtest_filter=ParserTest.UnaryNot" "--gtest_also_run_disabled_tests"
Directory: E:/TOYC/artifacts/independent_audit/build_r1
"ParserTest.UnaryNot" start time: Jul 01 13:43 中国标准时间
Output:
----------------------------------------------------------
Running main() from E:/TOYC/artifacts/independent_audit/build_r1/_deps/googletest-src/googletest/src/gtest_main.cc
Note: Google Test filter = ParserTest.UnaryNot
[==========] Running 1 test from 1 test suite.
[----------] Global test environment set-up.
[----------] 1 test from ParserTest
[ RUN      ] ParserTest.UnaryNot
[       OK ] ParserTest.UnaryNot (0 ms)
[----------] 1 test from ParserTest (0 ms total)

[----------] Global test environment tear-down
[==========] 1 test from 1 test suite ran. (0 ms total)
[  PASSED  ] 1 test.
<end of output>
Test time =   0.02 sec
----------------------------------------------------------
Test Passed.
"ParserTest.UnaryNot" end time: Jul 01 13:43 中国标准时间
"ParserTest.UnaryNot" time elapsed: 00:00:00
----------------------------------------------------------

38/93 Testing: ParserTest.BinaryAdd
38/93 Test: ParserTest.BinaryAdd
Command: "E:/TOYC/artifacts/independent_audit/build_r1/parser_test.exe" "--gtest_filter=ParserTest.BinaryAdd" "--gtest_also_run_disabled_tests"
Directory: E:/TOYC/artifacts/independent_audit/build_r1
"ParserTest.BinaryAdd" start time: Jul 01 13:43 中国标准时间
Output:
----------------------------------------------------------
Running main() from E:/TOYC/artifacts/independent_audit/build_r1/_deps/googletest-src/googletest/src/gtest_main.cc
Note: Google Test filter = ParserTest.BinaryAdd
[==========] Running 1 test from 1 test suite.
[----------] Global test environment set-up.
[----------] 1 test from ParserTest
[ RUN      ] ParserTest.BinaryAdd
[       OK ] ParserTest.BinaryAdd (0 ms)
[----------] 1 test from ParserTest (0 ms total)

[----------] Global test environment tear-down
[==========] 1 test from 1 test suite ran. (0 ms total)
[  PASSED  ] 1 test.
<end of output>
Test time =   0.03 sec
----------------------------------------------------------
Test Passed.
"ParserTest.BinaryAdd" end time: Jul 01 13:43 中国标准时间
"ParserTest.BinaryAdd" time elapsed: 00:00:00
----------------------------------------------------------

39/93 Testing: ParserTest.PrecedenceAddMul
39/93 Test: ParserTest.PrecedenceAddMul
Command: "E:/TOYC/artifacts/independent_audit/build_r1/parser_test.exe" "--gtest_filter=ParserTest.PrecedenceAddMul" "--gtest_also_run_disabled_tests"
Directory: E:/TOYC/artifacts/independent_audit/build_r1
"ParserTest.PrecedenceAddMul" start time: Jul 01 13:43 中国标准时间
Output:
----------------------------------------------------------
Running main() from E:/TOYC/artifacts/independent_audit/build_r1/_deps/googletest-src/googletest/src/gtest_main.cc
Note: Google Test filter = ParserTest.PrecedenceAddMul
[==========] Running 1 test from 1 test suite.
[----------] Global test environment set-up.
[----------] 1 test from ParserTest
[ RUN      ] ParserTest.PrecedenceAddMul
[       OK ] ParserTest.PrecedenceAddMul (0 ms)
[----------] 1 test from ParserTest (0 ms total)

[----------] Global test environment tear-down
[==========] 1 test from 1 test suite ran. (0 ms total)
[  PASSED  ] 1 test.
<end of output>
Test time =   0.02 sec
----------------------------------------------------------
Test Passed.
"ParserTest.PrecedenceAddMul" end time: Jul 01 13:43 中国标准时间
"ParserTest.PrecedenceAddMul" time elapsed: 00:00:00
----------------------------------------------------------

40/93 Testing: ParserTest.ParenthesesOverridePrecedence
40/93 Test: ParserTest.ParenthesesOverridePrecedence
Command: "E:/TOYC/artifacts/independent_audit/build_r1/parser_test.exe" "--gtest_filter=ParserTest.ParenthesesOverridePrecedence" "--gtest_also_run_disabled_tests"
Directory: E:/TOYC/artifacts/independent_audit/build_r1
"ParserTest.ParenthesesOverridePrecedence" start time: Jul 01 13:43 中国标准时间
Output:
----------------------------------------------------------
Running main() from E:/TOYC/artifacts/independent_audit/build_r1/_deps/googletest-src/googletest/src/gtest_main.cc
Note: Google Test filter = ParserTest.ParenthesesOverridePrecedence
[==========] Running 1 test from 1 test suite.
[----------] Global test environment set-up.
[----------] 1 test from ParserTest
[ RUN      ] ParserTest.ParenthesesOverridePrecedence
[       OK ] ParserTest.ParenthesesOverridePrecedence (0 ms)
[----------] 1 test from ParserTest (0 ms total)

[----------] Global test environment tear-down
[==========] 1 test from 1 test suite ran. (0 ms total)
[  PASSED  ] 1 test.
<end of output>
Test time =   0.02 sec
----------------------------------------------------------
Test Passed.
"ParserTest.ParenthesesOverridePrecedence" end time: Jul 01 13:43 中国标准时间
"ParserTest.ParenthesesOverridePrecedence" time elapsed: 00:00:00
----------------------------------------------------------

41/93 Testing: ParserTest.Comparison
41/93 Test: ParserTest.Comparison
Command: "E:/TOYC/artifacts/independent_audit/build_r1/parser_test.exe" "--gtest_filter=ParserTest.Comparison" "--gtest_also_run_disabled_tests"
Directory: E:/TOYC/artifacts/independent_audit/build_r1
"ParserTest.Comparison" start time: Jul 01 13:43 中国标准时间
Output:
----------------------------------------------------------
Running main() from E:/TOYC/artifacts/independent_audit/build_r1/_deps/googletest-src/googletest/src/gtest_main.cc
Note: Google Test filter = ParserTest.Comparison
[==========] Running 1 test from 1 test suite.
[----------] Global test environment set-up.
[----------] 1 test from ParserTest
[ RUN      ] ParserTest.Comparison
[       OK ] ParserTest.Comparison (0 ms)
[----------] 1 test from ParserTest (0 ms total)

[----------] Global test environment tear-down
[==========] 1 test from 1 test suite ran. (0 ms total)
[  PASSED  ] 1 test.
<end of output>
Test time =   0.02 sec
----------------------------------------------------------
Test Passed.
"ParserTest.Comparison" end time: Jul 01 13:43 中国标准时间
"ParserTest.Comparison" time elapsed: 00:00:00
----------------------------------------------------------

42/93 Testing: ParserTest.Equality
42/93 Test: ParserTest.Equality
Command: "E:/TOYC/artifacts/independent_audit/build_r1/parser_test.exe" "--gtest_filter=ParserTest.Equality" "--gtest_also_run_disabled_tests"
Directory: E:/TOYC/artifacts/independent_audit/build_r1
"ParserTest.Equality" start time: Jul 01 13:43 中国标准时间
Output:
----------------------------------------------------------
Running main() from E:/TOYC/artifacts/independent_audit/build_r1/_deps/googletest-src/googletest/src/gtest_main.cc
Note: Google Test filter = ParserTest.Equality
[==========] Running 1 test from 1 test suite.
[----------] Global test environment set-up.
[----------] 1 test from ParserTest
[ RUN      ] ParserTest.Equality
[       OK ] ParserTest.Equality (0 ms)
[----------] 1 test from ParserTest (0 ms total)

[----------] Global test environment tear-down
[==========] 1 test from 1 test suite ran. (0 ms total)
[  PASSED  ] 1 test.
<end of output>
Test time =   0.06 sec
----------------------------------------------------------
Test Passed.
"ParserTest.Equality" end time: Jul 01 13:43 中国标准时间
"ParserTest.Equality" time elapsed: 00:00:00
----------------------------------------------------------

43/93 Testing: ParserTest.LogicalAndOr
43/93 Test: ParserTest.LogicalAndOr
Command: "E:/TOYC/artifacts/independent_audit/build_r1/parser_test.exe" "--gtest_filter=ParserTest.LogicalAndOr" "--gtest_also_run_disabled_tests"
Directory: E:/TOYC/artifacts/independent_audit/build_r1
"ParserTest.LogicalAndOr" start time: Jul 01 13:43 中国标准时间
Output:
----------------------------------------------------------
Running main() from E:/TOYC/artifacts/independent_audit/build_r1/_deps/googletest-src/googletest/src/gtest_main.cc
Note: Google Test filter = ParserTest.LogicalAndOr
[==========] Running 1 test from 1 test suite.
[----------] Global test environment set-up.
[----------] 1 test from ParserTest
[ RUN      ] ParserTest.LogicalAndOr
[       OK ] ParserTest.LogicalAndOr (0 ms)
[----------] 1 test from ParserTest (0 ms total)

[----------] Global test environment tear-down
[==========] 1 test from 1 test suite ran. (0 ms total)
[  PASSED  ] 1 test.
<end of output>
Test time =   0.07 sec
----------------------------------------------------------
Test Passed.
"ParserTest.LogicalAndOr" end time: Jul 01 13:43 中国标准时间
"ParserTest.LogicalAndOr" time elapsed: 00:00:00
----------------------------------------------------------

44/93 Testing: ParserTest.VarDecl
44/93 Test: ParserTest.VarDecl
Command: "E:/TOYC/artifacts/independent_audit/build_r1/parser_test.exe" "--gtest_filter=ParserTest.VarDecl" "--gtest_also_run_disabled_tests"
Directory: E:/TOYC/artifacts/independent_audit/build_r1
"ParserTest.VarDecl" start time: Jul 01 13:43 中国标准时间
Output:
----------------------------------------------------------
Running main() from E:/TOYC/artifacts/independent_audit/build_r1/_deps/googletest-src/googletest/src/gtest_main.cc
Note: Google Test filter = ParserTest.VarDecl
[==========] Running 1 test from 1 test suite.
[----------] Global test environment set-up.
[----------] 1 test from ParserTest
[ RUN      ] ParserTest.VarDecl
[       OK ] ParserTest.VarDecl (0 ms)
[----------] 1 test from ParserTest (0 ms total)

[----------] Global test environment tear-down
[==========] 1 test from 1 test suite ran. (0 ms total)
[  PASSED  ] 1 test.
<end of output>
Test time =   0.02 sec
----------------------------------------------------------
Test Passed.
"ParserTest.VarDecl" end time: Jul 01 13:43 中国标准时间
"ParserTest.VarDecl" time elapsed: 00:00:00
----------------------------------------------------------

45/93 Testing: ParserTest.Assignment
45/93 Test: ParserTest.Assignment
Command: "E:/TOYC/artifacts/independent_audit/build_r1/parser_test.exe" "--gtest_filter=ParserTest.Assignment" "--gtest_also_run_disabled_tests"
Directory: E:/TOYC/artifacts/independent_audit/build_r1
"ParserTest.Assignment" start time: Jul 01 13:43 中国标准时间
Output:
----------------------------------------------------------
Running main() from E:/TOYC/artifacts/independent_audit/build_r1/_deps/googletest-src/googletest/src/gtest_main.cc
Note: Google Test filter = ParserTest.Assignment
[==========] Running 1 test from 1 test suite.
[----------] Global test environment set-up.
[----------] 1 test from ParserTest
[ RUN      ] ParserTest.Assignment
[       OK ] ParserTest.Assignment (0 ms)
[----------] 1 test from ParserTest (0 ms total)

[----------] Global test environment tear-down
[==========] 1 test from 1 test suite ran. (0 ms total)
[  PASSED  ] 1 test.
<end of output>
Test time =   0.02 sec
----------------------------------------------------------
Test Passed.
"ParserTest.Assignment" end time: Jul 01 13:43 中国标准时间
"ParserTest.Assignment" time elapsed: 00:00:00
----------------------------------------------------------

46/93 Testing: ParserTest.IfElse
46/93 Test: ParserTest.IfElse
Command: "E:/TOYC/artifacts/independent_audit/build_r1/parser_test.exe" "--gtest_filter=ParserTest.IfElse" "--gtest_also_run_disabled_tests"
Directory: E:/TOYC/artifacts/independent_audit/build_r1
"ParserTest.IfElse" start time: Jul 01 13:43 中国标准时间
Output:
----------------------------------------------------------
Running main() from E:/TOYC/artifacts/independent_audit/build_r1/_deps/googletest-src/googletest/src/gtest_main.cc
Note: Google Test filter = ParserTest.IfElse
[==========] Running 1 test from 1 test suite.
[----------] Global test environment set-up.
[----------] 1 test from ParserTest
[ RUN      ] ParserTest.IfElse
[       OK ] ParserTest.IfElse (0 ms)
[----------] 1 test from ParserTest (0 ms total)

[----------] Global test environment tear-down
[==========] 1 test from 1 test suite ran. (0 ms total)
[  PASSED  ] 1 test.
<end of output>
Test time =   0.02 sec
----------------------------------------------------------
Test Passed.
"ParserTest.IfElse" end time: Jul 01 13:43 中国标准时间
"ParserTest.IfElse" time elapsed: 00:00:00
----------------------------------------------------------

47/93 Testing: ParserTest.DanglingElse
47/93 Test: ParserTest.DanglingElse
Command: "E:/TOYC/artifacts/independent_audit/build_r1/parser_test.exe" "--gtest_filter=ParserTest.DanglingElse" "--gtest_also_run_disabled_tests"
Directory: E:/TOYC/artifacts/independent_audit/build_r1
"ParserTest.DanglingElse" start time: Jul 01 13:43 中国标准时间
Output:
----------------------------------------------------------
Running main() from E:/TOYC/artifacts/independent_audit/build_r1/_deps/googletest-src/googletest/src/gtest_main.cc
Note: Google Test filter = ParserTest.DanglingElse
[==========] Running 1 test from 1 test suite.
[----------] Global test environment set-up.
[----------] 1 test from ParserTest
[ RUN      ] ParserTest.DanglingElse
[       OK ] ParserTest.DanglingElse (0 ms)
[----------] 1 test from ParserTest (0 ms total)

[----------] Global test environment tear-down
[==========] 1 test from 1 test suite ran. (0 ms total)
[  PASSED  ] 1 test.
<end of output>
Test time =   0.02 sec
----------------------------------------------------------
Test Passed.
"ParserTest.DanglingElse" end time: Jul 01 13:43 中国标准时间
"ParserTest.DanglingElse" time elapsed: 00:00:00
----------------------------------------------------------

48/93 Testing: ParserTest.ErrorMissingSemicolon
48/93 Test: ParserTest.ErrorMissingSemicolon
Command: "E:/TOYC/artifacts/independent_audit/build_r1/parser_test.exe" "--gtest_filter=ParserTest.ErrorMissingSemicolon" "--gtest_also_run_disabled_tests"
Directory: E:/TOYC/artifacts/independent_audit/build_r1
"ParserTest.ErrorMissingSemicolon" start time: Jul 01 13:43 中国标准时间
Output:
----------------------------------------------------------
Running main() from E:/TOYC/artifacts/independent_audit/build_r1/_deps/googletest-src/googletest/src/gtest_main.cc
Note: Google Test filter = ParserTest.ErrorMissingSemicolon
[==========] Running 1 test from 1 test suite.
[----------] Global test environment set-up.
[----------] 1 test from ParserTest
[ RUN      ] ParserTest.ErrorMissingSemicolon
[       OK ] ParserTest.ErrorMissingSemicolon (0 ms)
[----------] 1 test from ParserTest (0 ms total)

[----------] Global test environment tear-down
[==========] 1 test from 1 test suite ran. (0 ms total)
[  PASSED  ] 1 test.
<end of output>
Test time =   0.02 sec
----------------------------------------------------------
Test Passed.
"ParserTest.ErrorMissingSemicolon" end time: Jul 01 13:43 中国标准时间
"ParserTest.ErrorMissingSemicolon" time elapsed: 00:00:00
----------------------------------------------------------

49/93 Testing: ParserTest.ErrorMissingParen
49/93 Test: ParserTest.ErrorMissingParen
Command: "E:/TOYC/artifacts/independent_audit/build_r1/parser_test.exe" "--gtest_filter=ParserTest.ErrorMissingParen" "--gtest_also_run_disabled_tests"
Directory: E:/TOYC/artifacts/independent_audit/build_r1
"ParserTest.ErrorMissingParen" start time: Jul 01 13:43 中国标准时间
Output:
----------------------------------------------------------
Running main() from E:/TOYC/artifacts/independent_audit/build_r1/_deps/googletest-src/googletest/src/gtest_main.cc
Note: Google Test filter = ParserTest.ErrorMissingParen
[==========] Running 1 test from 1 test suite.
[----------] Global test environment set-up.
[----------] 1 test from ParserTest
[ RUN      ] ParserTest.ErrorMissingParen
[       OK ] ParserTest.ErrorMissingParen (0 ms)
[----------] 1 test from ParserTest (0 ms total)

[----------] Global test environment tear-down
[==========] 1 test from 1 test suite ran. (0 ms total)
[  PASSED  ] 1 test.
<end of output>
Test time =   0.02 sec
----------------------------------------------------------
Test Passed.
"ParserTest.ErrorMissingParen" end time: Jul 01 13:43 中国标准时间
"ParserTest.ErrorMissingParen" time elapsed: 00:00:00
----------------------------------------------------------

50/93 Testing: ParserTest.ErrorExtraTokens
50/93 Test: ParserTest.ErrorExtraTokens
Command: "E:/TOYC/artifacts/independent_audit/build_r1/parser_test.exe" "--gtest_filter=ParserTest.ErrorExtraTokens" "--gtest_also_run_disabled_tests"
Directory: E:/TOYC/artifacts/independent_audit/build_r1
"ParserTest.ErrorExtraTokens" start time: Jul 01 13:43 中国标准时间
Output:
----------------------------------------------------------
Running main() from E:/TOYC/artifacts/independent_audit/build_r1/_deps/googletest-src/googletest/src/gtest_main.cc
Note: Google Test filter = ParserTest.ErrorExtraTokens
[==========] Running 1 test from 1 test suite.
[----------] Global test environment set-up.
[----------] 1 test from ParserTest
[ RUN      ] ParserTest.ErrorExtraTokens
[       OK ] ParserTest.ErrorExtraTokens (0 ms)
[----------] 1 test from ParserTest (0 ms total)

[----------] Global test environment tear-down
[==========] 1 test from 1 test suite ran. (0 ms total)
[  PASSED  ] 1 test.
<end of output>
Test time =   0.03 sec
----------------------------------------------------------
Test Passed.
"ParserTest.ErrorExtraTokens" end time: Jul 01 13:43 中国标准时间
"ParserTest.ErrorExtraTokens" time elapsed: 00:00:00
----------------------------------------------------------

51/93 Testing: ParserTest.ErrorNonMain
51/93 Test: ParserTest.ErrorNonMain
Command: "E:/TOYC/artifacts/independent_audit/build_r1/parser_test.exe" "--gtest_filter=ParserTest.ErrorNonMain" "--gtest_also_run_disabled_tests"
Directory: E:/TOYC/artifacts/independent_audit/build_r1
"ParserTest.ErrorNonMain" start time: Jul 01 13:43 中国标准时间
Output:
----------------------------------------------------------
Running main() from E:/TOYC/artifacts/independent_audit/build_r1/_deps/googletest-src/googletest/src/gtest_main.cc
Note: Google Test filter = ParserTest.ErrorNonMain
[==========] Running 1 test from 1 test suite.
[----------] Global test environment set-up.
[----------] 1 test from ParserTest
[ RUN      ] ParserTest.ErrorNonMain
[       OK ] ParserTest.ErrorNonMain (0 ms)
[----------] 1 test from ParserTest (0 ms total)

[----------] Global test environment tear-down
[==========] 1 test from 1 test suite ran. (0 ms total)
[  PASSED  ] 1 test.
<end of output>
Test time =   0.02 sec
----------------------------------------------------------
Test Passed.
"ParserTest.ErrorNonMain" end time: Jul 01 13:43 中国标准时间
"ParserTest.ErrorNonMain" time elapsed: 00:00:00
----------------------------------------------------------

52/93 Testing: ParserTest.SemanticMissingReturn
52/93 Test: ParserTest.SemanticMissingReturn
Command: "E:/TOYC/artifacts/independent_audit/build_r1/parser_test.exe" "--gtest_filter=ParserTest.SemanticMissingReturn" "--gtest_also_run_disabled_tests"
Directory: E:/TOYC/artifacts/independent_audit/build_r1
"ParserTest.SemanticMissingReturn" start time: Jul 01 13:43 中国标准时间
Output:
----------------------------------------------------------
Running main() from E:/TOYC/artifacts/independent_audit/build_r1/_deps/googletest-src/googletest/src/gtest_main.cc
Note: Google Test filter = ParserTest.SemanticMissingReturn
[==========] Running 1 test from 1 test suite.
[----------] Global test environment set-up.
[----------] 1 test from ParserTest
[ RUN      ] ParserTest.SemanticMissingReturn
[       OK ] ParserTest.SemanticMissingReturn (0 ms)
[----------] 1 test from ParserTest (0 ms total)

[----------] Global test environment tear-down
[==========] 1 test from 1 test suite ran. (0 ms total)
[  PASSED  ] 1 test.
<end of output>
Test time =   0.02 sec
----------------------------------------------------------
Test Passed.
"ParserTest.SemanticMissingReturn" end time: Jul 01 13:43 中国标准时间
"ParserTest.SemanticMissingReturn" time elapsed: 00:00:00
----------------------------------------------------------

53/93 Testing: ParserTest.SemanticRejectsUninitializedGlobal
53/93 Test: ParserTest.SemanticRejectsUninitializedGlobal
Command: "E:/TOYC/artifacts/independent_audit/build_r1/parser_test.exe" "--gtest_filter=ParserTest.SemanticRejectsUninitializedGlobal" "--gtest_also_run_disabled_tests"
Directory: E:/TOYC/artifacts/independent_audit/build_r1
"ParserTest.SemanticRejectsUninitializedGlobal" start time: Jul 01 13:43 中国标准时间
Output:
----------------------------------------------------------
Running main() from E:/TOYC/artifacts/independent_audit/build_r1/_deps/googletest-src/googletest/src/gtest_main.cc
Note: Google Test filter = ParserTest.SemanticRejectsUninitializedGlobal
[==========] Running 1 test from 1 test suite.
[----------] Global test environment set-up.
[----------] 1 test from ParserTest
[ RUN      ] ParserTest.SemanticRejectsUninitializedGlobal
[       OK ] ParserTest.SemanticRejectsUninitializedGlobal (0 ms)
[----------] 1 test from ParserTest (0 ms total)

[----------] Global test environment tear-down
[==========] 1 test from 1 test suite ran. (0 ms total)
[  PASSED  ] 1 test.
<end of output>
Test time =   0.02 sec
----------------------------------------------------------
Test Passed.
"ParserTest.SemanticRejectsUninitializedGlobal" end time: Jul 01 13:43 中国标准时间
"ParserTest.SemanticRejectsUninitializedGlobal" time elapsed: 00:00:00
----------------------------------------------------------

54/93 Testing: ParserTest.SemanticRejectsVoidCallInReturnValue
54/93 Test: ParserTest.SemanticRejectsVoidCallInReturnValue
Command: "E:/TOYC/artifacts/independent_audit/build_r1/parser_test.exe" "--gtest_filter=ParserTest.SemanticRejectsVoidCallInReturnValue" "--gtest_also_run_disabled_tests"
Directory: E:/TOYC/artifacts/independent_audit/build_r1
"ParserTest.SemanticRejectsVoidCallInReturnValue" start time: Jul 01 13:43 中国标准时间
Output:
----------------------------------------------------------
Running main() from E:/TOYC/artifacts/independent_audit/build_r1/_deps/googletest-src/googletest/src/gtest_main.cc
Note: Google Test filter = ParserTest.SemanticRejectsVoidCallInReturnValue
[==========] Running 1 test from 1 test suite.
[----------] Global test environment set-up.
[----------] 1 test from ParserTest
[ RUN      ] ParserTest.SemanticRejectsVoidCallInReturnValue
[       OK ] ParserTest.SemanticRejectsVoidCallInReturnValue (0 ms)
[----------] 1 test from ParserTest (0 ms total)

[----------] Global test environment tear-down
[==========] 1 test from 1 test suite ran. (0 ms total)
[  PASSED  ] 1 test.
<end of output>
Test time =   0.02 sec
----------------------------------------------------------
Test Passed.
"ParserTest.SemanticRejectsVoidCallInReturnValue" end time: Jul 01 13:43 中国标准时间
"ParserTest.SemanticRejectsVoidCallInReturnValue" time elapsed: 00:00:00
----------------------------------------------------------

55/93 Testing: ParserTest.SemanticRejectsVoidCallInBinaryLeft
55/93 Test: ParserTest.SemanticRejectsVoidCallInBinaryLeft
Command: "E:/TOYC/artifacts/independent_audit/build_r1/parser_test.exe" "--gtest_filter=ParserTest.SemanticRejectsVoidCallInBinaryLeft" "--gtest_also_run_disabled_tests"
Directory: E:/TOYC/artifacts/independent_audit/build_r1
"ParserTest.SemanticRejectsVoidCallInBinaryLeft" start time: Jul 01 13:43 中国标准时间
Output:
----------------------------------------------------------
Running main() from E:/TOYC/artifacts/independent_audit/build_r1/_deps/googletest-src/googletest/src/gtest_main.cc
Note: Google Test filter = ParserTest.SemanticRejectsVoidCallInBinaryLeft
[==========] Running 1 test from 1 test suite.
[----------] Global test environment set-up.
[----------] 1 test from ParserTest
[ RUN      ] ParserTest.SemanticRejectsVoidCallInBinaryLeft
[       OK ] ParserTest.SemanticRejectsVoidCallInBinaryLeft (0 ms)
[----------] 1 test from ParserTest (0 ms total)

[----------] Global test environment tear-down
[==========] 1 test from 1 test suite ran. (0 ms total)
[  PASSED  ] 1 test.
<end of output>
Test time =   0.02 sec
----------------------------------------------------------
Test Passed.
"ParserTest.SemanticRejectsVoidCallInBinaryLeft" end time: Jul 01 13:43 中国标准时间
"ParserTest.SemanticRejectsVoidCallInBinaryLeft" time elapsed: 00:00:00
----------------------------------------------------------

56/93 Testing: ParserTest.SemanticRejectsVoidCallInBinaryRight
56/93 Test: ParserTest.SemanticRejectsVoidCallInBinaryRight
Command: "E:/TOYC/artifacts/independent_audit/build_r1/parser_test.exe" "--gtest_filter=ParserTest.SemanticRejectsVoidCallInBinaryRight" "--gtest_also_run_disabled_tests"
Directory: E:/TOYC/artifacts/independent_audit/build_r1
"ParserTest.SemanticRejectsVoidCallInBinaryRight" start time: Jul 01 13:43 中国标准时间
Output:
----------------------------------------------------------
Running main() from E:/TOYC/artifacts/independent_audit/build_r1/_deps/googletest-src/googletest/src/gtest_main.cc
Note: Google Test filter = ParserTest.SemanticRejectsVoidCallInBinaryRight
[==========] Running 1 test from 1 test suite.
[----------] Global test environment set-up.
[----------] 1 test from ParserTest
[ RUN      ] ParserTest.SemanticRejectsVoidCallInBinaryRight
[       OK ] ParserTest.SemanticRejectsVoidCallInBinaryRight (0 ms)
[----------] 1 test from ParserTest (0 ms total)

[----------] Global test environment tear-down
[==========] 1 test from 1 test suite ran. (0 ms total)
[  PASSED  ] 1 test.
<end of output>
Test time =   0.02 sec
----------------------------------------------------------
Test Passed.
"ParserTest.SemanticRejectsVoidCallInBinaryRight" end time: Jul 01 13:43 中国标准时间
"ParserTest.SemanticRejectsVoidCallInBinaryRight" time elapsed: 00:00:00
----------------------------------------------------------

57/93 Testing: ParserTest.SemanticRejectsVoidCallInInitializer
57/93 Test: ParserTest.SemanticRejectsVoidCallInInitializer
Command: "E:/TOYC/artifacts/independent_audit/build_r1/parser_test.exe" "--gtest_filter=ParserTest.SemanticRejectsVoidCallInInitializer" "--gtest_also_run_disabled_tests"
Directory: E:/TOYC/artifacts/independent_audit/build_r1
"ParserTest.SemanticRejectsVoidCallInInitializer" start time: Jul 01 13:43 中国标准时间
Output:
----------------------------------------------------------
Running main() from E:/TOYC/artifacts/independent_audit/build_r1/_deps/googletest-src/googletest/src/gtest_main.cc
Note: Google Test filter = ParserTest.SemanticRejectsVoidCallInInitializer
[==========] Running 1 test from 1 test suite.
[----------] Global test environment set-up.
[----------] 1 test from ParserTest
[ RUN      ] ParserTest.SemanticRejectsVoidCallInInitializer
[       OK ] ParserTest.SemanticRejectsVoidCallInInitializer (0 ms)
[----------] 1 test from ParserTest (0 ms total)

[----------] Global test environment tear-down
[==========] 1 test from 1 test suite ran. (0 ms total)
[  PASSED  ] 1 test.
<end of output>
Test time =   0.02 sec
----------------------------------------------------------
Test Passed.
"ParserTest.SemanticRejectsVoidCallInInitializer" end time: Jul 01 13:43 中国标准时间
"ParserTest.SemanticRejectsVoidCallInInitializer" time elapsed: 00:00:00
----------------------------------------------------------

58/93 Testing: ParserTest.SemanticRejectsVoidCallAsIntArgument
58/93 Test: ParserTest.SemanticRejectsVoidCallAsIntArgument
Command: "E:/TOYC/artifacts/independent_audit/build_r1/parser_test.exe" "--gtest_filter=ParserTest.SemanticRejectsVoidCallAsIntArgument" "--gtest_also_run_disabled_tests"
Directory: E:/TOYC/artifacts/independent_audit/build_r1
"ParserTest.SemanticRejectsVoidCallAsIntArgument" start time: Jul 01 13:43 中国标准时间
Output:
----------------------------------------------------------
Running main() from E:/TOYC/artifacts/independent_audit/build_r1/_deps/googletest-src/googletest/src/gtest_main.cc
Note: Google Test filter = ParserTest.SemanticRejectsVoidCallAsIntArgument
[==========] Running 1 test from 1 test suite.
[----------] Global test environment set-up.
[----------] 1 test from ParserTest
[ RUN      ] ParserTest.SemanticRejectsVoidCallAsIntArgument
[       OK ] ParserTest.SemanticRejectsVoidCallAsIntArgument (0 ms)
[----------] 1 test from ParserTest (0 ms total)

[----------] Global test environment tear-down
[==========] 1 test from 1 test suite ran. (0 ms total)
[  PASSED  ] 1 test.
<end of output>
Test time =   0.02 sec
----------------------------------------------------------
Test Passed.
"ParserTest.SemanticRejectsVoidCallAsIntArgument" end time: Jul 01 13:43 中国标准时间
"ParserTest.SemanticRejectsVoidCallAsIntArgument" time elapsed: 00:00:00
----------------------------------------------------------

59/93 Testing: ParserTest.SemanticAllowsVoidCallExpressionStatement
59/93 Test: ParserTest.SemanticAllowsVoidCallExpressionStatement
Command: "E:/TOYC/artifacts/independent_audit/build_r1/parser_test.exe" "--gtest_filter=ParserTest.SemanticAllowsVoidCallExpressionStatement" "--gtest_also_run_disabled_tests"
Directory: E:/TOYC/artifacts/independent_audit/build_r1
"ParserTest.SemanticAllowsVoidCallExpressionStatement" start time: Jul 01 13:43 中国标准时间
Output:
----------------------------------------------------------
Running main() from E:/TOYC/artifacts/independent_audit/build_r1/_deps/googletest-src/googletest/src/gtest_main.cc
Note: Google Test filter = ParserTest.SemanticAllowsVoidCallExpressionStatement
[==========] Running 1 test from 1 test suite.
[----------] Global test environment set-up.
[----------] 1 test from ParserTest
[ RUN      ] ParserTest.SemanticAllowsVoidCallExpressionStatement
[       OK ] ParserTest.SemanticAllowsVoidCallExpressionStatement (0 ms)
[----------] 1 test from ParserTest (0 ms total)

[----------] Global test environment tear-down
[==========] 1 test from 1 test suite ran. (0 ms total)
[  PASSED  ] 1 test.
<end of output>
Test time =   0.06 sec
----------------------------------------------------------
Test Passed.
"ParserTest.SemanticAllowsVoidCallExpressionStatement" end time: Jul 01 13:43 中国标准时间
"ParserTest.SemanticAllowsVoidCallExpressionStatement" time elapsed: 00:00:00
----------------------------------------------------------

60/93 Testing: IRBuilderTest.SimpleReturn42
60/93 Test: IRBuilderTest.SimpleReturn42
Command: "E:/TOYC/artifacts/independent_audit/build_r1/ir_builder_test.exe" "--gtest_filter=IRBuilderTest.SimpleReturn42" "--gtest_also_run_disabled_tests"
Directory: E:/TOYC/artifacts/independent_audit/build_r1
"IRBuilderTest.SimpleReturn42" start time: Jul 01 13:43 中国标准时间
Output:
----------------------------------------------------------
Running main() from E:/TOYC/artifacts/independent_audit/build_r1/_deps/googletest-src/googletest/src/gtest_main.cc
Note: Google Test filter = IRBuilderTest.SimpleReturn42
[==========] Running 1 test from 1 test suite.
[----------] Global test environment set-up.
[----------] 1 test from IRBuilderTest
[ RUN      ] IRBuilderTest.SimpleReturn42
[       OK ] IRBuilderTest.SimpleReturn42 (0 ms)
[----------] 1 test from IRBuilderTest (0 ms total)

[----------] Global test environment tear-down
[==========] 1 test from 1 test suite ran. (0 ms total)
[  PASSED  ] 1 test.
<end of output>
Test time =   0.02 sec
----------------------------------------------------------
Test Passed.
"IRBuilderTest.SimpleReturn42" end time: Jul 01 13:43 中国标准时间
"IRBuilderTest.SimpleReturn42" time elapsed: 00:00:00
----------------------------------------------------------

61/93 Testing: IRBuilderTest.ReturnZero
61/93 Test: IRBuilderTest.ReturnZero
Command: "E:/TOYC/artifacts/independent_audit/build_r1/ir_builder_test.exe" "--gtest_filter=IRBuilderTest.ReturnZero" "--gtest_also_run_disabled_tests"
Directory: E:/TOYC/artifacts/independent_audit/build_r1
"IRBuilderTest.ReturnZero" start time: Jul 01 13:43 中国标准时间
Output:
----------------------------------------------------------
Running main() from E:/TOYC/artifacts/independent_audit/build_r1/_deps/googletest-src/googletest/src/gtest_main.cc
Note: Google Test filter = IRBuilderTest.ReturnZero
[==========] Running 1 test from 1 test suite.
[----------] Global test environment set-up.
[----------] 1 test from IRBuilderTest
[ RUN      ] IRBuilderTest.ReturnZero
[       OK ] IRBuilderTest.ReturnZero (0 ms)
[----------] 1 test from IRBuilderTest (0 ms total)

[----------] Global test environment tear-down
[==========] 1 test from 1 test suite ran. (0 ms total)
[  PASSED  ] 1 test.
<end of output>
Test time =   0.02 sec
----------------------------------------------------------
Test Passed.
"IRBuilderTest.ReturnZero" end time: Jul 01 13:43 中国标准时间
"IRBuilderTest.ReturnZero" time elapsed: 00:00:00
----------------------------------------------------------

62/93 Testing: IRBuilderTest.BinaryAdd
62/93 Test: IRBuilderTest.BinaryAdd
Command: "E:/TOYC/artifacts/independent_audit/build_r1/ir_builder_test.exe" "--gtest_filter=IRBuilderTest.BinaryAdd" "--gtest_also_run_disabled_tests"
Directory: E:/TOYC/artifacts/independent_audit/build_r1
"IRBuilderTest.BinaryAdd" start time: Jul 01 13:43 中国标准时间
Output:
----------------------------------------------------------
Running main() from E:/TOYC/artifacts/independent_audit/build_r1/_deps/googletest-src/googletest/src/gtest_main.cc
Note: Google Test filter = IRBuilderTest.BinaryAdd
[==========] Running 1 test from 1 test suite.
[----------] Global test environment set-up.
[----------] 1 test from IRBuilderTest
[ RUN      ] IRBuilderTest.BinaryAdd
[       OK ] IRBuilderTest.BinaryAdd (0 ms)
[----------] 1 test from IRBuilderTest (0 ms total)

[----------] Global test environment tear-down
[...]
[==========] Running 1 test from 1 test suite.
[----------] Global test environment set-up.
[----------] 1 test from RiscvEmitterTest
[ RUN      ] RiscvEmitterTest.UnaryNeg
[       OK ] RiscvEmitterTest.UnaryNeg (0 ms)
[----------] 1 test from RiscvEmitterTest (0 ms total)

[----------] Global test environment tear-down
[==========] 1 test from 1 test suite ran. (0 ms total)
[  PASSED  ] 1 test.
<end of output>
Test time =   0.02 sec
----------------------------------------------------------
Test Passed.
"RiscvEmitterTest.UnaryNeg" end time: Jul 01 13:43 中国标准时间
"RiscvEmitterTest.UnaryNeg" time elapsed: 00:00:00
----------------------------------------------------------

80/93 Testing: RiscvEmitterTest.UnaryNot
80/93 Test: RiscvEmitterTest.UnaryNot
Command: "E:/TOYC/artifacts/independent_audit/build_r1/riscv_emitter_test.exe" "--gtest_filter=RiscvEmitterTest.UnaryNot" "--gtest_also_run_disabled_tests"
Directory: E:/TOYC/artifacts/independent_audit/build_r1
"RiscvEmitterTest.UnaryNot" start time: Jul 01 13:43 中国标准时间
Output:
----------------------------------------------------------
Running main() from E:/TOYC/artifacts/independent_audit/build_r1/_deps/googletest-src/googletest/src/gtest_main.cc
Note: Google Test filter = RiscvEmitterTest.UnaryNot
[==========] Running 1 test from 1 test suite.
[----------] Global test environment set-up.
[----------] 1 test from RiscvEmitterTest
[ RUN      ] RiscvEmitterTest.UnaryNot
[       OK ] RiscvEmitterTest.UnaryNot (0 ms)
[----------] 1 test from RiscvEmitterTest (0 ms total)

[----------] Global test environment tear-down
[==========] 1 test from 1 test suite ran. (0 ms total)
[  PASSED  ] 1 test.
<end of output>
Test time =   0.03 sec
----------------------------------------------------------
Test Passed.
"RiscvEmitterTest.UnaryNot" end time: Jul 01 13:43 中国标准时间
"RiscvEmitterTest.UnaryNot" time elapsed: 00:00:00
----------------------------------------------------------

81/93 Testing: RiscvEmitterTest.HasTextSection
81/93 Test: RiscvEmitterTest.HasTextSection
Command: "E:/TOYC/artifacts/independent_audit/build_r1/riscv_emitter_test.exe" "--gtest_filter=RiscvEmitterTest.HasTextSection" "--gtest_also_run_disabled_tests"
Directory: E:/TOYC/artifacts/independent_audit/build_r1
"RiscvEmitterTest.HasTextSection" start time: Jul 01 13:43 中国标准时间
Output:
----------------------------------------------------------
Running main() from E:/TOYC/artifacts/independent_audit/build_r1/_deps/googletest-src/googletest/src/gtest_main.cc
Note: Google Test filter = RiscvEmitterTest.HasTextSection
[==========] Running 1 test from 1 test suite.
[----------] Global test environment set-up.
[----------] 1 test from RiscvEmitterTest
[ RUN      ] RiscvEmitterTest.HasTextSection
[       OK ] RiscvEmitterTest.HasTextSection (0 ms)
[----------] 1 test from RiscvEmitterTest (0 ms total)

[----------] Global test environment tear-down
[==========] 1 test from 1 test suite ran. (0 ms total)
[  PASSED  ] 1 test.
<end of output>
Test time =   0.02 sec
----------------------------------------------------------
Test Passed.
"RiscvEmitterTest.HasTextSection" end time: Jul 01 13:43 中国标准时间
"RiscvEmitterTest.HasTextSection" time elapsed: 00:00:00
----------------------------------------------------------

82/93 Testing: RiscvEmitterTest.ReturnUsesA0
82/93 Test: RiscvEmitterTest.ReturnUsesA0
Command: "E:/TOYC/artifacts/independent_audit/build_r1/riscv_emitter_test.exe" "--gtest_filter=RiscvEmitterTest.ReturnUsesA0" "--gtest_also_run_disabled_tests"
Directory: E:/TOYC/artifacts/independent_audit/build_r1
"RiscvEmitterTest.ReturnUsesA0" start time: Jul 01 13:43 中国标准时间
Output:
----------------------------------------------------------
Running main() from E:/TOYC/artifacts/independent_audit/build_r1/_deps/googletest-src/googletest/src/gtest_main.cc
Note: Google Test filter = RiscvEmitterTest.ReturnUsesA0
[==========] Running 1 test from 1 test suite.
[----------] Global test environment set-up.
[----------] 1 test from RiscvEmitterTest
[ RUN      ] RiscvEmitterTest.ReturnUsesA0
[       OK ] RiscvEmitterTest.ReturnUsesA0 (0 ms)
[----------] 1 test from RiscvEmitterTest (0 ms total)

[----------] Global test environment tear-down
[==========] 1 test from 1 test suite ran. (0 ms total)
[  PASSED  ] 1 test.
<end of output>
Test time =   0.02 sec
----------------------------------------------------------
Test Passed.
"RiscvEmitterTest.ReturnUsesA0" end time: Jul 01 13:43 中国标准时间
"RiscvEmitterTest.ReturnUsesA0" time elapsed: 00:00:00
----------------------------------------------------------

83/93 Testing: RiscvEmitterTest.ShortCircuitAnd
83/93 Test: RiscvEmitterTest.ShortCircuitAnd
Command: "E:/TOYC/artifacts/independent_audit/build_r1/riscv_emitter_test.exe" "--gtest_filter=RiscvEmitterTest.ShortCircuitAnd" "--gtest_also_run_disabled_tests"
Directory: E:/TOYC/artifacts/independent_audit/build_r1
"RiscvEmitterTest.ShortCircuitAnd" start time: Jul 01 13:43 中国标准时间
Output:
----------------------------------------------------------
Running main() from E:/TOYC/artifacts/independent_audit/build_r1/_deps/googletest-src/googletest/src/gtest_main.cc
Note: Google Test filter = RiscvEmitterTest.ShortCircuitAnd
[==========] Running 1 test from 1 test suite.
[----------] Global test environment set-up.
[----------] 1 test from RiscvEmitterTest
[ RUN      ] RiscvEmitterTest.ShortCircuitAnd
[       OK ] RiscvEmitterTest.ShortCircuitAnd (0 ms)
[----------] 1 test from RiscvEmitterTest (0 ms total)

[----------] Global test environment tear-down
[==========] 1 test from 1 test suite ran. (0 ms total)
[  PASSED  ] 1 test.
<end of output>
Test time =   0.02 sec
----------------------------------------------------------
Test Passed.
"RiscvEmitterTest.ShortCircuitAnd" end time: Jul 01 13:43 中国标准时间
"RiscvEmitterTest.ShortCircuitAnd" time elapsed: 00:00:00
----------------------------------------------------------

84/93 Testing: RiscvEmitterTest.ShortCircuitOr
84/93 Test: RiscvEmitterTest.ShortCircuitOr
Command: "E:/TOYC/artifacts/independent_audit/build_r1/riscv_emitter_test.exe" "--gtest_filter=RiscvEmitterTest.ShortCircuitOr" "--gtest_also_run_disabled_tests"
Directory: E:/TOYC/artifacts/independent_audit/build_r1
"RiscvEmitterTest.ShortCircuitOr" start time: Jul 01 13:43 中国标准时间
Output:
----------------------------------------------------------
Running main() from E:/TOYC/artifacts/independent_audit/build_r1/_deps/googletest-src/googletest/src/gtest_main.cc
Note: Google Test filter = RiscvEmitterTest.ShortCircuitOr
[==========] Running 1 test from 1 test suite.
[----------] Global test environment set-up.
[----------] 1 test from RiscvEmitterTest
[ RUN      ] RiscvEmitterTest.ShortCircuitOr
[       OK ] RiscvEmitterTest.ShortCircuitOr (0 ms)
[----------] 1 test from RiscvEmitterTest (0 ms total)

[----------] Global test environment tear-down
[==========] 1 test from 1 test suite ran. (0 ms total)
[  PASSED  ] 1 test.
<end of output>
Test time =   0.02 sec
----------------------------------------------------------
Test Passed.
"RiscvEmitterTest.ShortCircuitOr" end time: Jul 01 13:43 中国标准时间
"RiscvEmitterTest.ShortCircuitOr" time elapsed: 00:00:00
----------------------------------------------------------

85/93 Testing: RiscvEmitterTest.MultiFunctionBlockLabelUniqueness
85/93 Test: RiscvEmitterTest.MultiFunctionBlockLabelUniqueness
Command: "E:/TOYC/artifacts/independent_audit/build_r1/riscv_emitter_test.exe" "--gtest_filter=RiscvEmitterTest.MultiFunctionBlockLabelUniqueness" "--gtest_also_run_disabled_tests"
Directory: E:/TOYC/artifacts/independent_audit/build_r1
"RiscvEmitterTest.MultiFunctionBlockLabelUniqueness" start time: Jul 01 13:43 中国标准时间
Output:
----------------------------------------------------------
Running main() from E:/TOYC/artifacts/independent_audit/build_r1/_deps/googletest-src/googletest/src/gtest_main.cc
Note: Google Test filter = RiscvEmitterTest.MultiFunctionBlockLabelUniqueness
[==========] Running 1 test from 1 test suite.
[----------] Global test environment set-up.
[----------] 1 test from RiscvEmitterTest
[ RUN      ] RiscvEmitterTest.MultiFunctionBlockLabelUniqueness
[       OK ] RiscvEmitterTest.MultiFunctionBlockLabelUniqueness (1 ms)
[----------] 1 test from RiscvEmitterTest (1 ms total)

[----------] Global test environment tear-down
[==========] 1 test from 1 test suite ran. (1 ms total)
[  PASSED  ] 1 test.
<end of output>
Test time =   0.02 sec
----------------------------------------------------------
Test Passed.
"RiscvEmitterTest.MultiFunctionBlockLabelUniqueness" end time: Jul 01 13:43 中国标准时间
"RiscvEmitterTest.MultiFunctionBlockLabelUniqueness" time elapsed: 00:00:00
----------------------------------------------------------

86/93 Testing: RiscvEmitterTest.BranchTargetsResolveWithinFunction
86/93 Test: RiscvEmitterTest.BranchTargetsResolveWithinFunction
Command: "E:/TOYC/artifacts/independent_audit/build_r1/riscv_emitter_test.exe" "--gtest_filter=RiscvEmitterTest.BranchTargetsResolveWithinFunction" "--gtest_also_run_disabled_tests"
Directory: E:/TOYC/artifacts/independent_audit/build_r1
"RiscvEmitterTest.BranchTargetsResolveWithinFunction" start time: Jul 01 13:43 中国标准时间
Output:
----------------------------------------------------------
Running main() from E:/TOYC/artifacts/independent_audit/build_r1/_deps/googletest-src/googletest/src/gtest_main.cc
Note: Google Test filter = RiscvEmitterTest.BranchTargetsResolveWithinFunction
[==========] Running 1 test from 1 test suite.
[----------] Global test environment set-up.
[----------] 1 test from RiscvEmitterTest
[ RUN      ] RiscvEmitterTest.BranchTargetsResolveWithinFunction
[       OK ] RiscvEmitterTest.BranchTargetsResolveWithinFunction (2 ms)
[----------] 1 test from RiscvEmitterTest (2 ms total)

[----------] Global test environment tear-down
[==========] 1 test from 1 test suite ran. (2 ms total)
[  PASSED  ] 1 test.
<end of output>
Test time =   0.02 sec
----------------------------------------------------------
Test Passed.
"RiscvEmitterTest.BranchTargetsResolveWithinFunction" end time: Jul 01 13:43 中国标准时间
"RiscvEmitterTest.BranchTargetsResolveWithinFunction" time elapsed: 00:00:00
----------------------------------------------------------

87/93 Testing: RiscvEmitterTest.AllAssemblyLabelsGloballyUnique
87/93 Test: RiscvEmitterTest.AllAssemblyLabelsGloballyUnique
Command: "E:/TOYC/artifacts/independent_audit/build_r1/riscv_emitter_test.exe" "--gtest_filter=RiscvEmitterTest.AllAssemblyLabelsGloballyUnique" "--gtest_also_run_disabled_tests"
Directory: E:/TOYC/artifacts/independent_audit/build_r1
"RiscvEmitterTest.AllAssemblyLabelsGloballyUnique" start time: Jul 01 13:43 中国标准时间
Output:
----------------------------------------------------------
Running main() from E:/TOYC/artifacts/independent_audit/build_r1/_deps/googletest-src/googletest/src/gtest_main.cc
Note: Google Test filter = RiscvEmitterTest.AllAssemblyLabelsGloballyUnique
[==========] Running 1 test from 1 test suite.
[----------] Global test environment set-up.
[----------] 1 test from RiscvEmitterTest
[ RUN      ] RiscvEmitterTest.AllAssemblyLabelsGloballyUnique
[       OK ] RiscvEmitterTest.AllAssemblyLabelsGloballyUnique (1 ms)
[----------] 1 test from RiscvEmitterTest (1 ms total)

[----------] Global test environment tear-down
[==========] 1 test from 1 test suite ran. (1 ms total)
[  PASSED  ] 1 test.
<end of output>
Test time =   0.02 sec
----------------------------------------------------------
Test Passed.
"RiscvEmitterTest.AllAssemblyLabelsGloballyUnique" end time: Jul 01 13:43 中国标准时间
"RiscvEmitterTest.AllAssemblyLabelsGloballyUnique" time elapsed: 00:00:00
----------------------------------------------------------

88/93 Testing: FrameLayoutTest.OutgoingAreaStartsAtZero
88/93 Test: FrameLayoutTest.OutgoingAreaStartsAtZero
Command: "E:/TOYC/artifacts/independent_audit/build_r1/riscv_emitter_test.exe" "--gtest_filter=FrameLayoutTest.OutgoingAreaStartsAtZero" "--gtest_also_run_disabled_tests"
Directory: E:/TOYC/artifacts/independent_audit/build_r1
"FrameLayoutTest.OutgoingAreaStartsAtZero" start time: Jul 01 13:43 中国标准时间
Output:
----------------------------------------------------------
Running main() from E:/TOYC/artifacts/independent_audit/build_r1/_deps/googletest-src/googletest/src/gtest_main.cc
Note: Google Test filter = FrameLayoutTest.OutgoingAreaStartsAtZero
[==========] Running 1 test from 1 test suite.
[----------] Global test environment set-up.
[----------] 1 test from FrameLayoutTest
[ RUN      ] FrameLayoutTest.OutgoingAreaStartsAtZero
[       OK ] FrameLayoutTest.OutgoingAreaStartsAtZero (0 ms)
[----------] 1 test from FrameLayoutTest (0 ms total)

[----------] Global test environment tear-down
[==========] 1 test from 1 test suite ran. (0 ms total)
[  PASSED  ] 1 test.
<end of output>
Test time =   0.02 sec
----------------------------------------------------------
Test Passed.
"FrameLayoutTest.OutgoingAreaStartsAtZero" end time: Jul 01 13:43 中国标准时间
"FrameLayoutTest.OutgoingAreaStartsAtZero" time elapsed: 00:00:00
----------------------------------------------------------

89/93 Testing: FrameLayoutTest.ValueHomeAfterOutgoingArea
89/93 Test: FrameLayoutTest.ValueHomeAfterOutgoingArea
Command: "E:/TOYC/artifacts/independent_audit/build_r1/riscv_emitter_test.exe" "--gtest_filter=FrameLayoutTest.ValueHomeAfterOutgoingArea" "--gtest_also_run_disabled_tests"
Directory: E:/TOYC/artifacts/independent_audit/build_r1
"FrameLayoutTest.ValueHomeAfterOutgoingArea" start time: Jul 01 13:43 中国标准时间
Output:
----------------------------------------------------------
Running main() from E:/TOYC/artifacts/independent_audit/build_r1/_deps/googletest-src/googletest/src/gtest_main.cc
Note: Google Test filter = FrameLayoutTest.ValueHomeAfterOutgoingArea
[==========] Running 1 test from 1 test suite.
[----------] Global test environment set-up.
[----------] 1 test from FrameLayoutTest
[ RUN      ] FrameLayoutTest.ValueHomeAfterOutgoingArea
[       OK ] FrameLayoutTest.ValueHomeAfterOutgoingArea (0 ms)
[----------] 1 test from FrameLayoutTest (0 ms total)

[----------] Global test environment tear-down
[==========] 1 test from 1 test suite ran. (0 ms total)
[  PASSED  ] 1 test.
<end of output>
Test time =   0.06 sec
----------------------------------------------------------
Test Passed.
"FrameLayoutTest.ValueHomeAfterOutgoingArea" end time: Jul 01 13:43 中国标准时间
"FrameLayoutTest.ValueHomeAfterOutgoingArea" time elapsed: 00:00:00
----------------------------------------------------------

90/93 Testing: FrameLayoutTest.AllocaHomeAfterValueHome
90/93 Test: FrameLayoutTest.AllocaHomeAfterValueHome
Command: "E:/TOYC/artifacts/independent_audit/build_r1/riscv_emitter_test.exe" "--gtest_filter=FrameLayoutTest.AllocaHomeAfterValueHome" "--gtest_also_run_disabled_tests"
Directory: E:/TOYC/artifacts/independent_audit/build_r1
"FrameLayoutTest.AllocaHomeAfterValueHome" start time: Jul 01 13:43 中国标准时间
Output:
----------------------------------------------------------
Running main() from E:/TOYC/artifacts/independent_audit/build_r1/_deps/googletest-src/googletest/src/gtest_main.cc
Note: Google Test filter = FrameLayoutTest.AllocaHomeAfterValueHome
[==========] Running 1 test from 1 test suite.
[----------] Global test environment set-up.
[----------] 1 test from FrameLayoutTest
[ RUN      ] FrameLayoutTest.AllocaHomeAfterValueHome
[       OK ] FrameLayoutTest.AllocaHomeAfterValueHome (0 ms)
[----------] 1 test from FrameLayoutTest (0 ms total)

[----------] Global test environment tear-down
[==========] 1 test from 1 test suite ran. (0 ms total)
[  PASSED  ] 1 test.
<end of output>
Test time =   0.02 sec
----------------------------------------------------------
Test Passed.
"FrameLayoutTest.AllocaHomeAfterValueHome" end time: Jul 01 13:43 中国标准时间
"FrameLayoutTest.AllocaHomeAfterValueHome" time elapsed: 00:00:00
----------------------------------------------------------

91/93 Testing: FrameLayoutTest.SaveAreaNoOverlap
91/93 Test: FrameLayoutTest.SaveAreaNoOverlap
Command: "E:/TOYC/artifacts/independent_audit/build_r1/riscv_emitter_test.exe" "--gtest_filter=FrameLayoutTest.SaveAreaNoOverlap" "--gtest_also_run_disabled_tests"
Directory: E:/TOYC/artifacts/independent_audit/build_r1
"FrameLayoutTest.SaveAreaNoOverlap" start time: Jul 01 13:43 中国标准时间
Output:
----------------------------------------------------------
Running main() from E:/TOYC/artifacts/independent_audit/build_r1/_deps/googletest-src/googletest/src/gtest_main.cc
Note: Google Test filter = FrameLayoutTest.SaveAreaNoOverlap
[==========] Running 1 test from 1 test suite.
[----------] Global test environment set-up.
[----------] 1 test from FrameLayoutTest
[ RUN      ] FrameLayoutTest.SaveAreaNoOverlap
[       OK ] FrameLayoutTest.SaveAreaNoOverlap (0 ms)
[----------] 1 test from FrameLayoutTest (0 ms total)

[----------] Global test environment tear-down
[==========] 1 test from 1 test suite ran. (0 ms total)
[  PASSED  ] 1 test.
<end of output>
Test time =   0.02 sec
----------------------------------------------------------
Test Passed.
"FrameLayoutTest.SaveAreaNoOverlap" end time: Jul 01 13:43 中国标准时间
"FrameLayoutTest.SaveAreaNoOverlap" time elapsed: 00:00:00
----------------------------------------------------------

92/93 Testing: FrameLayoutTest.AllRegionsNonOverlap
92/93 Test: FrameLayoutTest.AllRegionsNonOverlap
Command: "E:/TOYC/artifacts/independent_audit/build_r1/riscv_emitter_test.exe" "--gtest_filter=FrameLayoutTest.AllRegionsNonOverlap" "--gtest_also_run_disabled_tests"
Directory: E:/TOYC/artifacts/independent_audit/build_r1
"FrameLayoutTest.AllRegionsNonOverlap" start time: Jul 01 13:43 中国标准时间
Output:
----------------------------------------------------------
Running main() from E:/TOYC/artifacts/independent_audit/build_r1/_deps/googletest-src/googletest/src/gtest_main.cc
Note: Google Test filter = FrameLayoutTest.AllRegionsNonOverlap
[==========] Running 1 test from 1 test suite.
[----------] Global test environment set-up.
[----------] 1 test from FrameLayoutTest
[ RUN      ] FrameLayoutTest.AllRegionsNonOverlap
[       OK ] FrameLayoutTest.AllRegionsNonOverlap (0 ms)
[----------] 1 test from FrameLayoutTest (0 ms total)

[----------] Global test environment tear-down
[==========] 1 test from 1 test suite ran. (0 ms total)
[  PASSED  ] 1 test.
<end of output>
Test time =   0.02 sec
----------------------------------------------------------
Test Passed.
"FrameLayoutTest.AllRegionsNonOverlap" end time: Jul 01 13:43 中国标准时间
"FrameLayoutTest.AllRegionsNonOverlap" time elapsed: 00:00:00
----------------------------------------------------------

93/93 Testing: FrameLayoutTest.NestedCallOutgoingArea
93/93 Test: FrameLayoutTest.NestedCallOutgoingArea
Command: "E:/TOYC/artifacts/independent_audit/build_r1/riscv_emitter_test.exe" "--gtest_filter=FrameLayoutTest.NestedCallOutgoingArea" "--gtest_also_run_disabled_tests"
Directory: E:/TOYC/artifacts/independent_audit/build_r1
"FrameLayoutTest.NestedCallOutgoingArea" start time: Jul 01 13:43 中国标准时间
Output:
----------------------------------------------------------
Running main() from E:/TOYC/artifacts/independent_audit/build_r1/_deps/googletest-src/googletest/src/gtest_main.cc
Note: Google Test filter = FrameLayoutTest.NestedCallOutgoingArea
[==========] Running 1 test from 1 test suite.
[----------] Global test environment set-up.
[----------] 1 test from FrameLayoutTest
[ RUN      ] FrameLayoutTest.NestedCallOutgoingArea
[       OK ] FrameLayoutTest.NestedCallOutgoingArea (0 ms)
[----------] 1 test from FrameLayoutTest (0 ms total)

[----------] Global test environment tear-down
[==========] 1 test from 1 test suite ran. (0 ms total)
[  PASSED  ] 1 test.
<end of output>
Test time =   0.02 sec
----------------------------------------------------------
Test Passed.
"FrameLayoutTest.NestedCallOutgoingArea" end time: Jul 01 13:43 中国标准时间
"FrameLayoutTest.NestedCallOutgoingArea" time elapsed: 00:00:00
----------------------------------------------------------

End testing: Jul 01 13:43 中国标准时间
