Start testing: Jul 01 05:35 中国标准时间
----------------------------------------------------------
1/77 Testing: ValueIdentityTest.SameDisplayNameDifferentIdentity
1/77 Test: ValueIdentityTest.SameDisplayNameDifferentIdentity
Command: "E:/TOYC/artifacts/independent_audit/build_cpp/ir_model_test.exe" "--gtest_filter=ValueIdentityTest.SameDisplayNameDifferentIdentity" "--gtest_also_run_disabled_tests"
Directory: E:/TOYC/artifacts/independent_audit/build_cpp
"ValueIdentityTest.SameDisplayNameDifferentIdentity" start time: Jul 01 05:35 中国标准时间
Output:
----------------------------------------------------------
Running main() from E:/TOYC/artifacts/independent_audit/build_cpp/_deps/googletest-src/googletest/src/gtest_main.cc
Note: Google Test filter = ValueIdentityTest.SameDisplayNameDifferentIdentity
[==========] Running 1 test from 1 test suite.
[----------] Global test environment set-up.
[----------] 1 test from ValueIdentityTest
[ RUN      ] ValueIdentityTest.SameDisplayNameDifferentIdentity
[       OK ] ValueIdentityTest.SameDisplayNameDifferentIdentity (0 ms)
[----------] 1 test from ValueIdentityTest (0 ms total)

[----------] Global test environment tear-down
[==========] 1 test from 1 test suite ran. (0 ms total)
[  PASSED  ] 1 test.
<end of output>
Test time =   0.02 sec
----------------------------------------------------------
Test Passed.
"ValueIdentityTest.SameDisplayNameDifferentIdentity" end time: Jul 01 05:35 中国标准时间
"ValueIdentityTest.SameDisplayNameDifferentIdentity" time elapsed: 00:00:00
----------------------------------------------------------

2/77 Testing: ValueIdentityTest.LocalVarIdentity
2/77 Test: ValueIdentityTest.LocalVarIdentity
Command: "E:/TOYC/artifacts/independent_audit/build_cpp/ir_model_test.exe" "--gtest_filter=ValueIdentityTest.LocalVarIdentity" "--gtest_also_run_disabled_tests"
Directory: E:/TOYC/artifacts/independent_audit/build_cpp
"ValueIdentityTest.LocalVarIdentity" start time: Jul 01 05:35 中国标准时间
Output:
----------------------------------------------------------
Running main() from E:/TOYC/artifacts/independent_audit/build_cpp/_deps/googletest-src/googletest/src/gtest_main.cc
Note: Google Test filter = ValueIdentityTest.LocalVarIdentity
[==========] Running 1 test from 1 test suite.
[----------] Global test environment set-up.
[----------] 1 test from ValueIdentityTest
[ RUN      ] ValueIdentityTest.LocalVarIdentity
[       OK ] ValueIdentityTest.LocalVarIdentity (0 ms)
[----------] 1 test from ValueIdentityTest (0 ms total)

[----------] Global test environment tear-down
[==========] 1 test from 1 test suite ran. (0 ms total)
[  PASSED  ] 1 test.
<end of output>
Test time =   0.06 sec
----------------------------------------------------------
Test Passed.
"ValueIdentityTest.LocalVarIdentity" end time: Jul 01 05:35 中国标准时间
"ValueIdentityTest.LocalVarIdentity" time elapsed: 00:00:00
----------------------------------------------------------

3/77 Testing: UseDefTest.AllocaProducesNoOperands
3/77 Test: UseDefTest.AllocaProducesNoOperands
Command: "E:/TOYC/artifacts/independent_audit/build_cpp/ir_model_test.exe" "--gtest_filter=UseDefTest.AllocaProducesNoOperands" "--gtest_also_run_disabled_tests"
Directory: E:/TOYC/artifacts/independent_audit/build_cpp
"UseDefTest.AllocaProducesNoOperands" start time: Jul 01 05:35 中国标准时间
Output:
----------------------------------------------------------
Running main() from E:/TOYC/artifacts/independent_audit/build_cpp/_deps/googletest-src/googletest/src/gtest_main.cc
Note: Google Test filter = UseDefTest.AllocaProducesNoOperands
[==========] Running 1 test from 1 test suite.
[----------] Global test environment set-up.
[----------] 1 test from UseDefTest
[ RUN      ] UseDefTest.AllocaProducesNoOperands
[       OK ] UseDefTest.AllocaProducesNoOperands (0 ms)
[----------] 1 test from UseDefTest (0 ms total)

[----------] Global test environment tear-down
[==========] 1 test from 1 test suite ran. (0 ms total)
[  PASSED  ] 1 test.
<end of output>
Test time =   0.04 sec
----------------------------------------------------------
Test Passed.
"UseDefTest.AllocaProducesNoOperands" end time: Jul 01 05:35 中国标准时间
"UseDefTest.AllocaProducesNoOperands" time elapsed: 00:00:00
----------------------------------------------------------

4/77 Testing: UseDefTest.LoadOperands
4/77 Test: UseDefTest.LoadOperands
Command: "E:/TOYC/artifacts/independent_audit/build_cpp/ir_model_test.exe" "--gtest_filter=UseDefTest.LoadOperands" "--gtest_also_run_disabled_tests"
Directory: E:/TOYC/artifacts/independent_audit/build_cpp
"UseDefTest.LoadOperands" start time: Jul 01 05:35 中国标准时间
Output:
----------------------------------------------------------
Running main() from E:/TOYC/artifacts/independent_audit/build_cpp/_deps/googletest-src/googletest/src/gtest_main.cc
Note: Google Test filter = UseDefTest.LoadOperands
[==========] Running 1 test from 1 test suite.
[----------] Global test environment set-up.
[----------] 1 test from UseDefTest
[ RUN      ] UseDefTest.LoadOperands
[       OK ] UseDefTest.LoadOperands (0 ms)
[----------] 1 test from UseDefTest (0 ms total)

[----------] Global test environment tear-down
[==========] 1 test from 1 test suite ran. (0 ms total)
[  PASSED  ] 1 test.
<end of output>
Test time =   0.05 sec
----------------------------------------------------------
Test Passed.
"UseDefTest.LoadOperands" end time: Jul 01 05:35 中国标准时间
"UseDefTest.LoadOperands" time elapsed: 00:00:00
----------------------------------------------------------

5/77 Testing: UseDefTest.StoreOperands
5/77 Test: UseDefTest.StoreOperands
Command: "E:/TOYC/artifacts/independent_audit/build_cpp/ir_model_test.exe" "--gtest_filter=UseDefTest.StoreOperands" "--gtest_also_run_disabled_tests"
Directory: E:/TOYC/artifacts/independent_audit/build_cpp
"UseDefTest.StoreOperands" start time: Jul 01 05:35 中国标准时间
Output:
----------------------------------------------------------
Running main() from E:/TOYC/artifacts/independent_audit/build_cpp/_deps/googletest-src/googletest/src/gtest_main.cc
Note: Google Test filter = UseDefTest.StoreOperands
[==========] Running 1 test from 1 test suite.
[----------] Global test environment set-up.
[----------] 1 test from UseDefTest
[ RUN      ] UseDefTest.StoreOperands
[       OK ] UseDefTest.StoreOperands (0 ms)
[----------] 1 test from UseDefTest (0 ms total)

[----------] Global test environment tear-down
[==========] 1 test from 1 test suite ran. (0 ms total)
[  PASSED  ] 1 test.
<end of output>
Test time =   0.03 sec
----------------------------------------------------------
Test Passed.
"UseDefTest.StoreOperands" end time: Jul 01 05:35 中国标准时间
"UseDefTest.StoreOperands" time elapsed: 00:00:00
----------------------------------------------------------

6/77 Testing: UseDefTest.BinaryOpOperands
6/77 Test: UseDefTest.BinaryOpOperands
Command: "E:/TOYC/artifacts/independent_audit/build_cpp/ir_model_test.exe" "--gtest_filter=UseDefTest.BinaryOpOperands" "--gtest_also_run_disabled_tests"
Directory: E:/TOYC/artifacts/independent_audit/build_cpp
"UseDefTest.BinaryOpOperands" start time: Jul 01 05:35 中国标准时间
Output:
----------------------------------------------------------
Running main() from E:/TOYC/artifacts/independent_audit/build_cpp/_deps/googletest-src/googletest/src/gtest_main.cc
Note: Google Test filter = UseDefTest.BinaryOpOperands
[==========] Running 1 test from 1 test suite.
[----------] Global test environment set-up.
[----------] 1 test from UseDefTest
[ RUN      ] UseDefTest.BinaryOpOperands
[       OK ] UseDefTest.BinaryOpOperands (0 ms)
[----------] 1 test from UseDefTest (0 ms total)

[----------] Global test environment tear-down
[==========] 1 test from 1 test suite ran. (0 ms total)
[  PASSED  ] 1 test.
<end of output>
Test time =   0.02 sec
----------------------------------------------------------
Test Passed.
"UseDefTest.BinaryOpOperands" end time: Jul 01 05:35 中国标准时间
"UseDefTest.BinaryOpOperands" time elapsed: 00:00:00
----------------------------------------------------------

7/77 Testing: UseDefTest.CallOperands
7/77 Test: UseDefTest.CallOperands
Command: "E:/TOYC/artifacts/independent_audit/build_cpp/ir_model_test.exe" "--gtest_filter=UseDefTest.CallOperands" "--gtest_also_run_disabled_tests"
Directory: E:/TOYC/artifacts/independent_audit/build_cpp
"UseDefTest.CallOperands" start time: Jul 01 05:35 中国标准时间
Output:
----------------------------------------------------------
Running main() from E:/TOYC/artifacts/independent_audit/build_cpp/_deps/googletest-src/googletest/src/gtest_main.cc
Note: Google Test filter = UseDefTest.CallOperands
[==========] Running 1 test from 1 test suite.
[----------] Global test environment set-up.
[----------] 1 test from UseDefTest
[ RUN      ] UseDefTest.CallOperands
[       OK ] UseDefTest.CallOperands (0 ms)
[----------] 1 test from UseDefTest (0 ms total)

[----------] Global test environment tear-down
[==========] 1 test from 1 test suite ran. (0 ms total)
[  PASSED  ] 1 test.
<end of output>
Test time =   0.06 sec
----------------------------------------------------------
Test Passed.
"UseDefTest.CallOperands" end time: Jul 01 05:35 中国标准时间
"UseDefTest.CallOperands" time elapsed: 00:00:00
----------------------------------------------------------

8/77 Testing: UseDefTest.PhiOperands
8/77 Test: UseDefTest.PhiOperands
Command: "E:/TOYC/artifacts/independent_audit/build_cpp/ir_model_test.exe" "--gtest_filter=UseDefTest.PhiOperands" "--gtest_also_run_disabled_tests"
Directory: E:/TOYC/artifacts/independent_audit/build_cpp
"UseDefTest.PhiOperands" start time: Jul 01 05:35 中国标准时间
Output:
----------------------------------------------------------
Running main() from E:/TOYC/artifacts/independent_audit/build_cpp/_deps/googletest-src/googletest/src/gtest_main.cc
Note: Google Test filter = UseDefTest.PhiOperands
[==========] Running 1 test from 1 test suite.
[----------] Global test environment set-up.
[----------] 1 test from UseDefTest
[ RUN      ] UseDefTest.PhiOperands
[       OK ] UseDefTest.PhiOperands (0 ms)
[----------] 1 test from UseDefTest (0 ms total)

[----------] Global test environment tear-down
[==========] 1 test from 1 test suite ran. (0 ms total)
[  PASSED  ] 1 test.
<end of output>
Test time =   0.02 sec
----------------------------------------------------------
Test Passed.
"UseDefTest.PhiOperands" end time: Jul 01 05:35 中国标准时间
"UseDefTest.PhiOperands" time elapsed: 00:00:00
----------------------------------------------------------

9/77 Testing: UseDefTest.BranchHasNoOperands
9/77 Test: UseDefTest.BranchHasNoOperands
Command: "E:/TOYC/artifacts/independent_audit/build_cpp/ir_model_test.exe" "--gtest_filter=UseDefTest.BranchHasNoOperands" "--gtest_also_run_disabled_tests"
Directory: E:/TOYC/artifacts/independent_audit/build_cpp
"UseDefTest.BranchHasNoOperands" start time: Jul 01 05:35 中国标准时间
Output:
----------------------------------------------------------
Running main() from E:/TOYC/artifacts/independent_audit/build_cpp/_deps/googletest-src/googletest/src/gtest_main.cc
Note: Google Test filter = UseDefTest.BranchHasNoOperands
[==========] Running 1 test from 1 test suite.
[----------] Global test environment set-up.
[----------] 1 test from UseDefTest
[ RUN      ] UseDefTest.BranchHasNoOperands
[       OK ] UseDefTest.BranchHasNoOperands (0 ms)
[----------] 1 test from UseDefTest (0 ms total)

[----------] Global test environment tear-down
[==========] 1 test from 1 test suite ran. (0 ms total)
[  PASSED  ] 1 test.
<end of output>
Test time =   0.02 sec
----------------------------------------------------------
Test Passed.
"UseDefTest.BranchHasNoOperands" end time: Jul 01 05:35 中国标准时间
"UseDefTest.BranchHasNoOperands" time elapsed: 00:00:00
----------------------------------------------------------

10/77 Testing: UseDefTest.CondBranchOperands
10/77 Test: UseDefTest.CondBranchOperands
Command: "E:/TOYC/artifacts/independent_audit/build_cpp/ir_model_test.exe" "--gtest_filter=UseDefTest.CondBranchOperands" "--gtest_also_run_disabled_tests"
Directory: E:/TOYC/artifacts/independent_audit/build_cpp
"UseDefTest.CondBranchOperands" start time: Jul 01 05:35 中国标准时间
Output:
----------------------------------------------------------
Running main() from E:/TOYC/artifacts/independent_audit/build_cpp/_deps/googletest-src/googletest/src/gtest_main.cc
Note: Google Test filter = UseDefTest.CondBranchOperands
[==========] Running 1 test from 1 test suite.
[----------] Global test environment set-up.
[----------] 1 test from UseDefTest
[ RUN      ] UseDefTest.CondBranchOperands
[       OK ] UseDefTest.CondBranchOperands (0 ms)
[----------] 1 test from UseDefTest (0 ms total)

[----------] Global test environment tear-down
[==========] 1 test from 1 test suite ran. (0 ms total)
[  PASSED  ] 1 test.
<end of output>
Test time =   0.03 sec
----------------------------------------------------------
Test Passed.
"UseDefTest.CondBranchOperands" end time: Jul 01 05:35 中国标准时间
"UseDefTest.CondBranchOperands" time elapsed: 00:00:00
----------------------------------------------------------

11/77 Testing: UseDefTest.ReturnOperands
11/77 Test: UseDefTest.ReturnOperands
Command: "E:/TOYC/artifacts/independent_audit/build_cpp/ir_model_test.exe" "--gtest_filter=UseDefTest.ReturnOperands" "--gtest_also_run_disabled_tests"
Directory: E:/TOYC/artifacts/independent_audit/build_cpp
"UseDefTest.ReturnOperands" start time: Jul 01 05:35 中国标准时间
Output:
----------------------------------------------------------
Running main() from E:/TOYC/artifacts/independent_audit/build_cpp/_deps/googletest-src/googletest/src/gtest_main.cc
Note: Google Test filter = UseDefTest.ReturnOperands
[==========] Running 1 test from 1 test suite.
[----------] Global test environment set-up.
[----------] 1 test from UseDefTest
[ RUN      ] UseDefTest.ReturnOperands
[       OK ] UseDefTest.ReturnOperands (0 ms)
[----------] 1 test from UseDefTest (0 ms total)

[----------] Global test environment tear-down
[==========] 1 test from 1 test suite ran. (0 ms total)
[  PASSED  ] 1 test.
<end of output>
Test time =   0.02 sec
----------------------------------------------------------
Test Passed.
"UseDefTest.ReturnOperands" end time: Jul 01 05:35 中国标准时间
"UseDefTest.ReturnOperands" time elapsed: 00:00:00
----------------------------------------------------------

12/77 Testing: UseDefTest.VoidReturnHasNoOperands
12/77 Test: UseDefTest.VoidReturnHasNoOperands
Command: "E:/TOYC/artifacts/independent_audit/build_cpp/ir_model_test.exe" "--gtest_filter=UseDefTest.VoidReturnHasNoOperands" "--gtest_also_run_disabled_tests"
Directory: E:/TOYC/artifacts/independent_audit/build_cpp
"UseDefTest.VoidReturnHasNoOperands" start time: Jul 01 05:35 中国标准时间
Output:
----------------------------------------------------------
Running main() from E:/TOYC/artifacts/independent_audit/build_cpp/_deps/googletest-src/googletest/src/gtest_main.cc
Note: Google Test filter = UseDefTest.VoidReturnHasNoOperands
[==========] Running 1 test from 1 test suite.
[----------] Global test environment set-up.
[----------] 1 test from UseDefTest
[ RUN      ] UseDefTest.VoidReturnHasNoOperands
[       OK ] UseDefTest.VoidReturnHasNoOperands (0 ms)
[----------] 1 test from UseDefTest (0 ms total)

[----------] Global test environment tear-down
[==========] 1 test from 1 test suite ran. (0 ms total)
[  PASSED  ] 1 test.
<end of output>
Test time =   0.03 sec
----------------------------------------------------------
Test Passed.
"UseDefTest.VoidReturnHasNoOperands" end time: Jul 01 05:35 中国标准时间
"UseDefTest.VoidReturnHasNoOperands" time elapsed: 00:00:00
----------------------------------------------------------

13/77 Testing: UseDefTest.LoadImmOperands
13/77 Test: UseDefTest.LoadImmOperands
Command: "E:/TOYC/artifacts/independent_audit/build_cpp/ir_model_test.exe" "--gtest_filter=UseDefTest.LoadImmOperands" "--gtest_also_run_disabled_tests"
Directory: E:/TOYC/artifacts/independent_audit/build_cpp
"UseDefTest.LoadImmOperands" start time: Jul 01 05:35 中国标准时间
Output:
----------------------------------------------------------
Running main() from E:/TOYC/artifacts/independent_audit/build_cpp/_deps/googletest-src/googletest/src/gtest_main.cc
Note: Google Test filter = UseDefTest.LoadImmOperands
[==========] Running 1 test from 1 test suite.
[----------] Global test environment set-up.
[----------] 1 test from UseDefTest
[ RUN      ] UseDefTest.LoadImmOperands
[       OK ] UseDefTest.LoadImmOperands (0 ms)
[----------] 1 test from UseDefTest (0 ms total)

[----------] Global test environment tear-down
[==========] 1 test from 1 test suite ran. (0 ms total)
[  PASSED  ] 1 test.
<end of output>
Test time =   0.02 sec
----------------------------------------------------------
Test Passed.
"UseDefTest.LoadImmOperands" end time: Jul 01 05:35 中国标准时间
"UseDefTest.LoadImmOperands" time elapsed: 00:00:00
----------------------------------------------------------

14/77 Testing: PrinterStabilityTest.SameFixturePrintsIdentically
14/77 Test: PrinterStabilityTest.SameFixturePrintsIdentically
Command: "E:/TOYC/artifacts/independent_audit/build_cpp/ir_model_test.exe" "--gtest_filter=PrinterStabilityTest.SameFixturePrintsIdentically" "--gtest_also_run_disabled_tests"
Directory: E:/TOYC/artifacts/independent_audit/build_cpp
"PrinterStabilityTest.SameFixturePrintsIdentically" start time: Jul 01 05:35 中国标准时间
Output:
----------------------------------------------------------
Running main() from E:/TOYC/artifacts/independent_audit/build_cpp/_deps/googletest-src/googletest/src/gtest_main.cc
Note: Google Test filter = PrinterStabilityTest.SameFixturePrintsIdentically
[==========] Running 1 test from 1 test suite.
[----------] Global test environment set-up.
[----------] 1 test from PrinterStabilityTest
[ RUN      ] PrinterStabilityTest.SameFixturePrintsIdentically
[       OK ] PrinterStabilityTest.SameFixturePrintsIdentically (0 ms)
[----------] 1 test from PrinterStabilityTest (0 ms total)

[----------] Global test environment tear-down
[==========] 1 test from 1 test suite ran. (0 ms total)
[  PASSED  ] 1 test.
<end of output>
Test time =   0.06 sec
----------------------------------------------------------
Test Passed.
"PrinterStabilityTest.SameFixturePrintsIdentically" end time: Jul 01 05:35 中国标准时间
"PrinterStabilityTest.SameFixturePrintsIdentically" time elapsed: 00:00:00
----------------------------------------------------------

15/77 Testing: OwnershipLifetimeTest.ModuleDestructionNoErrors
15/77 Test: OwnershipLifetimeTest.ModuleDestructionNoErrors
Command: "E:/TOYC/artifacts/independent_audit/build_cpp/ir_model_test.exe" "--gtest_filter=OwnershipLifetimeTest.ModuleDestructionNoErrors" "--gtest_also_run_disabled_tests"
Directory: E:/TOYC/artifacts/independent_audit/build_cpp
"OwnershipLifetimeTest.ModuleDestructionNoErrors" start time: Jul 01 05:35 中国标准时间
Output:
----------------------------------------------------------
Running main() from E:/TOYC/artifacts/independent_audit/build_cpp/_deps/googletest-src/googletest/src/gtest_main.cc
Note: Google Test filter = OwnershipLifetimeTest.ModuleDestructionNoErrors
[==========] Running 1 test from 1 test suite.
[----------] Global test environment set-up.
[----------] 1 test from OwnershipLifetimeTest
[ RUN      ] OwnershipLifetimeTest.ModuleDestructionNoErrors
[       OK ] OwnershipLifetimeTest.ModuleDestructionNoErrors (0 ms)
[----------] 1 test from OwnershipLifetimeTest (0 ms total)

[----------] Global test environment tear-down
[==========] 1 test from 1 test suite ran. (0 ms total)
[  PASSED  ] 1 test.
<end of output>
Test time =   0.02 sec
----------------------------------------------------------
Test Passed.
"OwnershipLifetimeTest.ModuleDestructionNoErrors" end time: Jul 01 05:35 中国标准时间
"OwnershipLifetimeTest.ModuleDestructionNoErrors" time elapsed: 00:00:00
----------------------------------------------------------

16/77 Testing: CFGBranchTest.CondBranchHasTwoSuccessors
16/77 Test: CFGBranchTest.CondBranchHasTwoSuccessors
Command: "E:/TOYC/artifacts/independent_audit/build_cpp/cfg_test.exe" "--gtest_filter=CFGBranchTest.CondBranchHasTwoSuccessors" "--gtest_also_run_disabled_tests"
Directory: E:/TOYC/artifacts/independent_audit/build_cpp
"CFGBranchTest.CondBranchHasTwoSuccessors" start time: Jul 01 05:35 中国标准时间
Output:
----------------------------------------------------------
Running main() from E:/TOYC/artifacts/independent_audit/build_cpp/_deps/googletest-src/googletest/src/gtest_main.cc
Note: Google Test filter = CFGBranchTest.CondBranchHasTwoSuccessors
[==========] Running 1 test from 1 test suite.
[----------] Global test environment set-up.
[----------] 1 test from CFGBranchTest
[ RUN      ] CFGBranchTest.CondBranchHasTwoSuccessors
[       OK ] CFGBranchTest.CondBranchHasTwoSuccessors (0 ms)
[----------] 1 test from CFGBranchTest (0 ms total)

[----------] Global test environment tear-down
[==========] 1 test from 1 test suite ran. (0 ms total)
[  PASSED  ] 1 test.
<end of output>
Test time =   0.02 sec
----------------------------------------------------------
Test Passed.
"CFGBranchTest.CondBranchHasTwoSuccessors" end time: Jul 01 05:35 中国标准时间
"CFGBranchTest.CondBranchHasTwoSuccessors" time elapsed: 00:00:00
----------------------------------------------------------

17/77 Testing: CFGBranchTest.BranchHasOneSuccessor
17/77 Test: CFGBranchTest.BranchHasOneSuccessor
Command: "E:/TOYC/artifacts/independent_audit/build_cpp/cfg_test.exe" "--gtest_filter=CFGBranchTest.BranchHasOneSuccessor" "--gtest_also_run_disabled_tests"
Directory: E:/TOYC/artifacts/independent_audit/build_cpp
"CFGBranchTest.BranchHasOneSuccessor" start time: Jul 01 05:35 中国标准时间
Output:
----------------------------------------------------------
Running main() from E:/TOYC/artifacts/independent_audit/build_cpp/_deps/googletest-src/googletest/src/gtest_main.cc
Note: Google Test filter = CFGBranchTest.BranchHasOneSuccessor
[==========] Running 1 test from 1 test suite.
[----------] Global test environment set-up.
[----------] 1 test from CFGBranchTest
[ RUN      ] CFGBranchTest.BranchHasOneSuccessor
[       OK ] CFGBranchTest.BranchHasOneSuccessor (0 ms)
[----------] 1 test from CFGBranchTest (0 ms total)

[----------] Global test environment tear-down
[==========] 1 test from 1 test suite ran. (0 ms total)
[  PASSED  ] 1 test.
<end of output>
Test time =   0.14 sec
----------------------------------------------------------
Test Passed.
"CFGBranchTest.BranchHasOneSuccessor" end time: Jul 01 05:35 中国标准时间
"CFGBranchTest.BranchHasOneSuccessor" time elapsed: 00:00:00
----------------------------------------------------------

18/77 Testing: CFGBranchTest.ReturnBlockHasNoSuccessors
18/77 Test: CFGBranchTest.ReturnBlockHasNoSuccessors
Command: "E:/TOYC/artifacts/independent_audit/build_cpp/cfg_test.exe" "--gtest_filter=CFGBranchTest.ReturnBlockHasNoSuccessors" "--gtest_also_run_disabled_tests"
Directory: E:/TOYC/artifacts/independent_audit/build_cpp
"CFGBranchTest.ReturnBlockHasNoSuccessors" start time: Jul 01 05:35 中国标准时间
Output:
----------------------------------------------------------
Running main() from E:/TOYC/artifacts/independent_audit/build_cpp/_deps/googletest-src/googletest/src/gtest_main.cc
Note: Google Test filter = CFGBranchTest.ReturnBlockHasNoSuccessors
[==========] Running 1 test from 1 test suite.
[----------] Global test environment set-up.
[----------] 1 test from CFGBranchTest
[ RUN      ] CFGBranchTest.ReturnBlockHasNoSuccessors
[       OK ] CFGBranchTest.ReturnBlockHasNoSuccessors (0 ms)
[----------] 1 test from CFGBranchTest (0 ms total)

[----------] Global test environment tear-down
[==========] 1 test from 1 test suite ran. (0 ms total)
[  PASSED  ] 1 test.
<end of output>
Test time =   0.03 sec
----------------------------------------------------------
Test Passed.
"CFGBranchTest.ReturnBlockHasNoSuccessors" end time: Jul 01 05:35 中国标准时间
"CFGBranchTest.ReturnBlockHasNoSuccessors" time elapsed: 00:00:00
----------------------------------------------------------

19/77 Testing: CFGLoopTest.WhileLoopBackedge
19/77 Test: CFGLoopTest.WhileLoopBackedge
Command: "E:/TOYC/artifacts/independent_audit/build_cpp/cfg_test.exe" "--gtest_filter=CFGLoopTest.WhileLoopBackedge" "--gtest_also_run_disabled_tests"
Directory: E:/TOYC/artifacts/independent_audit/build_cpp
"CFGLoopTest.WhileLoopBackedge" start time: Jul 01 05:35 中国标准时间
Output:
----------------------------------------------------------
Running main() from E:/TOYC/artifacts/independent_audit/build_cpp/_deps/googletest-src/googletest/src/gtest_main.cc
Note: Google Test filter = CFGLoopTest.WhileLoopBackedge
[==========] Running 1 test from 1 test suite.
[----------] Global test environment set-up.
[----------] 1 test from CFGLoopTest
[ RUN      ] CFGLoopTest.WhileLoopBackedge
[       OK ] CFGLoopTest.WhileLoopBackedge (0 ms)
[----------] 1 test from CFGLoopTest (0 ms total)

[----------] Global test environment tear-down
[==========] 1 test from 1 test suite ran. (0 ms total)
[  PASSED  ] 1 test.
<end of output>
Test time =   0.02 sec
----------------------------------------------------------
Test Passed.
"CFGLoopTest.WhileLoopBackedge" end time: Jul 01 05:35 中国标准时间
"CFGLoopTest.WhileLoopBackedge" time elapsed: 00:00:00
----------------------------------------------------------

20/77 Testing: UnreachableBlockTest.NoPredecessors
20/77 Test: UnreachableBlockTest.NoPredecessors
Command: "E:/TOYC/artifacts/independent_audit/build_cpp/cfg_test.exe" "--gtest_filter=UnreachableBlockTest.NoPredecessors" "--gtest_also_run_disabled_tests"
Directory: E:/TOYC/artifacts/independent_audit/build_cpp
"UnreachableBlockTest.NoPredecessors" start time: Jul 01 05:35 中国标准时间
Output:
----------------------------------------------------------
Running main() from E:/TOYC/artifacts/independent_audit/build_cpp/_deps/googletest-src/googletest/src/gtest_main.cc
Note: Google Test filter = UnreachableBlockTest.NoPredecessors
[==========] Running 1 test from 1 test suite.
[----------] Global test environment set-up.
[----------] 1 test from UnreachableBlockTest
[ RUN      ] UnreachableBlockTest.NoPredecessors
[       OK ] UnreachableBlockTest.NoPredecessors (0 ms)
[----------] 1 test from UnreachableBlockTest (0 ms total)

[----------] Global test environment tear-down
[==========] 1 test from 1 test suite ran. (0 ms total)
[  PASSED  ] 1 test.
<end of output>
Test time =   0.02 sec
----------------------------------------------------------
Test Passed.
"UnreachableBlockTest.NoPredecessors" end time: Jul 01 05:35 中国标准时间
"UnreachableBlockTest.NoPredecessors" time elapsed: 00:00:00
----------------------------------------------------------

21/77 Testing: UnreachableBlockTest.ReachableBlocksCount
21/77 Test: UnreachableBlockTest.ReachableBlocksCount
Command: "E:/TOYC/artifacts/independent_audit/build_cpp/cfg_test.exe" "--gtest_filter=UnreachableBlockTest.ReachableBlocksCount" "--gtest_also_run_disabled_tests"
Directory: E:/TOYC/artifacts/independent_audit/build_cpp
"UnreachableBlockTest.ReachableBlocksCount" start time: Jul 01 05:35 中国标准时间
Output:
----------------------------------------------------------
Running main() from E:/TOYC/artifacts/independent_audit/build_cpp/_deps/googletest-src/googletest/src/gtest_main.cc
Note: Google Test filter = UnreachableBlockTest.ReachableBlocksCount
[==========] Running 1 test from 1 test suite.
[----------] Global test environment set-up.
[----------] 1 test from UnreachableBlockTest
[ RUN      ] UnreachableBlockTest.ReachableBlocksCount
[       OK ] UnreachableBlockTest.ReachableBlocksCount (0 ms)
[----------] 1 test from UnreachableBlockTest (0 ms total)

[----------] Global test environment tear-down
[==========] 1 test from 1 test suite ran. (0 ms total)
[  PASSED  ] 1 test.
<end of output>
Test time =   0.03 sec
----------------------------------------------------------
Test Passed.
"UnreachableBlockTest.ReachableBlocksCount" end time: Jul 01 05:35 中国标准时间
"UnreachableBlockTest.ReachableBlocksCount" time elapsed: 00:00:00
----------------------------------------------------------

22/77 Testing: CFGSmokeTest.SmokeFixtureHasCorrectEdges
22/77 Test: CFGSmokeTest.SmokeFixtureHasCorrectEdges
Command: "E:/TOYC/artifacts/independent_audit/build_cpp/cfg_test.exe" "--gtest_filter=CFGSmokeTest.SmokeFixtureHasCorrectEdges" "--gtest_also_run_disabled_tests"
Directory: E:/TOYC/artifacts/independent_audit/build_cpp
"CFGSmokeTest.SmokeFixtureHasCorrectEdges" start time: Jul 01 05:35 中国标准时间
Output:
----------------------------------------------------------
Running main() from E:/TOYC/artifacts/independent_audit/build_cpp/_deps/googletest-src/googletest/src/gtest_main.cc
Note: Google Test filter = CFGSmokeTest.SmokeFixtureHasCorrectEdges
[==========] Running 1 test from 1 test suite.
[----------] Global test environment set-up.
[----------] 1 test from CFGSmokeTest
[ RUN      ] CFGSmokeTest.SmokeFixtureHasCorrectEdges
[       OK ] CFGSmokeTest.SmokeFixtureHasCorrectEdges (0 ms)
[----------] 1 test from CFGSmokeTest (0 ms total)

[----------] Global test environment tear-down
[==========] 1 test from 1 test suite ran. (0 ms total)
[  PASSED  ] 1 test.
<end of output>
Test time =   0.19 sec
----------------------------------------------------------
Test Passed.
"CFGSmokeTest.SmokeFixtureHasCorrectEdges" end time: Jul 01 05:35 中国标准时间
"CFGSmokeTest.SmokeFixtureHasCorrectEdges" time elapsed: 00:00:00
----------------------------------------------------------

23/77 Testing: LexerTest.SimpleInteger
23/77 Test: LexerTest.SimpleInteger
Command: "E:/TOYC/artifacts/independent_audit/build_cpp/lexer_test.exe" "--gtest_filter=LexerTest.SimpleInteger" "--gtest_also_run_disabled_tests"
Directory: E:/TOYC/artifacts/independent_audit/build_cpp
"LexerTest.SimpleInteger" start time: Jul 01 05:35 中国标准时间
Output:
----------------------------------------------------------
Running main() from E:/TOYC/artifacts/independent_audit/build_cpp/_deps/googletest-src/googletest/src/gtest_main.cc
Note: Google Test filter = LexerTest.SimpleInteger
[==========] Running 1 test from 1 test suite.
[----------] Global test environment set-up.
[----------] 1 test from LexerTest
[ RUN      ] LexerTest.SimpleInteger
[       OK ] LexerTest.SimpleInteger (0 ms)
[----------] 1 test from LexerTest (0 ms total)

[----------] Global test environment tear-down
[==========] 1 test from 1 test suite ran. (0 ms total)
[  PASSED  ] 1 test.
<end of output>
Test time =   0.03 sec
----------------------------------------------------------
Test Passed.
"LexerTest.SimpleInteger" end time: Jul 01 05:35 中国标准时间
"LexerTest.SimpleInteger" time elapsed: 00:00:00
----------------------------------------------------------

24/77 Testing: LexerTest.KeywordInt
24/77 Test: LexerTest.KeywordInt
Command: "E:/TOYC/artifacts/independent_audit/build_cpp/lexer_test.exe" "--gtest_filter=LexerTest.KeywordInt" "--gtest_also_run_disabled_tests"
Directory: E:/TOYC/artifacts/independent_audit/build_cpp
"LexerTest.KeywordInt" start time: Jul 01 05:35 中国标准时间
Output:
----------------------------------------------------------
Running main() from E:/TOYC/artifacts/independent_audit/build_cpp/_deps/googletest-src/googletest/src/gtest_main.cc
Note: Google Test filter = LexerTest.KeywordInt
[==========] Running 1 test from 1 test suite.
[----------] Global test environment set-up.
[----------] 1 test from LexerTest
[ RUN      ] LexerTest.KeywordInt
[       OK ] LexerTest.KeywordInt (0 ms)
[----------] 1 test from LexerTest (0 ms total)

[----------] Global test environment tear-down
[==========] 1 test from 1 test suite ran. (0 ms total)
[  PASSED  ] 1 test.
<end of output>
Test time =   0.02 sec
----------------------------------------------------------
Test Passed.
"LexerTest.KeywordInt" end time: Jul 01 05:35 中国标准时间
"LexerTest.KeywordInt" time elapsed: 00:00:00
----------------------------------------------------------

25/77 Testing: LexerTest.KeywordReturn
25/77 Test: LexerTest.KeywordReturn
Command: "E:/TOYC/artifacts/independent_audit/build_cpp/lexer_test.exe" "--gtest_filter=LexerTest.KeywordReturn" "--gtest_also_run_disabled_tests"
Directory: E:/TOYC/artifacts/independent_audit/build_cpp
"LexerTest.KeywordReturn" start time: Jul 01 05:35 中国标准时间
Output:
----------------------------------------------------------
Running main() from E:/TOYC/artifacts/independent_audit/build_cpp/_deps/googletest-src/googletest/src/gtest_main.cc
Note: Google Test filter = LexerTest.KeywordReturn
[==========] Running 1 test from 1 test suite.
[----------] Global test environment set-up.
[----------] 1 test from LexerTest
[ RUN      ] LexerTest.KeywordReturn
[       OK ] LexerTest.KeywordReturn (0 ms)
[----------] 1 test from LexerTest (0 ms total)

[----------] Global test environment tear-down
[==========] 1 test from 1 test suite ran. (0 ms total)
[  PASSED  ] 1 test.
<end of output>
Test time =   0.02 sec
----------------------------------------------------------
Test Passed.
"LexerTest.KeywordReturn" end time: Jul 01 05:35 中国标准时间
"LexerTest.KeywordReturn" time elapsed: 00:00:00
----------------------------------------------------------

26/77 Testing: LexerTest.FullProgram
26/77 Test: LexerTest.FullProgram
Command: "E:/TOYC/artifacts/independent_audit/build_cpp/lexer_test.exe" "--gtest_filter=LexerTest.FullProgram" "--gtest_also_run_disabled_tests"
Directory: E:/TOYC/artifacts/independent_audit/build_cpp
"LexerTest.FullProgram" start time: Jul 01 05:35 中国标准时间
Output:
----------------------------------------------------------
Running main() from E:/TOYC/artifacts/independent_audit/build_cpp/_deps/googletest-src/googletest/src/gtest_main.cc
Note: Google Test filter = LexerTest.FullProgram
[==========] Running 1 test from 1 test suite.
[----------] Global test environment set-up.
[----------] 1 test from LexerTest
[ RUN      ] LexerTest.FullProgram
[       OK ] LexerTest.FullProgram (0 ms)
[----------] 1 test from LexerTest (0 ms total)

[----------] Global test environment tear-down
[==========] 1 test from 1 test suite ran. (0 ms total)
[  PASSED  ] 1 test.
<end of output>
Test time =   0.02 sec
----------------------------------------------------------
Test Passed.
"LexerTest.FullProgram" end time: Jul 01 05:35 中国标准时间
"LexerTest.FullProgram" time elapsed: 00:00:00
----------------------------------------------------------

27/77 Testing: LexerTest.Operators
27/77 Test: LexerTest.Operators
Command: "E:/TOYC/artifacts/independent_audit/build_cpp/lexer_test.exe" "--gtest_filter=LexerTest.Operators" "--gtest_also_run_disabled_tests"
Directory: E:/TOYC/artifacts/independent_audit/build_cpp
"LexerTest.Operators" start time: Jul 01 05:35 中国标准时间
Output:
----------------------------------------------------------
Running main() from E:/TOYC/artifacts/independent_audit/build_cpp/_deps/googletest-src/googletest/src/gtest_main.cc
Note: Google Test filter = LexerTest.Operators
[==========] Running 1 test from 1 test suite.
[----------] Global test environment set-up.
[----------] 1 test from LexerTest
[ RUN      ] LexerTest.Operators
[       OK ] LexerTest.Operators (0 ms)
[----------] 1 test from LexerTest (0 ms total)

[----------] Global test environment tear-down
[==========] 1 test from 1 test suite ran. (0 ms total)
[  PASSED  ] 1 test.
<end of output>
Test time =   0.04 sec
----------------------------------------------------------
Test Passed.
"LexerTest.Operators" end time: Jul 01 05:35 中国标准时间
"LexerTest.Operators" time elapsed: 00:00:00
----------------------------------------------------------

28/77 Testing: LexerTest.LineComment
28/77 Test: LexerTest.LineComment
Command: "E:/TOYC/artifacts/independent_audit/build_cpp/lexer_test.exe" "--gtest_filter=LexerTest.LineComment" "--gtest_also_run_disabled_tests"
Directory: E:/TOYC/artifacts/independent_audit/build_cpp
"LexerTest.LineComment" start time: Jul 01 05:35 中国标准时间
Output:
----------------------------------------------------------
Running main() from E:/TOYC/artifacts/independent_audit/build_cpp/_deps/googletest-src/googletest/src/gtest_main.cc
Note: Google Test filter = LexerTest.LineComment
[==========] Running 1 test from 1 test suite.
[----------] Global test environment set-up.
[----------] 1 test from LexerTest
[ RUN      ] LexerTest.LineComment
[       OK ] LexerTest.LineComment (0 ms)
[----------] 1 test from LexerTest (0 ms total)

[----------] Global test environment tear-down
[==========] 1 test from 1 test suite ran. (0 ms total)
[  PASSED  ] 1 test.
<end of output>
Test time =   0.03 sec
----------------------------------------------------------
Test Passed.
"LexerTest.LineComment" end time: Jul 01 05:35 中国标准时间
"LexerTest.LineComment" time elapsed: 00:00:00
----------------------------------------------------------

29/77 Testing: LexerTest.BlockComment
29/77 Test: LexerTest.BlockComment
Command: "E:/TOYC/artifacts/independent_audit/build_cpp/lexer_test.exe" "--gtest_filter=LexerTest.BlockComment" "--gtest_also_run_disabled_tests"
Directory: E:/TOYC/artifacts/independent_audit/build_cpp
"LexerTest.BlockComment" start time: Jul 01 05:35 中国标准时间
Output:
----------------------------------------------------------
Running main() from E:/TOYC/artifacts/independent_audit/build_cpp/_deps/googletest-src/googletest/src/gtest_main.cc
Note: Google Test filter = LexerTest.BlockComment
[==========] Running 1 test from 1 test suite.
[----------] Global test environment set-up.
[----------] 1 test from LexerTest
[ RUN      ] LexerTest.BlockComment
[       OK ] LexerTest.BlockComment (0 ms)
[----------] 1 test from LexerTest (0 ms total)

[----------] Global test environment tear-down
[==========] 1 test from 1 test suite ran. (0 ms total)
[  PASSED  ] 1 test.
<end of output>
Test time =   0.04 sec
----------------------------------------------------------
Test Passed.
"LexerTest.BlockComment" end time: Jul 01 05:35 中国标准时间
"LexerTest.BlockComment" time elapsed: 00:00:00
----------------------------------------------------------

30/77 Testing: LexerTest.MultiLineBlockComment
30/77 Test: LexerTest.MultiLineBlockComment
Command: "E:/TOYC/artifacts/independent_audit/build_cpp/lexer_test.exe" "--gtest_filter=LexerTest.MultiLineBlockComment" "--gtest_also_run_disabled_tests"
Directory: E:/TOYC/artifacts/independent_audit/build_cpp
"LexerTest.MultiLineBlockComment" start time: Jul 01 05:35 中国标准时间
Output:
----------------------------------------------------------
Running main() from E:/TOYC/artifacts/independent_audit/build_cpp/_deps/googletest-src/googletest/src/gtest_main.cc
Note: Google Test filter = LexerTest.MultiLineBlockComment
[==========] Running 1 test from 1 test suite.
[----------] Global test environment set-up.
[----------] 1 test from LexerTest
[ RUN      ] LexerTest.MultiLineBlockComment
[       OK ] LexerTest.MultiLineBlockComment (0 ms)
[----------] 1 test from LexerTest (0 ms total)

[----------] Global test environment tear-down
[==========] 1 test from 1 test suite ran. (0 ms total)
[  PASSED  ] 1 test.
<end of output>
Test time =   0.04 sec
----------------------------------------------------------
Test Passed.
"LexerTest.MultiLineBlockComment" end time: Jul 01 05:35 中国标准时间
"LexerTest.MultiLineBlockComment" time elapsed: 00:00:00
----------------------------------------------------------

31/77 Testing: LexerTest.ParenthesesAndBraces
31/77 Test: LexerTest.ParenthesesAndBraces
Command: "E:/TOYC/artifacts/independent_audit/build_cpp/lexer_test.exe" "--gtest_filter=LexerTest.ParenthesesAndBraces" "--gtest_also_run_disabled_tests"
Directory: E:/TOYC/artifacts/independent_audit/build_cpp
"LexerTest.ParenthesesAndBraces" start time: Jul 01 05:35 中国标准时间
Output:
----------------------------------------------------------
Running main() from E:/TOYC/artifacts/independent_audit/build_cpp/_deps/googletest-src/googletest/src/gtest_main.cc
Note: Google Test filter = LexerTest.ParenthesesAndBraces
[==========] Running 1 test from 1 test suite.
[----------] Global test environment set-up.
[----------] 1 test from LexerTest
[ RUN      ] LexerTest.ParenthesesAndBraces
[       OK ] LexerTest.ParenthesesAndBraces (0 ms)
[----------] 1 test from LexerTest (0 ms total)

[----------] Global test environment tear-down
[==========] 1 test from 1 test suite ran. (0 ms total)
[  PASSED  ] 1 test.
<end of output>
Test time =   0.02 sec
----------------------------------------------------------
Test Passed.
"LexerTest.ParenthesesAndBraces" end time: Jul 01 05:35 中国标准时间
"LexerTest.ParenthesesAndBraces" time elapsed: 00:00:00
----------------------------------------------------------

32/77 Testing: LexerTest.ErrorUnexpectedChar
32/77 Test: LexerTest.ErrorUnexpectedChar
Command: "E:/TOYC/artifacts/independent_audit/build_cpp/lexer_test.exe" "--gtest_filter=LexerTest.ErrorUnexpectedChar" "--gtest_also_run_disabled_tests"
Directory: E:/TOYC/artifacts/independent_audit/build_cpp
"LexerTest.ErrorUnexpectedChar" start time: Jul 01 05:35 中国标准时间
Output:
----------------------------------------------------------
Running main() from E:/TOYC/artifacts/independent_audit/build_cpp/_deps/googletest-src/googletest/src/gtest_main.cc
Note: Google Test filter = LexerTest.ErrorUnexpectedChar
[==========] Running 1 test from 1 test suite.
[----------] Global test environment set-up.
[----------] 1 test from LexerTest
[ RUN      ] LexerTest.ErrorUnexpectedChar
[       OK ] LexerTest.ErrorUnexpectedChar (0 ms)
[----------] 1 test from LexerTest (0 ms total)

[----------] Global test environment tear-down
[==========] 1 test from 1 test suite ran. (0 ms total)
[  PASSED  ] 1 test.
<end of output>
Test time =   0.02 sec
----------------------------------------------------------
Test Passed.
"LexerTest.ErrorUnexpectedChar" end time: Jul 01 05:35 中国标准时间
"LexerTest.ErrorUnexpectedChar" time elapsed: 00:00:00
----------------------------------------------------------

33/77 Testing: LexerTest.SingleEqNowValid
33/77 Test: LexerTest.SingleEqNowValid
Command: "E:/TOYC/artifacts/independent_audit/build_cpp/lexer_test.exe" "--gtest_filter=LexerTest.SingleEqNowValid" "--gtest_also_run_disabled_tests"
Directory: E:/TOYC/artifacts/independent_audit/build_cpp
"LexerTest.SingleEqNowValid" start time: Jul 01 05:35 中国标准时间
Output:
----------------------------------------------------------
Running main() from E:/TOYC/artifacts/independent_audit/build_cpp/_deps/googletest-src/googletest/src/gtest_main.cc
Note: Google Test filter = LexerTest.SingleEqNowValid
[==========] Running 1 test from 1 test suite.
[----------] Global test environment set-up.
[----------] 1 test from LexerTest
[ RUN      ] LexerTest.SingleEqNowValid
[       OK ] LexerTest.SingleEqNowValid (0 ms)
[----------] 1 test from LexerTest (0 ms total)

[----------] Global test environment tear-down
[==========] 1 test from 1 test suite ran. (0 ms total)
[  PASSED  ] 1 test.
<end of output>
Test time =   0.02 sec
----------------------------------------------------------
Test Passed.
"LexerTest.SingleEqNowValid" end time: Jul 01 05:35 中国标准时间
"LexerTest.SingleEqNowValid" time elapsed: 00:00:00
----------------------------------------------------------

34/77 Testing: ParserTest.SimpleReturn42
34/77 Test: ParserTest.SimpleReturn42
Command: "E:/TOYC/artifacts/independent_audit/build_cpp/parser_test.exe" "--gtest_filter=ParserTest.SimpleReturn42" "--gtest_also_run_disabled_tests"
Directory: E:/TOYC/artifacts/independent_audit/build_cpp
"ParserTest.SimpleReturn42" start time: Jul 01 05:35 中国标准时间
Output:
----------------------------------------------------------
Running main() from E:/TOYC/artifacts/independent_audit/build_cpp/_deps/googletest-src/googletest/src/gtest_main.cc
Note: Google Test filter = ParserTest.SimpleReturn42
[==========] Running 1 test from 1 test suite.
[----------] Global test environment set-up.
[----------] 1 test from ParserTest
[ RUN      ] ParserTest.SimpleReturn42
[       OK ] ParserTest.SimpleReturn42 (0 ms)
[----------] 1 test from ParserTest (0 ms total)

[----------] Global test environment tear-down
[==========] 1 test from 1 test suite ran. (0 ms total)
[  PASSED  ] 1 test.
<end of output>
Test time =   0.06 sec
----------------------------------------------------------
Test Passed.
"ParserTest.SimpleReturn42" end time: Jul 01 05:35 中国标准时间
"ParserTest.SimpleReturn42" time elapsed: 00:00:00
----------------------------------------------------------

35/77 Testing: ParserTest.ReturnZero
35/77 Test: ParserTest.ReturnZero
Command: "E:/TOYC/artifacts/independent_audit/build_cpp/parser_test.exe" "--gtest_filter=ParserTest.ReturnZero" "--gtest_also_run_disabled_tests"
Directory: E:/TOYC/artifacts/independent_audit/build_cpp
"ParserTest.ReturnZero" start time: Jul 01 05:35 中国标准时间
Output:
----------------------------------------------------------
Running main() from E:/TOYC/artifacts/independent_audit/build_cpp/_deps/googletest-src/googletest/src/gtest_main.cc
Note: Google Test filter = ParserTest.ReturnZero
[==========] Running 1 test from 1 test suite.
[----------] Global test environment set-up.
[----------] 1 test from ParserTest
[ RUN      ] ParserTest.ReturnZero
[       OK ] ParserTest.ReturnZero (0 ms)
[----------] 1 test from ParserTest (0 ms total)

[----------] Global test environment tear-down
[==========] 1 test from 1 test suite ran. (0 ms total)
[  PASSED  ] 1 test.
<end of output>
Test time =   0.02 sec
----------------------------------------------------------
Test Passed.
"ParserTest.ReturnZero" end time: Jul 01 05:35 中国标准时间
"ParserTest.ReturnZero" time elapsed: 00:00:00
----------------------------------------------------------

36/77 Testing: ParserTest.UnaryMinus
36/77 Test: ParserTest.UnaryMinus
Command: "E:/TOYC/artifacts/independent_audit/build_cpp/parser_test.exe" "--gtest_filter=ParserTest.UnaryMinus" "--gtest_also_run_disabled_tests"
Directory: E:/TOYC/artifacts/independent_audit/build_cpp
"ParserTest.UnaryMinus" start time: Jul 01 05:35 中国标准时间
Output:
----------------------------------------------------------
Running main() from E:/TOYC/artifacts/independent_audit/build_cpp/_deps/googletest-src/googletest/src/gtest_main.cc
Note: Google Test filter = ParserTest.UnaryMinus
[==========] Running 1 test from 1 test suite.
[----------] Global test environment set-up.
[----------] 1 test from ParserTest
[ RUN      ] ParserTest.UnaryMinus
[       OK ] ParserTest.UnaryMinus (0 ms)
[----------] 1 test from ParserTest (0 ms total)

[----------] Global test environment tear-down
[==========] 1 test from 1 test suite ran. (0 ms total)
[  PASSED  ] 1 test.
<end of output>
Test time =   0.02 sec
----------------------------------------------------------
Test Passed.
"ParserTest.UnaryMinus" end time: Jul 01 05:35 中国标准时间
"ParserTest.UnaryMinus" time elapsed: 00:00:00
----------------------------------------------------------

37/77 Testing: ParserTest.UnaryNot
37/77 Test: ParserTest.UnaryNot
Command: "E:/TOYC/artifacts/independent_audit/build_cpp/parser_test.exe" "--gtest_filter=ParserTest.UnaryNot" "--gtest_also_run_disabled_tests"
Directory: E:/TOYC/artifacts/independent_audit/build_cpp
"ParserTest.UnaryNot" start time: Jul 01 05:35 中国标准时间
Output:
----------------------------------------------------------
Running main() from E:/TOYC/artifacts/independent_audit/build_cpp/_deps/googletest-src/googletest/src/gtest_main.cc
Note: Google Test filter = ParserTest.UnaryNot
[==========] Running 1 test from 1 test suite.
[----------] Global test environment set-up.
[----------] 1 test from ParserTest
[ RUN      ] ParserTest.UnaryNot
[       OK ] ParserTest.UnaryNot (0 ms)
[----------] 1 test from ParserTest (0 ms total)

[----------] Global test environment tear-down
[==========] 1 test from 1 test suite ran. (0 ms total)
[  PASSED  ] 1 test.
<end of output>
Test time =   0.02 sec
----------------------------------------------------------
Test Passed.
"ParserTest.UnaryNot" end time: Jul 01 05:35 中国标准时间
"ParserTest.UnaryNot" time elapsed: 00:00:00
----------------------------------------------------------

38/77 Testing: ParserTest.BinaryAdd
38/77 Test: ParserTest.BinaryAdd
Command: "E:/TOYC/artifacts/independent_audit/build_cpp/parser_test.exe" "--gtest_filter=ParserTest.BinaryAdd" "--gtest_also_run_disabled_tests"
Directory: E:/TOYC/artifacts/independent_audit/build_cpp
"ParserTest.BinaryAdd" start time: Jul 01 05:35 中国标准时间
Output:
----------------------------------------------------------
Running main() from E:/TOYC/artifacts/independent_audit/build_cpp/_deps/googletest-src/googletest/src/gtest_main.cc
Note: Google Test filter = ParserTest.BinaryAdd
[==========] Running 1 test from 1 test suite.
[----------] Global test environment set-up.
[----------] 1 test from ParserTest
[ RUN      ] ParserTest.BinaryAdd
[       OK ] ParserTest.BinaryAdd (0 ms)
[----------] 1 test from ParserTest (0 ms total)

[----------] Global test environment tear-down
[==========] 1 test from 1 test suite ran. (0 ms total)
[  PASSED  ] 1 test.
<end of output>
Test time =   0.04 sec
----------------------------------------------------------
Test Passed.
"ParserTest.BinaryAdd" end time: Jul 01 05:35 中国标准时间
"ParserTest.BinaryAdd" time elapsed: 00:00:00
----------------------------------------------------------

39/77 Testing: ParserTest.PrecedenceAddMul
39/77 Test: ParserTest.PrecedenceAddMul
Command: "E:/TOYC/artifacts/independent_audit/build_cpp/parser_test.exe" "--gtest_filter=ParserTest.PrecedenceAddMul" "--gtest_also_run_disabled_tests"
Directory: E:/TOYC/artifacts/independent_audit/build_cpp
"ParserTest.PrecedenceAddMul" start time: Jul 01 05:35 中国标准时间
Output:
----------------------------------------------------------
Running main() from E:/TOYC/artifacts/independent_audit/build_cpp/_deps/googletest-src/googletest/src/gtest_main.cc
Note: Google Test filter = ParserTest.PrecedenceAddMul
[==========] Running 1 test from 1 test suite.
[----------] Global test environment set-up.
[----------] 1 test from ParserTest
[ RUN      ] ParserTest.PrecedenceAddMul
[       OK ] ParserTest.PrecedenceAddMul (0 ms)
[----------] 1 test from ParserTest (0 ms total)

[----------] Global test environment tear-down
[==========] 1 test from 1 test suite ran. (0 ms total)
[  PASSED  ] 1 test.
<end of output>
Test time =   0.03 sec
----------------------------------------------------------
Test Passed.
"ParserTest.PrecedenceAddMul" end time: Jul 01 05:35 中国标准时间
"ParserTest.PrecedenceAddMul" time elapsed: 00:00:00
----------------------------------------------------------

40/77 Testing: ParserTest.ParenthesesOverridePrecedence
40/77 Test: ParserTest.ParenthesesOverridePrecedence
Command: "E:/TOYC/artifacts/independent_audit/build_cpp/parser_test.exe" "--gtest_filter=ParserTest.ParenthesesOverridePrecedence" "--gtest_also_run_disabled_tests"
Directory: E:/TOYC/artifacts/independent_audit/build_cpp
"ParserTest.ParenthesesOverridePrecedence" start time: Jul 01 05:35 中国标准时间
Output:
----------------------------------------------------------
Running main() from E:/TOYC/artifacts/independent_audit/build_cpp/_deps/googletest-src/googletest/src/gtest_main.cc
Note: Google Test filter = ParserTest.ParenthesesOverridePrecedence
[==========] Running 1 test from 1 test suite.
[----------] Global test environment set-up.
[----------] 1 test from ParserTest
[ RUN      ] ParserTest.ParenthesesOverridePrecedence
[       OK ] ParserTest.ParenthesesOverridePrecedence (0 ms)
[----------] 1 test from ParserTest (0 ms total)

[----------] Global test environment tear-down
[==========] 1 test from 1 test suite ran. (0 ms total)
[  PASSED  ] 1 test.
<end of output>
Test time =   0.04 sec
----------------------------------------------------------
Test Passed.
"ParserTest.ParenthesesOverridePrecedence" end time: Jul 01 05:35 中国标准时间
"ParserTest.ParenthesesOverridePrecedence" time elapsed: 00:00:00
----------------------------------------------------------

41/77 Testing: ParserTest.Comparison
41/77 Test: ParserTest.Comparison
Command: "E:/TOYC/artifacts/independent_audit/build_cpp/parser_test.exe" "--gtest_filter=ParserTest.Comparison" "--gtest_also_run_disabled_tests"
Directory: E:/TOYC/artifacts/independent_audit/build_cpp
"ParserTest.Comparison" start time: Jul 01 05:35 中国标准时间
Output:
----------------------------------------------------------
Running main() from E:/TOYC/artifacts/independent_audit/build_cpp/_deps/googletest-src/googletest/src/gtest_main.cc
Note: Google Test filter = ParserTest.Comparison
[==========] Running 1 test from 1 test suite.
[----------] Global test environment set-up.
[----------] 1 test from ParserTest
[ RUN      ] ParserTest.Comparison
[       OK ] ParserTest.Comparison (0 ms)
[----------] 1 test from ParserTest (0 ms total)

[----------] Global test environment tear-down
[==========] 1 test from 1 test suite ran. (0 ms total)
[  PASSED  ] 1 test.
<end of output>
Test time =   0.04 sec
----------------------------------------------------------
Test Passed.
"ParserTest.Comparison" end time: Jul 01 05:35 中国标准时间
"ParserTest.Comparison" time elapsed: 00:00:00
----------------------------------------------------------

42/77 Testing: ParserTest.Equality
42/77 Test: ParserTest.Equality
Command: "E:/TOYC/artifacts/independent_audit/build_cpp/parser_test.exe" "--gtest_filter=ParserTest.Equality" "--gtest_also_run_disabled_tests"
Directory: E:/TOYC/artifacts/independent_audit/build_cpp
"ParserTest.Equality" start time: Jul 01 05:35 中国标准时间
Output:
----------------------------------------------------------
Running main() from E:/TOYC/artifacts/independent_audit/build_cpp/_deps/googletest-src/googletest/src/gtest_main.cc
Note: Google Test filter = ParserTest.Equality
[==========] Running 1 test from 1 test suite.
[----------] Global test environment set-up.
[----------] 1 test from ParserTest
[ RUN      ] ParserTest.Equality
[       OK ] ParserTest.Equality (0 ms)
[----------] 1 test from ParserTest (0 ms total)

[----------] Global test environment tear-down
[==========] 1 test from 1 test suite ran. (0 ms total)
[  PASSED  ] 1 test.
<end of output>
Test time =   0.03 sec
----------------------------------------------------------
Test Passed.
"ParserTest.Equality" end time: Jul 01 05:35 中国标准时间
"ParserTest.Equality" time elapsed: 00:00:00
----------------------------------------------------------

43/77 Testing: ParserTest.LogicalAndOr
43/77 Test: ParserTest.LogicalAndOr
Command: "E:/TOYC/artifacts/independent_audit/build_cpp/parser_test.exe" "--gtest_filter=ParserTest.LogicalAndOr" "--gtest_also_run_disabled_tests"
Directory: E:/TOYC/artifacts/independent_audit/build_cpp
"ParserTest.LogicalAndOr" start time: Jul 01 05:35 中国标准时间
Output:
----------------------------------------------------------
Running main() from E:/TOYC/artifacts/independent_audit/build_cpp/_deps/googletest-src/googletest/src/gtest_main.cc
Note: Google Test filter = ParserTest.LogicalAndOr
[==========] Running 1 test from 1 test suite.
[----------] Global test environment set-up.
[----------] 1 test from ParserTest
[ RUN      ] ParserTest.LogicalAndOr
[       OK ] ParserTest.LogicalAndOr (0 ms)
[----------] 1 test from ParserTest (0 ms total)

[----------] Global test environment tear-down
[==========] 1 test from 1 test suite ran. (0 ms total)
[  PASSED  ] 1 test.
<end of output>
Test time =   0.03 sec
----------------------------------------------------------
Test Passed.
"ParserTest.LogicalAndOr" end time: Jul 01 05:35 中国标准时间
"ParserTest.LogicalAndOr" time elapsed: 00:00:00
----------------------------------------------------------

44/77 Testing: ParserTest.VarDecl
44/77 Test: ParserTest.VarDecl
Command: "E:/TOYC/artifacts/independent_audit/build_cpp/parser_test.exe" "--gtest_filter=ParserTest.VarDecl" "--gtest_also_run_disabled_tests"
Directory: E:/TOYC/artifacts/independent_audit/build_cpp
"ParserTest.VarDecl" start time: Jul 01 05:35 中国标准时间
Output:
----------------------------------------------------------
Running main() from E:/TOYC/artifacts/independent_audit/build_cpp/_deps/googletest-src/googletest/src/gtest_main.cc
Note: Google Test filter = ParserTest.VarDecl
[==========] Running 1 test from 1 test suite.
[----------] Global test environment set-up.
[----------] 1 test from ParserTest
[ RUN      ] ParserTest.VarDecl
[       OK ] ParserTest.VarDecl (0 ms)
[----------] 1 test from ParserTest (0 ms total)

[----------] Global test environment tear-down
[==========] 1 test from 1 test suite ran. (0 ms total)
[  PASSED  ] 1 test.
<end of output>
Test time =   0.02 sec
----------------------------------------------------------
Test Passed.
"ParserTest.VarDecl" end time: Jul 01 05:35 中国标准时间
"ParserTest.VarDecl" time elapsed: 00:00:00
----------------------------------------------------------

45/77 Testing: ParserTest.Assignment
45/77 Test: ParserTest.Assignment
Command: "E:/TOYC/artifacts/independent_audit/build_cpp/parser_test.exe" "--gtest_filter=ParserTest.Assignment" "--gtest_also_run_disabled_tests"
Directory: E:/TOYC/artifacts/independent_audit/build_cpp
"ParserTest.Assignment" start time: Jul 01 05:35 中国标准时间
Output:
----------------------------------------------------------
Running main() from E:/TOYC/artifacts/independent_audit/build_cpp/_deps/googletest-src/googletest/src/gtest_main.cc
Note: Google Test filter = ParserTest.Assignment
[==========] Running 1 test from 1 test suite.
[----------] Global test environment set-up.
[----------] 1 test from ParserTest
[ RUN      ] ParserTest.Assignment
[       OK ] ParserTest.Assignment (0 ms)
[----------] 1 test from ParserTest (0 ms total)

[----------] Global test environment tear-down
[==========] 1 test from 1 test suite ran. (0 ms total)
[  PASSED  ] 1 test.
<end of output>
Test time =   0.02 sec
----------------------------------------------------------
Test Passed.
"ParserTest.Assignment" end time: Jul 01 05:35 中国标准时间
"ParserTest.Assignment" time elapsed: 00:00:00
----------------------------------------------------------

46/77 Testing: ParserTest.IfElse
46/77 Test: ParserTest.IfElse
Command: "E:/TOYC/artifacts/independent_audit/build_cpp/parser_test.exe" "--gtest_filter=ParserTest.IfElse" "--gtest_also_run_disabled_tests"
Directory: E:/TOYC/artifacts/independent_audit/build_cpp
"ParserTest.IfElse" start time: Jul 01 05:35 中国标准时间
Output:
----------------------------------------------------------
Running main() from E:/TOYC/artifacts/independent_audit/build_cpp/_deps/googletest-src/googletest/src/gtest_main.cc
Note: Google Test filter = ParserTest.IfElse
[==========] Running 1 test from 1 test suite.
[----------] Global test environment set-up.
[----------] 1 test from ParserTest
[ RUN      ] ParserTest.IfElse
[       OK ] ParserTest.IfElse (0 ms)
[----------] 1 test from ParserTest (0 ms total)

[----------] Global test environment tear-down
[==========] 1 test from 1 test suite ran. (0 ms total)
[  PASSED  ] 1 test.
<end of output>
Test time =   0.14 sec
----------------------------------------------------------
Test Passed.
"ParserTest.IfElse" end time: Jul 01 05:35 中国标准时间
"ParserTest.IfElse" time elapsed: 00:00:00
----------------------------------------------------------

47/77 Testing: ParserTest.DanglingElse
47/77 Test: ParserTest.DanglingElse
Command: "E:/TOYC/artifacts/independent_audit/build_cpp/parser_test.exe" "--gtest_filter=ParserTest.DanglingElse" "--gtest_also_run_disabled_tests"
Directory: E:/TOYC/artifacts/independent_audit/build_cpp
"ParserTest.DanglingElse" start time: Jul 01 05:35 中国标准时间
Output:
----------------------------------------------------------
Running main() from E:/TOYC/artifacts/independent_audit/build_cpp/_deps/googletest-src/googletest/src/gtest_main.cc
Note: Google Test filter = ParserTest.DanglingElse
[==========] Running 1 test from 1 test suite.
[----------] Global test environment set-up.
[----------] 1 test from ParserTest
[ RUN      ] ParserTest.DanglingElse
[       OK ] ParserTest.DanglingElse (0 ms)
[----------] 1 test from ParserTest (0 ms total)

[----------] Global test environment tear-down
[==========] 1 test from 1 test suite ran. (0 ms total)
[  PASSED  ] 1 test.
<end of output>
Test time =   0.07 sec
----------------------------------------------------------
Test Passed.
"ParserTest.DanglingElse" end time: Jul 01 05:35 中国标准时间
"ParserTest.DanglingElse" time elapsed: 00:00:00
----------------------------------------------------------

48/77 Testing: ParserTest.ErrorMissingSemicolon
48/77 Test: ParserTest.ErrorMissingSemicolon
Command: "E:/TOYC/artifacts/independent_audit/build_cpp/parser_test.exe" "--gtest_filter=ParserTest.ErrorMissingSemicolon" "--gtest_also_run_disabled_tests"
Directory: E:/TOYC/artifacts/independent_audit/build_cpp
"ParserTest.ErrorMissingSemicolon" start time: Jul 01 05:35 中国标准时间
Output:
----------------------------------------------------------
Running main() from E:/TOYC/artifacts/independent_audit/build_cpp/_deps/googletest-src/googletest/src/gtest_main.cc
Note: Google Test filter = ParserTest.ErrorMissingSemicolon
[==========] Running 1 test from 1 test suite.
[----------] Global test environment set-up.
[----------] 1 test from ParserTest
[ RUN      ] ParserTest.ErrorMissingSemicolon
[       OK ] ParserTest.ErrorMissingSemicolon (0 ms)
[----------] 1 test from ParserTest (0 ms total)

[----------] Global test environment tear-down
[==========] 1 test from 1 test suite ran. (0 ms total)
[  PASSED  ] 1 test.
<end of output>
Test time =   0.02 sec
----------------------------------------------------------
Test Passed.
"ParserTest.ErrorMissingSemicolon" end time: Jul 01 05:35 中国标准时间
"ParserTest.ErrorMissingSemicolon" time elapsed: 00:00:00
----------------------------------------------------------

49/77 Testing: ParserTest.ErrorMissingParen
49/77 Test: ParserTest.ErrorMissingParen
Command: "E:/TOYC/artifacts/independent_audit/build_cpp/parser_test.exe" "--gtest_filter=ParserTest.ErrorMissingParen" "--gtest_also_run_disabled_tests"
Directory: E:/TOYC/artifacts/independent_audit/build_cpp
"ParserTest.ErrorMissingParen" start time: Jul 01 05:35 中国标准时间
Output:
----------------------------------------------------------
Running main() from E:/TOYC/artifacts/independent_audit/build_cpp/_deps/googletest-src/googletest/src/gtest_main.cc
Note: Google Test filter = ParserTest.ErrorMissingParen
[==========] Running 1 test from 1 test suite.
[----------] Global test environment set-up.
[----------] 1 test from ParserTest
[ RUN      ] ParserTest.ErrorMissingParen
[       OK ] ParserTest.ErrorMissingParen (0 ms)
[----------] 1 test from ParserTest (0 ms total)

[----------] Global test environment tear-down
[==========] 1 test from 1 test suite ran. (0 ms total)
[  PASSED  ] 1 test.
<end of output>
Test time =   0.02 sec
----------------------------------------------------------
Test Passed.
"ParserTest.ErrorMissingParen" end time: Jul 01 05:35 中国标准时间
"ParserTest.ErrorMissingParen" time elapsed: 00:00:00
----------------------------------------------------------

50/77 Testing: ParserTest.ErrorExtraTokens
50/77 Test: ParserTest.ErrorExtraTokens
Command: "E:/TOYC/artifacts/independent_audit/build_cpp/parser_test.exe" "--gtest_filter=ParserTest.ErrorExtraTokens" "--gtest_also_run_disabled_tests"
Directory: E:/TOYC/artifacts/independent_audit/build_cpp
"ParserTest.ErrorExtraTokens" start time: Jul 01 05:35 中国标准时间
Output:
----------------------------------------------------------
Running main() from E:/TOYC/artifacts/independent_audit/build_cpp/_deps/googletest-src/googletest/src/gtest_main.cc
Note: Google Test filter = ParserTest.ErrorExtraTokens
[==========] Running 1 test from 1 test suite.
[----------] Global test environment set-up.
[----------] 1 test from ParserTest
[ RUN      ] ParserTest.ErrorExtraTokens
[       OK ] ParserTest.ErrorExtraTokens (0 ms)
[----------] 1 test from ParserTest (0 ms total)

[----------] Global test environment tear-down
[==========] 1 test from 1 test suite ran. (0 ms total)
[  PASSED  ] 1 test.
<end of output>
Test time =   0.02 sec
----------------------------------------------------------
Test Passed.
"ParserTest.ErrorExtraTokens" end time: Jul 01 05:35 中国标准时间
"ParserTest.ErrorExtraTokens" time elapsed: 00:00:00
----------------------------------------------------------

51/77 Testing: ParserTest.ErrorNonMain
51/77 Test: ParserTest.ErrorNonMain
Command: "E:/TOYC/artifacts/independent_audit/build_cpp/parser_test.exe" "--gtest_filter=ParserTest.ErrorNonMain" "--gtest_also_run_disabled_tests"
Directory: E:/TOYC/artifacts/independent_audit/build_cpp
"ParserTest.ErrorNonMain" start time: Jul 01 05:35 中国标准时间
Output:
----------------------------------------------------------
Running main() from E:/TOYC/artifacts/independent_audit/build_cpp/_deps/googletest-src/googletest/src/gtest_main.cc
Note: Google Test filter = ParserTest.ErrorNonMain
[==========] Running 1 test from 1 test suite.
[----------] Global test environment set-up.
[----------] 1 test from ParserTest
[ RUN      ] ParserTest.ErrorNonMain
[       OK ] ParserTest.ErrorNonMain (0 ms)
[----------] 1 test from ParserTest (0 ms total)

[----------] Global test environment tear-down
[==========] 1 test from 1 test suite ran. (0 ms total)
[  PASSED  ] 1 test.
<end of output>
Test time =   0.02 sec
----------------------------------------------------------
Test Passed.
"ParserTest.ErrorNonMain" end time: Jul 01 05:35 中国标准时间
"ParserTest.ErrorNonMain" time elapsed: 00:00:00
----------------------------------------------------------

52/77 Testing: ParserTest.SemanticMissingReturn
52/77 Test: ParserTest.SemanticMissingReturn
Command: "E:/TOYC/artifacts/independent_audit/build_cpp/parser_test.exe" "--gtest_filter=ParserTest.SemanticMissingReturn" "--gtest_also_run_disabled_tests"
Directory: E:/TOYC/artifacts/independent_audit/build_cpp
"ParserTest.SemanticMissingReturn" start time: Jul 01 05:35 中国标准时间
Output:
----------------------------------------------------------
Running main() from E:/TOYC/artifacts/independent_audit/build_cpp/_deps/googletest-src/googletest/src/gtest_main.cc
Note: Google Test filter = ParserTest.SemanticMissingReturn
[==========] Running 1 test from 1 test suite.
[----------] Global test environment set-up.
[----------] 1 test from ParserTest
[ RUN      ] ParserTest.SemanticMissingReturn
[       OK ] ParserTest.SemanticMissingReturn (0 ms)
[----------] 1 test from ParserTest (0 ms total)

[----------] Global test environment tear-down
[==========] 1 test from 1 test suite ran. (0 ms total)
[  PASSED  ] 1 test.
<end of output>
Test time =   0.02 sec
----------------------------------------------------------
Test Passed.
"ParserTest.SemanticMissingReturn" end time: Jul 01 05:35 中国标准时间
"ParserTest.SemanticMissingReturn" time elapsed: 00:00:00
----------------------------------------------------------

53/77 Testing: IRBuilderTest.SimpleReturn42
53/77 Test: IRBuilderTest.SimpleReturn42
Command: "E:/TOYC/artifacts/independent_audit/build_cpp/ir_builder_test.exe" "--gtest_filter=IRBuilderTest.SimpleReturn42" "--gtest_also_run_disabled_tests"
Directory: E:/TOYC/artifacts/independent_audit/build_cpp
"IRBuilderTest.SimpleReturn42" start time: Jul 01 05:35 中国标准时间
Output:
----------------------------------------------------------
Running main() from E:/TOYC/artifacts/independent_audit/build_cpp/_deps/googletest-src/googletest/src/gtest_main.cc
Note: Google Test filter = IRBuilderTest.SimpleReturn42
[==========] Running 1 test from 1 test suite.
[----------] Global test environment set-up.
[----------] 1 test from IRBuilderTest
[ RUN      ] IRBuilderTest.SimpleReturn42
[       OK ] IRBuilderTest.SimpleReturn42 (0 ms)
[----------] 1 test from IRBuilderTest (0 ms total)

[----------] Global test environment tear-down
[==========] 1 test from 1 test suite ran. (0 ms total)
[  PASSED  ] 1 test.
<end of output>
Test time =   0.08 sec
----------------------------------------------------------
Test Passed.
"IRBuilderTest.SimpleReturn42" end time: Jul 01 05:35 中国标准时间
"IRBuilderTest.SimpleReturn42" time elapsed: 00:00:00
----------------------------------------------------------

54/77 Testing: IRBuilderTest.ReturnZero
54/77 Test: IRBuilderTest.ReturnZero
Command: "E:/TOYC/artifacts/independent_audit/build_cpp/ir_builder_test.exe" "--gtest_filter=IRBuilderTest.ReturnZero" "--gtest_also_run_disabled_tests"
Directory: E:/TOYC/artifacts/independent_audit/build_cpp
"IRBuilderTest.ReturnZero" start time: Jul 01 05:35 中国标准时间
Output:
----------------------------------------------------------
Running main() from E:/TOYC/artifacts/independent_audit/build_cpp/_deps/googletest-src/googletest/src/gtest_main.cc
Note: Google Test filter = IRBuilderTest.ReturnZero
[==========] Running 1 test from 1 test suite.
[----------] Global test environment set-up.
[----------] 1 test from IRBuilderTest
[ RUN      ] IRBuilderTest.ReturnZero
[       OK ] IRBuilderTest.ReturnZero (0 ms)
[----------] 1 test from IRBuilderTest (0 ms total)

[----------] Global test environment tear-down
[==========] 1 test from 1 test suite ran. (0 ms total)
[  PASSED  ] 1 test.
<end of output>
Test time =   0.02 sec
----------------------------------------------------------
Test Passed.
"IRBuilderTest.ReturnZero" end time: Jul 01 05:35 中国标准时间
"IRBuilderTest.ReturnZero" time elapsed: 00:00:00
----------------------------------------------------------

55/77 Testing: IRBuilderTest.BinaryAdd
55/77 Test: IRBuilderTest.BinaryAdd
Command: "E:/TOYC/artifacts/independent_audit/build_cpp/ir_builder_test.exe" "--gtest_filter=IRBuilderTest.BinaryAdd" "--gtest_also_run_disabled_tests"
Directory: E:/TOYC/artifacts/independent_audit/build_cpp
"IRBuilderTest.BinaryAdd" start time: Jul 01 05:35 中国标准时间
Output:
----------------------------------------------------------
Running main() from E:/TOYC/artifacts/independent_audit/build_cpp/_deps/googletest-src/googletest/src/gtest_main.cc
Note: Google Test filter = IRBuilderTest.BinaryAdd
[==========] Running 1 test from 1 test suite.
[----------] Global test environment set-up.
[----------] 1 test from IRBuilderTest
[ RUN      ] IRBuilderTest.BinaryAdd
[       OK ] IRBuilderTest.BinaryAdd (0 ms)
[----------] 1 test from IRBuilderTest (0 ms total)

[----------] Global test environment tear-down
[==========] 1 test from 1 test suite ran. (0 ms total)
[  PASSED  ] 1 test.
<end of output>
Test time =   0.03 sec
----------------------------------------------------------
Test Passed.
"IRBuilderTest.BinaryAdd" end time: Jul 01 05:35 中国标准时间
"IRBuilderTest.BinaryAdd" time elapsed: 00:00:00
----------------------------------------------------------

56/77 Testing: IRBuilderTest.Compare
56/77 Test: IRBuilderTest.Compare
Command: "E:/TOYC/artifacts/independent_audit/build_cpp/ir_builder_test.exe" "--gtest_filter=IRBuilderTest.Compare" "--gtest_also_run_disabled_tests"
Directory: E:/TOYC/artifacts/independent_audit/build_cpp
"IRBuilderTest.Compare" start time: Jul 01 05:35 中国标准时间
Output:
----------------------------------------------------------
Running main() from E:/TOYC/artifacts/independent_audit/build_cpp/_deps/googletest-src/googletest/src/gtest_main.cc
Note: Google Test filter = IRBuilderTest.Compare
[==========] Running 1 test from 1 test suite.
[----------] Global test environment set-up.
[----------] 1 test from IRBuilderTest
[ RUN      ] IRBuilderTest.Compare
[       OK ] IRBuilderTest.Compare (0 ms)
[----------] 1 test from IRBuilderTest (0 ms total)

[----------] Global test environment tear-down
[==========] 1 test from 1 test suite ran. (0 ms total)
[  PASSED  ] 1 test.
<end of output>
Test time =   0.03 sec
----------------------------------------------------------
Test Passed.
"IRBuilderTest.Compare" end time: Jul 01 05:35 中国标准时间
"IRBuilderTest.Compare" time elapsed: 00:00:00
----------------------------------------------------------

57/77 Testing: IRBuilderTest.UnaryMinus
57/77 Test: IRBuilderTest.UnaryMinus
Command: "E:/TOYC/artifacts/independent_audit/build_cpp/ir_builder_test.exe" "--gtest_filter=IRBuilderTest.UnaryMinus" "--gtest_also_run_disabled_tests"
Directory: E:/TOYC/artifacts/independent_audit/build_cpp
"IRBuilderTest.UnaryMinus" start time: Jul 01 05:35 中国标准时间
Output:
----------------------------------------------------------
Running main() from E:/TOYC/artifacts/independent_audit/build_cpp/_deps/googletest-src/googletest/src/gtest_main.cc
Note: Google Test filter = IRBuilderTest.UnaryMinus
[==========] Running 1 test from 1 test suite.
[----------] Global test environment set-up.
[----------] 1 test from IRBuilderTest
[ RUN      ] IRBuilderTest.UnaryMinus
[       OK ] IRBuilderTest.UnaryMinus (0 ms)
[----------] 1 test from IRBuilderTest (0 ms total)

[----------] Global test environment tear-down
[==========] 1 test from 1 test suite ran. (0 ms total)
[  PASSED  ] 1 test.
<end of output>
Test time =   0.03 sec
----------------------------------------------------------
Test Passed.
"IRBuilderTest.UnaryMinus" end time: Jul 01 05:35 中国标准时间
"IRBuilderTest.UnaryMinus" time elapsed: 00:00:00
----------------------------------------------------------

58/77 Testing: IRBuilderTest.UnaryNot
58/77 Test: IRBuilderTest.UnaryNot
Command: "E:/TOYC/artifacts/independent_audit/build_cpp/ir_builder_test.exe" "--gtest_filter=IRBuilderTest.UnaryNot" "--gtest_also_run_disabled_tests"
Directory: E:/TOYC/artifacts/independent_audit/build_cpp
"IRBuilderTest.UnaryNot" start time: Jul 01 05:35 中国标准时间
Output:
----------------------------------------------------------
Running main() from E:/TOYC/artifacts/independent_audit/build_cpp/_deps/googletest-src/googletest/src/gtest_main.cc
Note: Google Test filter = IRBuilderTest.UnaryNot
[==========] Running 1 test from 1 test suite.
[----------] Global test environment set-up.
[----------] 1 test from IRBuilderTest
[ RUN      ] IRBuilderTest.UnaryNot
[       OK ] IRBuilderTest.UnaryNot (0 ms)
[----------] 1 test from IRBuilderTest (0 ms total)

[----------] Global test environment tear-down
[==========] 1 test from 1 test suite ran. (0 ms total)
[  PASSED  ] 1 test.
<end of output>
Test time =   0.02 sec
----------------------------------------------------------
Test Passed.
"IRBuilderTest.UnaryNot" end time: Jul 01 05:35 中国标准时间
"IRBuilderTest.UnaryNot" time elapsed: 00:00:00
----------------------------------------------------------

59/77 Testing: IRBuilderTest.PrinterStability
59/77 Test: IRBuilderTest.PrinterStability
Command: "E:/TOYC/artifacts/independent_audit/build_cpp/ir_builder_test.exe" "--gtest_filter=IRBuilderTest.PrinterStability" "--gtest_also_run_disabled_tests"
Directory: E:/TOYC/artifacts/independent_audit/build_cpp
"IRBuilderTest.PrinterStability" start time: Jul 01 05:35 中国标准时间
Output:
----------------------------------------------------------
Running main() from E:/TOYC/artifacts/independent_audit/build_cpp/_deps/googletest-src/googletest/src/gtest_main.cc
Note: Google Test filter = IRBuilderTest.PrinterStability
[==========] Running 1 test from 1 test suite.
[----------] Global test environment set-up.
[----------] 1 test from IRBuilderTest
[ RUN      ] IRBuilderTest.PrinterStability
[       OK ] IRBuilderTest.PrinterStability (0 ms)
[----------] 1 test from IRBuilderTest (0 ms total)

[----------] Global test environment tear-down
[==========] 1 test from 1 test suite ran. (0 ms total)
[  PASSED  ] 1 test.
<end of output>
Test time =   0.13 sec
----------------------------------------------------------
Test Passed.
"IRBuilderTest.PrinterStability" end time: Jul 01 05:35 中国标准时间
"IRBuilderTest.PrinterStability" time elapsed: 00:00:00
----------------------------------------------------------

60/77 Testing: IRBuilderTest.LogicalAnd
60/77 Test: IRBuilderTest.LogicalAnd
Command: "E:/TOYC/artifacts/independent_audit/build_cpp/ir_builder_test.exe" "--gtest_filter=IRBuilderTest.LogicalAnd" "--gtest_also_run_disabled_tests"
Directory: E:/TOYC/artifacts/independent_audit/build_cpp
"IRBuilderTest.LogicalAnd" start time: Jul 01 05:35 中国标准时间
Output:
----------------------------------------------------------
Running main() from E:/TOYC/artifacts/independent_audit/build_cpp/_deps/googletest-src/googletest/src/gtest_main.cc
Note: Google Test filter = IRBuilderTest.LogicalAnd
[==========] Running 1 test from 1 test suite.
[----------] Global test environment set-up.
[----------] 1 test from IRBuilderTest
[ RUN      ] IRBuilderTest.LogicalAnd
[       OK ] IRBuilderTest.LogicalAnd (0 ms)
[----------] 1 test from IRBuilderTest (0 ms total)

[----------] Global test environment tear-down
[==========] 1 test from 1 test suite ran. (0 ms total)
[  PASSED  ] 1 test.
<end of output>
Test time =   0.02 sec
----------------------------------------------------------
Test Passed.
"IRBuilderTest.LogicalAnd" end time: Jul 01 05:35 中国标准时间
"IRBuilderTest.LogicalAnd" time elapsed: 00:00:00
----------------------------------------------------------

61/77 Testing: IRBuilderTest.LogicalOr
61/77 Test: IRBuilderTest.LogicalOr
Command: "E:/TOYC/artifacts/independent_audit/build_cpp/ir_builder_test.exe" "--gtest_filter=IRBuilderTest.LogicalOr" "--gtest_also_run_disabled_tests"
Directory: E:/TOYC/artifacts/independent_audit/build_cpp
"IRBuilderTest.LogicalOr" start time: Jul 01 05:35 中国标准时间
Output:
----------------------------------------------------------
Running main() from E:/TOYC/artifacts/independent_audit/build_cpp/_deps/googletest-src/googletest/src/gtest_main.cc
Note: Google Test filter = IRBuilderTest.LogicalOr
[==========] Running 1 test from 1 test suite.
[----------] Global test environment set-up.
[----------] 1 test from IRBuilderTest
[ RUN      ] IRBuilderTest.LogicalOr
[       OK ] IRBuilderTest.LogicalOr (0 ms)
[----------] 1 test from IRBuilderTest (0 ms total)

[----------] Global test environment tear-down
[==========] 1 test from 1 test suite ran. (0 ms total)
[  PASSED  ] 1 test.
<end of output>
Test time =   0.03 sec
----------------------------------------------------------
Test Passed.
"IRBuilderTest.LogicalOr" end time: Jul 01 05:35 中国标准时间
"IRBuilderTest.LogicalOr" time elapsed: 00:00:00
----------------------------------------------------------

62/77 Testing: IRBuilderTest.ShortCircuitAndDivZero
62/77 Test: IRBuilderTest.ShortCircuitAndDivZero
Command: "E:/TOYC/artifacts/independent_audit/build_cpp/ir_builder_test.exe" "--gtest_filter=IRBuilderTest.ShortCircuitAndDivZero" "--gtest_also_run_disabled_tests"
Directory: E:/TOYC/artifacts/independent_audit/build_cpp
"IRBuilderTest.ShortCircuitAndDivZero" start time: Jul 01 05:35 中国标准时间
Output:
----------------------------------------------------------
Running main() from E:/TOYC/artifacts/independent_audit/build_cpp/_deps/googletest-src/googletest/src/gtest_main.cc
Note: Google Test filter = IRBuilderTest.ShortCircuitAndDivZero
[==========] Running 1 test from 1 test suite.
[----------] Global test environment set-up.
[----------] 1 test from IRBuilderTest
[ RUN      ] IRBuilderTest.ShortCircuitAndDivZero
[       OK ] IRBuilderTest.ShortCircuitAndDivZero (0 ms)
[----------] 1 test from IRBuilderTest (0 ms total)

[----------] Global test environment tear-down
[==========] 1 test from 1 test suite ran. (0 ms total)
[  PASSED  ] 1 test.
<end of output>
Test time =   0.03 sec
----------------------------------------------------------
Test Passed.
"IRBuilderTest.ShortCircuitAndDivZero" end time: Jul 01 05:35 中国标准时间
"IRBuilderTest.ShortCircuitAndDivZero" time elapsed: 00:00:00
----------------------------------------------------------

63/77 Testing: IRBuilderTest.ShortCircuitOrDivZero
63/77 Test: IRBuilderTest.ShortCircuitOrDivZero
Command: "E:/TOYC/artifacts/independent_audit/build_cpp/ir_builder_test.exe" "--gtest_filter=IRBuilderTest.ShortCircuitOrDivZero" "--gtest_also_run_disabled_tests"
Directory: E:/TOYC/artifacts/independent_audit/build_cpp
"IRBuilderTest.ShortCircuitOrDivZero" start time: Jul 01 05:35 中国标准时间
Output:
----------------------------------------------------------
Running main() from E:/TOYC/artifacts/independent_audit/build_cpp/_deps/googletest-src/googletest/src/gtest_main.cc
Note: Google Test filter = IRBuilderTest.ShortCircuitOrDivZero
[==========] Running 1 test from 1 test suite.
[----------] Global test environment set-up.
[----------] 1 test from IRBuilderTest
[ RUN      ] IRBuilderTest.ShortCircuitOrDivZero
[       OK ] IRBuilderTest.ShortCircuitOrDivZero (0 ms)
[----------] 1 test from IRBuilderTest (0 ms total)

[----------] Global test environment tear-down
[==========] 1 test from 1 test suite ran. (0 ms total)
[  PASSED  ] 1 test.
<end of output>
Test time =   0.02 sec
----------------------------------------------------------
Test Passed.
"IRBuilderTest.ShortCircuitOrDivZero" end time: Jul 01 05:35 中国标准时间
"IRBuilderTest.ShortCircuitOrDivZero" time elapsed: 00:00:00
----------------------------------------------------------

64/77 Testing: IRBuilderTest.VariableDeclaration
64/77 Test: IRBuilderTest.VariableDeclaration
Command: "E:/TOYC/artifacts/independent_audit/build_cpp/ir_builder_test.exe" "--gtest_filter=IRBuilderTest.VariableDeclaration" "--gtest_also_run_disabled_tests"
Directory: E:/TOYC/artifacts/independent_audit/build_cpp
"IRBuilderTest.VariableDeclaration" start time: Jul 01 05:35 中国标准时间
Output:
----------------------------------------------------------
Running main() from E:/TOYC/artifacts/independent_audit/build_cpp/_deps/googletest-src/googletest/src/gtest_main.cc
Note: Google Test filter = IRBuilderTest.VariableDeclaration
[==========] Running 1 test from 1 test suite.
[----------] Global test environment set-up.
[----------] 1 test from IRBuilderTest
[ RUN      ] IRBuilderTest.VariableDeclaration
[       OK ] IRBuilderTest.VariableDeclaration (0 ms)
[----------] 1 test from IRBuilderTest (0 ms total)

[----------] Global test environment tear-down
[==========] 1 test from 1 test suite ran. (0 ms total)
[  PASSED  ] 1 test.
<end of output>
Test time =   0.13 sec
----------------------------------------------------------
Test Passed.
"IRBuilderTest.VariableDeclaration" end time: Jul 01 05:35 中国标准时间
"IRBuilderTest.VariableDeclaration" time elapsed: 00:00:00
----------------------------------------------------------

65/77 Testing: IRBuilderTest.Assignment
65/77 Test: IRBuilderTest.Assignment
Command: "E:/TOYC/artifacts/independent_audit/build_cpp/ir_builder_test.exe" "--gtest_filter=IRBuilderTest.Assignment" "--gtest_also_run_disabled_tests"
Directory: E:/TOYC/artifacts/independent_audit/build_cpp
"IRBuilderTest.Assignment" start time: Jul 01 05:35 中国标准时间
Output:
----------------------------------------------------------
Running main() from E:/TOYC/artifacts/independent_audit/build_cpp/_deps/googletest-src/googletest/src/gtest_main.cc
Note: Google Test filter = IRBuilderTest.Assignment
[==========] Running 1 test from 1 test suite.
[----------] Global test environment set-up.
[----------] 1 test from IRBuilderTest
[ RUN      ] IRBuilderTest.Assignment
[       OK ] IRBuilderTest.Assignment (0 ms)
[----------] 1 test from IRBuilderTest (0 ms total)

[----------] Global test environment tear-down
[==========] 1 test from 1 test suite ran. (0 ms total)
[  PASSED  ] 1 test.
<end of output>
Test time =   0.03 sec
----------------------------------------------------------
Test Passed.
"IRBuilderTest.Assignment" end time: Jul 01 05:35 中国标准时间
"IRBuilderTest.Assignment" time elapsed: 00:00:00
----------------------------------------------------------

66/77 Testing: IRBuilderTest.IfElse
66/77 Test: IRBuilderTest.IfElse
Command: "E:/TOYC/artifacts/independent_audit/build_cpp/ir_builder_test.exe" "--gtest_filter=IRBuilderTest.IfElse" "--gtest_also_run_disabled_tests"
Directory: E:/TOYC/artifacts/independent_audit/build_cpp
"IRBuilderTest.IfElse" start time: Jul 01 05:35 中国标准时间
Output:
----------------------------------------------------------
Running main() from E:/TOYC/artifacts/independent_audit/build_cpp/_deps/googletest-src/googletest/src/gtest_main.cc
Note: Google Test filter = IRBuilderTest.IfElse
[==========] Running 1 test from 1 test suite.
[----------] Global test environment set-up.
[----------] 1 test from IRBuilderTest
[ RUN      ] IRBuilderTest.IfElse
[       OK ] IRBuilderTest.IfElse (0 ms)
[----------] 1 test from IRBuilderTest (0 ms total)

[----------] Global test environment tear-down
[==========] 1 test from 1 test suite ran. (0 ms total)
[  PASSED  ] 1 test.
<end of output>
Test time =   0.02 sec
----------------------------------------------------------
Test Passed.
"IRBuilderTest.IfElse" end time: Jul 01 05:35 中国标准时间
"IRBuilderTest.IfElse" time elapsed: 00:00:00
----------------------------------------------------------

67/77 Testing: IRBuilderTest.WhileLoop
67/77 Test: IRBuilderTest.WhileLoop
Command: "E:/TOYC/artifacts/independent_audit/build_cpp/ir_builder_test.exe" "--gtest_filter=IRBuilderTest.WhileLoop" "--gtest_also_run_disabled_tests"
Directory: E:/TOYC/artifacts/independent_audit/build_cpp
"IRBuilderTest.WhileLoop" start time: Jul 01 05:35 中国标准时间
Output:
----------------------------------------------------------
Running main() from E:/TOYC/artifacts/independent_audit/build_cpp/_deps/googletest-src/googletest/src/gtest_main.cc
Note: Google Test filter = IRBuilderTest.WhileLoop
[==========] Running 1 test from 1 test suite.
[----------] Global test environment set-up.
[----------] 1 test from IRBuilderTest
[ RUN      ] IRBuilderTest.WhileLoop
[       OK ] IRBuilderTest.WhileLoop (0 ms)
[----------] 1 test from IRBuilderTest (0 ms total)

[----------] Global test environment tear-down
[==========] 1 test from 1 test suite ran. (0 ms total)
[  PASSED  ] 1 test.
<end of output>
Test time =   0.02 sec
----------------------------------------------------------
Test Passed.
"IRBuilderTest.WhileLoop" end time: Jul 01 05:35 中国标准时间
"IRBuilderTest.WhileLoop" time elapsed: 00:00:00
----------------------------------------------------------

68/77 Testing: RiscvEmitterTest.SimpleReturn42
68/77 Test: RiscvEmitterTest.SimpleReturn42
Command: "E:/TOYC/artifacts/independent_audit/build_cpp/riscv_emitter_test.exe" "--gtest_filter=RiscvEmitterTest.SimpleReturn42" "--gtest_also_run_disabled_tests"
Directory: E:/TOYC/artifacts/independent_audit/build_cpp
"RiscvEmitterTest.SimpleReturn42" start time: Jul 01 05:35 中国标准时间
Output:
----------------------------------------------------------
Running main() from E:/TOYC/artifacts/independent_audit/build_cpp/_deps/googletest-src/googletest/src/gtest_main.cc
Note: Google Test filter = RiscvEmitterTest.SimpleReturn42
[==========] Running 1 test from 1 test suite.
[----------] Global test environment set-up.
[----------] 1 test from RiscvEmitterTest
[ RUN      ] RiscvEmitterTest.SimpleReturn42
[       OK ] RiscvEmitterTest.SimpleReturn42 (0 ms)
[----------] 1 test from RiscvEmitterTest (0 ms total)

[----------] Global test environment tear-down
[==========] 1 test from 1 test suite ran. (0 ms total)
[  PASSED  ] 1 test.
<end of output>
Test time =   0.02 sec
----------------------------------------------------------
Test Passed.
"RiscvEmitterTest.SimpleReturn42" end time: Jul 01 05:35 中国标准时间
"RiscvEmitterTest.SimpleReturn42" time elapsed: 00:00:00
----------------------------------------------------------

69/77 Testing: RiscvEmitterTest.ReturnZero
69/77 Test: RiscvEmitterTest.ReturnZero
Command: "E:/TOYC/artifacts/independent_audit/build_cpp/riscv_emitter_test.exe" "--gtest_filter=RiscvEmitterTest.ReturnZero" "--gtest_also_run_disabled_tests"
Directory: E:/TOYC/artifacts/independent_audit/build_cpp
"RiscvEmitterTest.ReturnZero" start time: Jul 01 05:35 中国标准时间
Output:
----------------------------------------------------------
Running main() from E:/TOYC/artifacts/independent_audit/build_cpp/_deps/googletest-src/googletest/src/gtest_main.cc
Note: Google Test filter = RiscvEmitterTest.ReturnZero
[==========] Running 1 test from 1 test suite.
[----------] Global test environment set-up.
[----------] 1 test from RiscvEmitterTest
[ RUN      ] RiscvEmitterTest.ReturnZero
[       OK ] RiscvEmitterTest.ReturnZero (0 ms)
[----------] 1 test from RiscvEmitterTest (0 ms total)

[----------] Global test environment tear-down
[==========] 1 test from 1 test suite ran. (0 ms total)
[  PASSED  ] 1 test.
<end of output>
Test time =   0.02 sec
----------------------------------------------------------
Test Passed.
"RiscvEmitterTest.ReturnZero" end time: Jul 01 05:35 中国标准时间
"RiscvEmitterTest.ReturnZero" time elapsed: 00:00:00
----------------------------------------------------------

70/77 Testing: RiscvEmitterTest.BinaryAdd
70/77 Test: RiscvEmitterTest.BinaryAdd
Command: "E:/TOYC/artifacts/independent_audit/build_cpp/riscv_emitter_test.exe" "--gtest_filter=RiscvEmitterTest.BinaryAdd" "--gtest_also_run_disabled_tests"
Directory: E:/TOYC/artifacts/independent_audit/build_cpp
"RiscvEmitterTest.BinaryAdd" start time: Jul 01 05:35 中国标准时间
Output:
----------------------------------------------------------
Running main() from E:/TOYC/artifacts/independent_audit/build_cpp/_deps/googletest-src/googletest/src/gtest_main.cc
Note: Google Test filter = RiscvEmitterTest.BinaryAdd
[==========] Running 1 test from 1 test suite.
[----------] Global test environment set-up.
[----------] 1 test from RiscvEmitterTest
[ RUN      ] RiscvEmitterTest.BinaryAdd
[       OK ] RiscvEmitterTest.BinaryAdd (0 ms)
[----------] 1 test from RiscvEmitterTest (0 ms total)

[----------] Global test environment tear-down
[==========] 1 test from 1 test suite ran. (0 ms total)
[  PASSED  ] 1 test.
<end of output>
Test time =   0.02 sec
----------------------------------------------------------
Test Passed.
"RiscvEmitterTest.BinaryAdd" end time: Jul 01 05:35 中国标准时间
"RiscvEmitterTest.BinaryAdd" time elapsed: 00:00:00
----------------------------------------------------------

71/77 Testing: RiscvEmitterTest.CompareLt
71/77 Test: RiscvEmitterTest.CompareLt
Command: "E:/TOYC/artifacts/independent_audit/build_cpp/riscv_emitter_test.exe" "--gtest_filter=RiscvEmitterTest.CompareLt" "--gtest_also_run_disabled_tests"
Directory: E:/TOYC/artifacts/independent_audit/build_cpp
"RiscvEmitterTest.CompareLt" start time: Jul 01 05:35 中国标准时间
Output:
----------------------------------------------------------
Running main() from E:/TOYC/artifacts/independent_audit/build_cpp/_deps/googletest-src/googletest/src/gtest_main.cc
Note: Google Test filter = RiscvEmitterTest.CompareLt
[==========] Running 1 test from 1 test suite.
[----------] Global test environment set-up.
[----------] 1 test from RiscvEmitterTest
[ RUN      ] RiscvEmitterTest.CompareLt
[       OK ] RiscvEmitterTest.CompareLt (0 ms)
[----------] 1 test from RiscvEmitterTest (0 ms total)

[----------] Global test environment tear-down
[==========] 1 test from 1 test suite ran. (0 ms total)
[  PASSED  ] 1 test.
<end of output>
Test time =   0.02 sec
----------------------------------------------------------
Test Passed.
"RiscvEmitterTest.CompareLt" end time: Jul 01 05:35 中国标准时间
"RiscvEmitterTest.CompareLt" time elapsed: 00:00:00
----------------------------------------------------------

72/77 Testing: RiscvEmitterTest.UnaryNeg
72/77 Test: RiscvEmitterTest.UnaryNeg
Command: "E:/TOYC/artifacts/independent_audit/build_cpp/riscv_emitter_test.exe" "--gtest_filter=RiscvEmitterTest.UnaryNeg" "--gtest_also_run_disabled_tests"
Directory: E:/TOYC/artifacts/independent_audit/build_cpp
"RiscvEmitterTest.UnaryNeg" start time: Jul 01 05:35 中国标准时间
Output:
----------------------------------------------------------
Running main() from E:/TOYC/artifacts/independent_audit/build_cpp/_deps/googletest-src/googletest/src/gtest_main.cc
Note: Google Test filter = RiscvEmitterTest.UnaryNeg
[==========] Running 1 test from 1 test suite.
[----------] Global test environment set-up.
[----------] 1 test from RiscvEmitterTest
[ RUN      ] RiscvEmitterTest.UnaryNeg
[       OK ] RiscvEmitterTest.UnaryNeg (0 ms)
[----------] 1 test from RiscvEmitterTest (0 ms total)

[----------] Global test environment tear-down
[==========] 1 test from 1 test suite ran. (0 ms total)
[  PASSED  ] 1 test.
<end of output>
Test time =   0.02 sec
----------------------------------------------------------
Test Passed.
"RiscvEmitterTest.UnaryNeg" end time: Jul 01 05:35 中国标准时间
"RiscvEmitterTest.UnaryNeg" time elapsed: 00:00:00
----------------------------------------------------------

73/77 Testing: RiscvEmitterTest.UnaryNot
73/77 Test: RiscvEmitterTest.UnaryNot
Command: "E:/TOYC/artifacts/independent_audit/build_cpp/riscv_emitter_test.exe" "--gtest_filter=RiscvEmitterTest.UnaryNot" "--gtest_also_run_disabled_tests"
Directory: E:/TOYC/artifacts/independent_audit/build_cpp
"RiscvEmitterTest.UnaryNot" start time: Jul 01 05:35 中国标准时间
Output:
----------------------------------------------------------
Running main() from E:/TOYC/artifacts/independent_audit/build_cpp/_deps/googletest-src/googletest/src/gtest_main.cc
Note: Google Test filter = RiscvEmitterTest.UnaryNot
[==========] Running 1 test from 1 test suite.
[----------] Global test environment set-up.
[----------] 1 test from RiscvEmitterTest
[ RUN      ] RiscvEmitterTest.UnaryNot
[       OK ] RiscvEmitterTest.UnaryNot (0 ms)
[----------] 1 test from RiscvEmitterTest (0 ms total)

[----------] Global test environment tear-down
[==========] 1 test from 1 test suite ran. (0 ms total)
[  PASSED  ] 1 test.
<end of output>
Test time =   0.02 sec
----------------------------------------------------------
Test Passed.
"RiscvEmitterTest.UnaryNot" end time: Jul 01 05:35 中国标准时间
"RiscvEmitterTest.UnaryNot" time elapsed: 00:00:00
----------------------------------------------------------

74/77 Testing: RiscvEmitterTest.HasTextSection
74/77 Test: RiscvEmitterTest.HasTextSection
Command: "E:/TOYC/artifacts/independent_audit/build_cpp/riscv_emitter_test.exe" "--gtest_filter=RiscvEmitterTest.HasTextSection" "--gtest_also_run_disabled_tests"
Directory: E:/TOYC/artifacts/independent_audit/build_cpp
"RiscvEmitterTest.HasTextSection" start time: Jul 01 05:35 中国标准时间
Output:
----------------------------------------------------------
Running main() from E:/TOYC/artifacts/independent_audit/build_cpp/_deps/googletest-src/googletest/src/gtest_main.cc
Note: Google Test filter = RiscvEmitterTest.HasTextSection
[==========] Running 1 test from 1 test suite.
[----------] Global test environment set-up.
[----------] 1 test from RiscvEmitterTest
[ RUN      ] RiscvEmitterTest.HasTextSection
[       OK ] RiscvEmitterTest.HasTextSection (0 ms)
[----------] 1 test from RiscvEmitterTest (0 ms total)

[----------] Global test environment tear-down
[==========] 1 test from 1 test suite ran. (0 ms total)
[  PASSED  ] 1 test.
<end of output>
Test time =   0.02 sec
----------------------------------------------------------
Test Passed.
"RiscvEmitterTest.HasTextSection" end time: Jul 01 05:35 中国标准时间
"RiscvEmitterTest.HasTextSection" time elapsed: 00:00:00
----------------------------------------------------------

75/77 Testing: RiscvEmitterTest.ReturnUsesA0
75/77 Test: RiscvEmitterTest.ReturnUsesA0
Command: "E:/TOYC/artifacts/independent_audit/build_cpp/riscv_emitter_test.exe" "--gtest_filter=RiscvEmitterTest.ReturnUsesA0" "--gtest_also_run_disabled_tests"
Directory: E:/TOYC/artifacts/independent_audit/build_cpp
"RiscvEmitterTest.ReturnUsesA0" start time: Jul 01 05:35 中国标准时间
Output:
----------------------------------------------------------
Running main() from E:/TOYC/artifacts/independent_audit/build_cpp/_deps/googletest-src/googletest/src/gtest_main.cc
Note: Google Test filter = RiscvEmitterTest.ReturnUsesA0
[==========] Running 1 test from 1 test suite.
[----------] Global test environment set-up.
[----------] 1 test from RiscvEmitterTest
[ RUN      ] RiscvEmitterTest.ReturnUsesA0
[       OK ] RiscvEmitterTest.ReturnUsesA0 (0 ms)
[----------] 1 test from RiscvEmitterTest (0 ms total)

[----------] Global test environment tear-down
[==========] 1 test from 1 test suite ran. (0 ms total)
[  PASSED  ] 1 test.
<end of output>
Test time =   0.03 sec
----------------------------------------------------------
Test Passed.
"RiscvEmitterTest.ReturnUsesA0" end time: Jul 01 05:35 中国标准时间
"RiscvEmitterTest.ReturnUsesA0" time elapsed: 00:00:00
----------------------------------------------------------

76/77 Testing: RiscvEmitterTest.ShortCircuitAnd
76/77 Test: RiscvEmitterTest.ShortCircuitAnd
Command: "E:/TOYC/artifacts/independent_audit/build_cpp/riscv_emitter_test.exe" "--gtest_filter=RiscvEmitterTest.ShortCircuitAnd" "--gtest_also_run_disabled_tests"
Directory: E:/TOYC/artifacts/independent_audit/build_cpp
"RiscvEmitterTest.ShortCircuitAnd" start time: Jul 01 05:35 中国标准时间
Output:
----------------------------------------------------------
Running main() from E:/TOYC/artifacts/independent_audit/build_cpp/_deps/googletest-src/googletest/src/gtest_main.cc
Note: Google Test filter = RiscvEmitterTest.ShortCircuitAnd
[==========] Running 1 test from 1 test suite.
[----------] Global test environment set-up.
[----------] 1 test from RiscvEmitterTest
[ RUN      ] RiscvEmitterTest.ShortCircuitAnd
[       OK ] RiscvEmitterTest.ShortCircuitAnd (0 ms)
[----------] 1 test from RiscvEmitterTest (0 ms total)

[----------] Global test environment tear-down
[==========] 1 test from 1 test suite ran. (0 ms total)
[  PASSED  ] 1 test.
<end of output>
Test time =   0.02 sec
----------------------------------------------------------
Test Passed.
"RiscvEmitterTest.ShortCircuitAnd" end time: Jul 01 05:35 中国标准时间
"RiscvEmitterTest.ShortCircuitAnd" time elapsed: 00:00:00
----------------------------------------------------------

77/77 Testing: RiscvEmitterTest.ShortCircuitOr
77/77 Test: RiscvEmitterTest.ShortCircuitOr
Command: "E:/TOYC/artifacts/independent_audit/build_cpp/riscv_emitter_test.exe" "--gtest_filter=RiscvEmitterTest.ShortCircuitOr" "--gtest_also_run_disabled_tests"
Directory: E:/TOYC/artifacts/independent_audit/build_cpp
"RiscvEmitterTest.ShortCircuitOr" start time: Jul 01 05:35 中国标准时间
Output:
----------------------------------------------------------
Running main() from E:/TOYC/artifacts/independent_audit/build_cpp/_deps/googletest-src/googletest/src/gtest_main.cc
Note: Google Test filter = RiscvEmitterTest.ShortCircuitOr
[==========] Running 1 test from 1 test suite.
[----------] Global test environment set-up.
[----------] 1 test from RiscvEmitterTest
[ RUN      ] RiscvEmitterTest.ShortCircuitOr
[       OK ] RiscvEmitterTest.ShortCircuitOr (0 ms)
[----------] 1 test from RiscvEmitterTest (0 ms total)

[----------] Global test environment tear-down
[==========] 1 test from 1 test suite ran. (0 ms total)
[  PASSED  ] 1 test.
<end of output>
Test time =   0.02 sec
----------------------------------------------------------
Test Passed.
"RiscvEmitterTest.ShortCircuitOr" end time: Jul 01 05:35 中国标准时间
"RiscvEmitterTest.ShortCircuitOr" time elapsed: 00:00:00
----------------------------------------------------------

End testing: Jul 01 05:35 中国标准时间
